<?xml version="1.0" encoding="UTF-8"?>
<coverage generated="1460291750526" clover="3.2.0">
	<project timestamp="1460291750526"  name="All Files" >
		<metrics statements="583"  coveredstatements="213"  conditionals="507"  coveredconditionals="184"  methods="234"  coveredmethods="74"  elements="1324"  coveredelements="471"  complexity="0"  packages="9"  files="22"  classes="22"  loc="1328"  ncloc="1328" />
		<package name="actions" >
			<metrics statements="45"  coveredstatements="16"  conditionals="18"  coveredconditionals="8"  methods="18"  coveredmethods="2" />
			<file name="AnswerActions.js"  path="/Users/abiodun/projects/andela_projects/Zhishi-Frontend/app/js/actions/AnswerActions.js" >
				<metrics statements="18"  coveredstatements="5"  conditionals="8"  coveredconditionals="4"  methods="8"  coveredmethods="1" />
				<line num="1"  count="3"  type="stmt" />
				<line num="5"  count="3"  type="stmt" />
				<line num="6"  count="6"  type="cond"  truecount="4"  falsecount="0" />
				<line num="8"  count="3"  type="stmt" />
				<line num="10"  count="0"  type="stmt" />
				<line num="11"  count="0"  type="stmt" />
				<line num="15"  count="0"  type="stmt" />
				<line num="22"  count="0"  type="stmt" />
				<line num="29"  count="0"  type="cond"  truecount="0"  falsecount="2" />
				<line num="30"  count="0"  type="stmt" />
				<line num="39"  count="0"  type="stmt" />
				<line num="47"  count="0"  type="stmt" />
				<line num="54"  count="0"  type="stmt" />
				<line num="55"  count="0"  type="stmt" />
				<line num="56"  count="0"  type="cond"  truecount="0"  falsecount="2" />
				<line num="57"  count="0"  type="stmt" />
				<line num="58"  count="0"  type="stmt" />
				<line num="59"  count="3"  type="stmt" />
			</file>
			<file name="CommentActions.js"  path="/Users/abiodun/projects/andela_projects/Zhishi-Frontend/app/js/actions/CommentActions.js" >
				<metrics statements="21"  coveredstatements="6"  conditionals="10"  coveredconditionals="4"  methods="9"  coveredmethods="1" />
				<line num="1"  count="2"  type="stmt" />
				<line num="5"  count="2"  type="stmt" />
				<line num="6"  count="2"  type="stmt" />
				<line num="7"  count="6"  type="cond"  truecount="4"  falsecount="0" />
				<line num="9"  count="2"  type="stmt" />
				<line num="12"  count="0"  type="stmt" />
				<line num="19"  count="0"  type="stmt" />
				<line num="20"  count="0"  type="stmt" />
				<line num="24"  count="0"  type="stmt" />
				<line num="31"  count="0"  type="stmt" />
				<line num="38"  count="0"  type="stmt" />
				<line num="45"  count="0"  type="stmt" />
				<line num="52"  count="0"  type="stmt" />
				<line num="60"  count="0"  type="stmt" />
				<line num="61"  count="0"  type="cond"  truecount="0"  falsecount="4" />
				<line num="62"  count="0"  type="stmt" />
				<line num="63"  count="0"  type="stmt" />
				<line num="64"  count="0"  type="cond"  truecount="0"  falsecount="2" />
				<line num="65"  count="0"  type="stmt" />
				<line num="66"  count="0"  type="stmt" />
				<line num="67"  count="2"  type="stmt" />
			</file>
			<file name="VoteActions.js"  path="/Users/abiodun/projects/andela_projects/Zhishi-Frontend/app/js/actions/VoteActions.js" >
				<metrics statements="6"  coveredstatements="5"  conditionals="0"  coveredconditionals="0"  methods="1"  coveredmethods="0" />
				<line num="1"  count="2"  type="stmt" />
				<line num="3"  count="2"  type="stmt" />
				<line num="4"  count="2"  type="stmt" />
				<line num="6"  count="2"  type="stmt" />
				<line num="10"  count="0"  type="stmt" />
				<line num="12"  count="2"  type="stmt" />
			</file>
		</package>
		<package name="components.answers" >
			<metrics statements="71"  coveredstatements="43"  conditionals="84"  coveredconditionals="43"  methods="30"  coveredmethods="21" />
			<file name="Index.react.js"  path="/Users/abiodun/projects/andela_projects/Zhishi-Frontend/app/js/components/answers/Index.react.js" >
				<metrics statements="29"  coveredstatements="29"  conditionals="39"  coveredconditionals="26"  methods="15"  coveredmethods="15" />
				<line num="1"  count="5"  type="cond"  truecount="5"  falsecount="3" />
				<line num="2"  count="1"  type="stmt" />
				<line num="3"  count="1"  type="stmt" />
				<line num="4"  count="1"  type="stmt" />
				<line num="7"  count="6"  type="cond"  truecount="14"  falsecount="9" />
				<line num="9"  count="1"  type="stmt" />
				<line num="10"  count="7"  type="cond"  truecount="2"  falsecount="0" />
				<line num="12"  count="5"  type="stmt" />
				<line num="16"  count="2"  type="stmt" />
				<line num="17"  count="1"  type="stmt" />
				<line num="22"  count="1"  type="stmt" />
				<line num="23"  count="6"  type="stmt" />
				<line num="25"  count="6"  type="stmt" />
				<line num="29"  count="6"  type="stmt" />
				<line num="30"  count="6"  type="stmt" />
				<line num="33"  count="1"  type="stmt" />
				<line num="34"  count="1"  type="stmt" />
				<line num="38"  count="1"  type="stmt" />
				<line num="43"  count="1"  type="stmt" />
				<line num="45"  count="1"  type="stmt" />
				<line num="49"  count="6"  type="stmt" />
				<line num="50"  count="6"  type="cond"  truecount="1"  falsecount="1" />
				<line num="51"  count="6"  type="stmt" />
				<line num="52"  count="6"  type="stmt" />
				<line num="53"  count="5"  type="stmt" />
				<line num="59"  count="6"  type="cond"  truecount="2"  falsecount="0" />
				<line num="60"  count="6"  type="stmt" />
				<line num="69"  count="1"  type="stmt" />
				<line num="76"  count="1"  type="stmt" />
			</file>
			<file name="Show.react.js"  path="/Users/abiodun/projects/andela_projects/Zhishi-Frontend/app/js/components/answers/Show.react.js" >
				<metrics statements="42"  coveredstatements="14"  conditionals="45"  coveredconditionals="17"  methods="15"  coveredmethods="6" />
				<line num="1"  count="10"  type="cond"  truecount="5"  falsecount="3" />
				<line num="2"  count="2"  type="stmt" />
				<line num="3"  count="2"  type="stmt" />
				<line num="4"  count="2"  type="stmt" />
				<line num="5"  count="2"  type="stmt" />
				<line num="6"  count="2"  type="stmt" />
				<line num="7"  count="2"  type="stmt" />
				<line num="8"  count="16"  type="cond"  truecount="10"  falsecount="13" />
				<line num="11"  count="2"  type="stmt" />
				<line num="12"  count="2"  type="stmt" />
				<line num="13"  count="2"  type="stmt" />
				<line num="17"  count="0"  type="stmt" />
				<line num="18"  count="0"  type="stmt" />
				<line num="19"  count="0"  type="stmt" />
				<line num="20"  count="0"  type="stmt" />
				<line num="25"  count="0"  type="stmt" />
				<line num="26"  count="0"  type="stmt" />
				<line num="27"  count="0"  type="stmt" />
				<line num="28"  count="0"  type="stmt" />
				<line num="29"  count="0"  type="cond"  truecount="0"  falsecount="2" />
				<line num="30"  count="0"  type="stmt" />
				<line num="31"  count="0"  type="stmt" />
				<line num="33"  count="0"  type="stmt" />
				<line num="38"  count="0"  type="stmt" />
				<line num="39"  count="0"  type="stmt" />
				<line num="40"  count="0"  type="stmt" />
				<line num="41"  count="0"  type="stmt" />
				<line num="45"  count="0"  type="stmt" />
				<line num="46"  count="0"  type="stmt" />
				<line num="50"  count="0"  type="cond"  truecount="0"  falsecount="2" />
				<line num="51"  count="0"  type="cond"  truecount="0"  falsecount="2" />
				<line num="52"  count="0"  type="stmt" />
				<line num="53"  count="0"  type="stmt" />
				<line num="54"  count="0"  type="stmt" />
				<line num="55"  count="0"  type="stmt" />
				<line num="56"  count="0"  type="stmt" />
				<line num="57"  count="0"  type="cond"  truecount="0"  falsecount="2" />
				<line num="58"  count="0"  type="stmt" />
				<line num="59"  count="1"  type="stmt" />
				<line num="61"  count="1"  type="stmt" />
				<line num="62"  count="0"  type="stmt" />
				<line num="98"  count="2"  type="stmt" />
			</file>
		</package>
		<package name="components.comments" >
			<metrics statements="106"  coveredstatements="47"  conditionals="150"  coveredconditionals="67"  methods="55"  coveredmethods="24" />
			<file name="Form.react.js"  path="/Users/abiodun/projects/andela_projects/Zhishi-Frontend/app/js/components/comments/Form.react.js" >
				<metrics statements="23"  coveredstatements="7"  conditionals="35"  coveredconditionals="15"  methods="12"  coveredmethods="6" />
				<line num="1"  count="4"  type="cond"  truecount="5"  falsecount="3" />
				<line num="2"  count="2"  type="stmt" />
				<line num="3"  count="6"  type="cond"  truecount="10"  falsecount="13" />
				<line num="5"  count="2"  type="stmt" />
				<line num="6"  count="2"  type="stmt" />
				<line num="7"  count="2"  type="stmt" />
				<line num="11"  count="0"  type="stmt" />
				<line num="12"  count="0"  type="stmt" />
				<line num="13"  count="0"  type="stmt" />
				<line num="14"  count="0"  type="stmt" />
				<line num="15"  count="0"  type="stmt" />
				<line num="16"  count="0"  type="cond"  truecount="0"  falsecount="2" />
				<line num="17"  count="0"  type="stmt" />
				<line num="18"  count="0"  type="stmt" />
				<line num="19"  count="0"  type="stmt" />
				<line num="21"  count="0"  type="stmt" />
				<line num="22"  count="0"  type="stmt" />
				<line num="23"  count="0"  type="stmt" />
				<line num="25"  count="0"  type="stmt" />
				<line num="26"  count="0"  type="stmt" />
				<line num="33"  count="0"  type="cond"  truecount="0"  falsecount="2" />
				<line num="34"  count="0"  type="stmt" />
				<line num="39"  count="2"  type="stmt" />
			</file>
			<file name="Index.react.js"  path="/Users/abiodun/projects/andela_projects/Zhishi-Frontend/app/js/components/comments/Index.react.js" >
				<metrics statements="28"  coveredstatements="14"  conditionals="37"  coveredconditionals="18"  methods="14"  coveredmethods="6" />
				<line num="1"  count="12"  type="cond"  truecount="8"  falsecount="0" />
				<line num="2"  count="3"  type="stmt" />
				<line num="3"  count="3"  type="stmt" />
				<line num="4"  count="3"  type="stmt" />
				<line num="5"  count="3"  type="stmt" />
				<line num="6"  count="3"  type="stmt" />
				<line num="7"  count="21"  type="cond"  truecount="10"  falsecount="13" />
				<line num="10"  count="2"  type="stmt" />
				<line num="11"  count="0"  type="stmt" />
				<line num="12"  count="0"  type="cond"  truecount="0"  falsecount="2" />
				<line num="13"  count="0"  type="stmt" />
				<line num="15"  count="0"  type="cond"  truecount="0"  falsecount="2" />
				<line num="20"  count="3"  type="stmt" />
				<line num="24"  count="3"  type="stmt" />
				<line num="25"  count="2"  type="stmt" />
				<line num="27"  count="3"  type="stmt" />
				<line num="31"  count="0"  type="stmt" />
				<line num="34"  count="0"  type="stmt" />
				<line num="37"  count="0"  type="stmt" />
				<line num="41"  count="0"  type="stmt" />
				<line num="42"  count="0"  type="stmt" />
				<line num="43"  count="0"  type="cond"  truecount="0"  falsecount="2" />
				<line num="44"  count="0"  type="stmt" />
				<line num="45"  count="0"  type="stmt" />
				<line num="46"  count="0"  type="stmt" />
				<line num="52"  count="0"  type="stmt" />
				<line num="57"  count="3"  type="stmt" />
				<line num="62"  count="3"  type="stmt" />
			</file>
			<file name="New.react.js"  path="/Users/abiodun/projects/andela_projects/Zhishi-Frontend/app/js/components/comments/New.react.js" >
				<metrics statements="19"  coveredstatements="12"  conditionals="33"  coveredconditionals="15"  methods="15"  coveredmethods="6" />
				<line num="1"  count="10"  type="cond"  truecount="5"  falsecount="3" />
				<line num="2"  count="2"  type="stmt" />
				<line num="3"  count="2"  type="stmt" />
				<line num="4"  count="2"  type="stmt" />
				<line num="5"  count="10"  type="cond"  truecount="10"  falsecount="13" />
				<line num="7"  count="2"  type="stmt" />
				<line num="8"  count="0"  type="stmt" />
				<line num="9"  count="2"  type="stmt" />
				<line num="14"  count="2"  type="stmt" />
				<line num="15"  count="2"  type="stmt" />
				<line num="17"  count="2"  type="stmt" />
				<line num="21"  count="0"  type="stmt" />
				<line num="25"  count="0"  type="stmt" />
				<line num="29"  count="0"  type="stmt" />
				<line num="33"  count="0"  type="stmt" />
				<line num="34"  count="0"  type="stmt" />
				<line num="41"  count="0"  type="cond"  truecount="0"  falsecount="2" />
				<line num="42"  count="1"  type="stmt" />
				<line num="44"  count="2"  type="stmt" />
			</file>
			<file name="Show.react.js"  path="/Users/abiodun/projects/andela_projects/Zhishi-Frontend/app/js/components/comments/Show.react.js" >
				<metrics statements="36"  coveredstatements="14"  conditionals="45"  coveredconditionals="19"  methods="14"  coveredmethods="6" />
				<line num="1"  count="10"  type="cond"  truecount="5"  falsecount="3" />
				<line num="2"  count="2"  type="stmt" />
				<line num="3"  count="2"  type="stmt" />
				<line num="4"  count="2"  type="stmt" />
				<line num="5"  count="2"  type="stmt" />
				<line num="6"  count="2"  type="stmt" />
				<line num="7"  count="2"  type="stmt" />
				<line num="8"  count="16"  type="cond"  truecount="10"  falsecount="13" />
				<line num="10"  count="2"  type="stmt" />
				<line num="11"  count="2"  type="stmt" />
				<line num="12"  count="2"  type="stmt" />
				<line num="16"  count="0"  type="stmt" />
				<line num="20"  count="0"  type="stmt" />
				<line num="21"  count="0"  type="stmt" />
				<line num="22"  count="0"  type="cond"  truecount="0"  falsecount="2" />
				<line num="23"  count="0"  type="stmt" />
				<line num="24"  count="0"  type="stmt" />
				<line num="28"  count="0"  type="stmt" />
				<line num="29"  count="0"  type="stmt" />
				<line num="30"  count="0"  type="stmt" />
				<line num="34"  count="0"  type="stmt" />
				<line num="35"  count="0"  type="stmt" />
				<line num="39"  count="0"  type="cond"  truecount="0"  falsecount="2" />
				<line num="40"  count="0"  type="cond"  truecount="0"  falsecount="2" />
				<line num="41"  count="0"  type="cond"  truecount="0"  falsecount="2" />
				<line num="42"  count="0"  type="stmt" />
				<line num="43"  count="0"  type="stmt" />
				<line num="44"  count="0"  type="stmt" />
				<line num="45"  count="0"  type="stmt" />
				<line num="46"  count="0"  type="stmt" />
				<line num="47"  count="0"  type="cond"  truecount="0"  falsecount="2" />
				<line num="48"  count="0"  type="stmt" />
				<line num="49"  count="1"  type="stmt" />
				<line num="51"  count="1"  type="cond"  truecount="2"  falsecount="0" />
				<line num="53"  count="0"  type="stmt" />
				<line num="70"  count="2"  type="stmt" />
			</file>
		</package>
		<package name="components.layouts" >
			<metrics statements="42"  coveredstatements="19"  conditionals="97"  coveredconditionals="44"  methods="36"  coveredmethods="18" />
			<file name="CommentVotes.react.js"  path="/Users/abiodun/projects/andela_projects/Zhishi-Frontend/app/js/components/layouts/CommentVotes.react.js" >
				<metrics statements="14"  coveredstatements="7"  conditionals="33"  coveredconditionals="15"  methods="12"  coveredmethods="6" />
				<line num="1"  count="4"  type="cond"  truecount="5"  falsecount="3" />
				<line num="2"  count="2"  type="stmt" />
				<line num="3"  count="6"  type="cond"  truecount="10"  falsecount="13" />
				<line num="6"  count="2"  type="stmt" />
				<line num="7"  count="2"  type="stmt" />
				<line num="8"  count="2"  type="stmt" />
				<line num="12"  count="0"  type="stmt" />
				<line num="13"  count="0"  type="stmt" />
				<line num="14"  count="0"  type="stmt" />
				<line num="15"  count="0"  type="stmt" />
				<line num="16"  count="0"  type="stmt" />
				<line num="21"  count="0"  type="cond"  truecount="0"  falsecount="2" />
				<line num="22"  count="0"  type="stmt" />
				<line num="26"  count="2"  type="stmt" />
			</file>
			<file name="ShareButton.react.js"  path="/Users/abiodun/projects/andela_projects/Zhishi-Frontend/app/js/components/layouts/ShareButton.react.js" >
				<metrics statements="15"  coveredstatements="5"  conditionals="31"  coveredconditionals="14"  methods="12"  coveredmethods="6" />
				<line num="1"  count="8"  type="cond"  truecount="14"  falsecount="17" />
				<line num="3"  count="4"  type="stmt" />
				<line num="4"  count="2"  type="stmt" />
				<line num="5"  count="4"  type="stmt" />
				<line num="10"  count="0"  type="stmt" />
				<line num="11"  count="0"  type="stmt" />
				<line num="12"  count="0"  type="stmt" />
				<line num="13"  count="0"  type="stmt" />
				<line num="18"  count="0"  type="stmt" />
				<line num="19"  count="0"  type="stmt" />
				<line num="20"  count="0"  type="stmt" />
				<line num="21"  count="0"  type="stmt" />
				<line num="22"  count="0"  type="stmt" />
				<line num="23"  count="0"  type="stmt" />
				<line num="24"  count="4"  type="stmt" />
			</file>
			<file name="Votes.react.js"  path="/Users/abiodun/projects/andela_projects/Zhishi-Frontend/app/js/components/layouts/Votes.react.js" >
				<metrics statements="13"  coveredstatements="7"  conditionals="33"  coveredconditionals="15"  methods="12"  coveredmethods="6" />
				<line num="1"  count="6"  type="cond"  truecount="5"  falsecount="3" />
				<line num="2"  count="3"  type="stmt" />
				<line num="3"  count="9"  type="cond"  truecount="10"  falsecount="13" />
				<line num="6"  count="3"  type="stmt" />
				<line num="7"  count="2"  type="stmt" />
				<line num="8"  count="3"  type="stmt" />
				<line num="12"  count="0"  type="stmt" />
				<line num="13"  count="0"  type="stmt" />
				<line num="14"  count="0"  type="stmt" />
				<line num="15"  count="0"  type="stmt" />
				<line num="16"  count="0"  type="stmt" />
				<line num="21"  count="0"  type="stmt" />
				<line num="25"  count="3"  type="stmt" />
			</file>
		</package>
		<package name="config" >
			<metrics statements="2"  coveredstatements="2"  conditionals="0"  coveredconditionals="0"  methods="0"  coveredmethods="0" />
			<file name="CookieVariables.js"  path="/Users/abiodun/projects/andela_projects/Zhishi-Frontend/app/js/config/CookieVariables.js" >
				<metrics statements="1"  coveredstatements="1"  conditionals="0"  coveredconditionals="0"  methods="0"  coveredmethods="0" />
				<line num="3"  count="2"  type="stmt" />
			</file>
			<file name="environment.js"  path="/Users/abiodun/projects/andela_projects/Zhishi-Frontend/app/js/config/environment.js" >
				<metrics statements="1"  coveredstatements="1"  conditionals="0"  coveredconditionals="0"  methods="0"  coveredmethods="0" />
				<line num="1"  count="2"  type="stmt" />
			</file>
		</package>
		<package name="constants" >
			<metrics statements="2"  coveredstatements="2"  conditionals="0"  coveredconditionals="0"  methods="0"  coveredmethods="0" />
			<file name="ZhishiConstants.js"  path="/Users/abiodun/projects/andela_projects/Zhishi-Frontend/app/js/constants/ZhishiConstants.js" >
				<metrics statements="2"  coveredstatements="2"  conditionals="0"  coveredconditionals="0"  methods="0"  coveredmethods="0" />
				<line num="1"  count="2"  type="stmt" />
				<line num="3"  count="2"  type="stmt" />
			</file>
		</package>
		<package name="dispatcher" >
			<metrics statements="2"  coveredstatements="2"  conditionals="0"  coveredconditionals="0"  methods="0"  coveredmethods="0" />
			<file name="AppDispatcher.js"  path="/Users/abiodun/projects/andela_projects/Zhishi-Frontend/app/js/dispatcher/AppDispatcher.js" >
				<metrics statements="2"  coveredstatements="2"  conditionals="0"  coveredconditionals="0"  methods="0"  coveredmethods="0" />
				<line num="14"  count="2"  type="stmt" />
				<line num="16"  count="2"  type="stmt" />
			</file>
		</package>
		<package name="stores" >
			<metrics statements="237"  coveredstatements="70"  conditionals="113"  coveredconditionals="14"  methods="72"  coveredmethods="7" />
			<file name="AnswerStore.js"  path="/Users/abiodun/projects/andela_projects/Zhishi-Frontend/app/js/stores/AnswerStore.js" >
				<metrics statements="47"  coveredstatements="15"  conditionals="20"  coveredconditionals="4"  methods="13"  coveredmethods="3" />
				<line num="1"  count="5"  type="stmt" />
				<line num="5"  count="5"  type="stmt" />
				<line num="6"  count="10"  type="cond"  truecount="4"  falsecount="0" />
				<line num="9"  count="5"  type="stmt" />
				<line num="11"  count="5"  type="stmt" />
				<line num="13"  count="5"  type="stmt" />
				<line num="14"  count="0"  type="stmt" />
				<line num="15"  count="0"  type="stmt" />
				<line num="18"  count="5"  type="stmt" />
				<line num="19"  count="0"  type="stmt" />
				<line num="22"  count="5"  type="stmt" />
				<line num="23"  count="0"  type="stmt" />
				<line num="26"  count="5"  type="stmt" />
				<line num="27"  count="0"  type="stmt" />
				<line num="30"  count="5"  type="stmt" />
				<line num="31"  count="0"  type="stmt" />
				<line num="34"  count="5"  type="stmt" />
				<line num="37"  count="0"  type="stmt" />
				<line num="41"  count="1"  type="stmt" />
				<line num="45"  count="0"  type="stmt" />
				<line num="49"  count="0"  type="stmt" />
				<line num="53"  count="6"  type="stmt" />
				<line num="57"  count="0"  type="stmt" />
				<line num="62"  count="5"  type="stmt" />
				<line num="63"  count="0"  type="stmt" />
				<line num="65"  count="0"  type="cond"  truecount="0"  falsecount="6" />
				<line num="68"  count="0"  type="cond"  truecount="0"  falsecount="2" />
				<line num="69"  count="0"  type="stmt" />
				<line num="70"  count="0"  type="stmt" />
				<line num="72"  count="0"  type="stmt" />
				<line num="75"  count="0"  type="cond"  truecount="0"  falsecount="2" />
				<line num="76"  count="0"  type="stmt" />
				<line num="77"  count="0"  type="stmt" />
				<line num="79"  count="0"  type="stmt" />
				<line num="88"  count="0"  type="cond"  truecount="0"  falsecount="2" />
				<line num="89"  count="0"  type="stmt" />
				<line num="90"  count="0"  type="stmt" />
				<line num="92"  count="0"  type="stmt" />
				<line num="95"  count="0"  type="cond"  truecount="0"  falsecount="2" />
				<line num="96"  count="0"  type="stmt" />
				<line num="97"  count="0"  type="stmt" />
				<line num="99"  count="0"  type="stmt" />
				<line num="102"  count="0"  type="cond"  truecount="0"  falsecount="2" />
				<line num="103"  count="0"  type="stmt" />
				<line num="104"  count="0"  type="stmt" />
				<line num="106"  count="0"  type="stmt" />
				<line num="110"  count="5"  type="stmt" />
			</file>
			<file name="AuthStore.js"  path="/Users/abiodun/projects/andela_projects/Zhishi-Frontend/app/js/stores/AuthStore.js" >
				<metrics statements="56"  coveredstatements="19"  conditionals="21"  coveredconditionals="3"  methods="19"  coveredmethods="1" />
				<line num="1"  count="6"  type="cond"  truecount="3"  falsecount="1" />
				<line num="2"  count="6"  type="stmt" />
				<line num="3"  count="6"  type="stmt" />
				<line num="4"  count="6"  type="stmt" />
				<line num="5"  count="6"  type="stmt" />
				<line num="7"  count="6"  type="stmt" />
				<line num="9"  count="6"  type="stmt" />
				<line num="12"  count="2"  type="stmt" />
				<line num="13"  count="0"  type="stmt" />
				<line num="16"  count="2"  type="stmt" />
				<line num="17"  count="0"  type="stmt" />
				<line num="18"  count="0"  type="cond"  truecount="0"  falsecount="2" />
				<line num="19"  count="0"  type="cond"  truecount="0"  falsecount="2" />
				<line num="23"  count="2"  type="stmt" />
				<line num="24"  count="0"  type="cond"  truecount="0"  falsecount="2" />
				<line num="27"  count="2"  type="stmt" />
				<line num="28"  count="0"  type="stmt" />
				<line num="31"  count="2"  type="stmt" />
				<line num="32"  count="0"  type="stmt" />
				<line num="35"  count="2"  type="stmt" />
				<line num="36"  count="0"  type="stmt" />
				<line num="39"  count="2"  type="stmt" />
				<line num="40"  count="0"  type="stmt" />
				<line num="41"  count="0"  type="stmt" />
				<line num="45"  count="2"  type="stmt" />
				<line num="46"  count="0"  type="stmt" />
				<line num="47"  count="0"  type="stmt" />
				<line num="51"  count="2"  type="stmt" />
				<line num="52"  count="0"  type="stmt" />
				<line num="53"  count="0"  type="stmt" />
				<line num="54"  count="0"  type="stmt" />
				<line num="57"  count="6"  type="stmt" />
				<line num="60"  count="0"  type="stmt" />
				<line num="63"  count="0"  type="cond"  truecount="0"  falsecount="2" />
				<line num="66"  count="0"  type="stmt" />
				<line num="69"  count="0"  type="stmt" />
				<line num="70"  count="0"  type="stmt" />
				<line num="71"  count="0"  type="stmt" />
				<line num="75"  count="0"  type="stmt" />
				<line num="79"  count="0"  type="stmt" />
				<line num="83"  count="0"  type="stmt" />
				<line num="87"  count="0"  type="stmt" />
				<line num="91"  count="6"  type="stmt" />
				<line num="92"  count="0"  type="cond"  truecount="0"  falsecount="5" />
				<line num="95"  count="0"  type="stmt" />
				<line num="96"  count="0"  type="stmt" />
				<line num="97"  count="0"  type="stmt" />
				<line num="100"  count="0"  type="cond"  truecount="0"  falsecount="4" />
				<line num="101"  count="0"  type="stmt" />
				<line num="103"  count="0"  type="stmt" />
				<line num="106"  count="0"  type="stmt" />
				<line num="107"  count="0"  type="stmt" />
				<line num="108"  count="0"  type="stmt" />
				<line num="111"  count="0"  type="stmt" />
				<line num="112"  count="0"  type="stmt" />
				<line num="119"  count="6"  type="stmt" />
			</file>
			<file name="CommentStore.js"  path="/Users/abiodun/projects/andela_projects/Zhishi-Frontend/app/js/stores/CommentStore.js" >
				<metrics statements="68"  coveredstatements="18"  conditionals="42"  coveredconditionals="4"  methods="19"  coveredmethods="1" />
				<line num="1"  count="2"  type="stmt" />
				<line num="5"  count="2"  type="stmt" />
				<line num="6"  count="4"  type="cond"  truecount="4"  falsecount="0" />
				<line num="9"  count="2"  type="stmt" />
				<line num="11"  count="2"  type="stmt" />
				<line num="13"  count="2"  type="stmt" />
				<line num="14"  count="0"  type="stmt" />
				<line num="15"  count="0"  type="stmt" />
				<line num="18"  count="2"  type="stmt" />
				<line num="19"  count="1"  type="stmt" />
				<line num="22"  count="2"  type="stmt" />
				<line num="23"  count="0"  type="stmt" />
				<line num="24"  count="0"  type="stmt" />
				<line num="27"  count="2"  type="stmt" />
				<line num="28"  count="0"  type="stmt" />
				<line num="31"  count="2"  type="stmt" />
				<line num="32"  count="0"  type="stmt" />
				<line num="35"  count="2"  type="stmt" />
				<line num="36"  count="0"  type="stmt" />
				<line num="37"  count="0"  type="stmt" />
				<line num="38"  count="0"  type="stmt" />
				<line num="41"  count="2"  type="stmt" />
				<line num="42"  count="0"  type="stmt" />
				<line num="45"  count="2"  type="stmt" />
				<line num="46"  count="0"  type="stmt" />
				<line num="49"  count="2"  type="stmt" />
				<line num="50"  count="0"  type="stmt" />
				<line num="54"  count="2"  type="stmt" />
				<line num="57"  count="0"  type="cond"  truecount="0"  falsecount="2" />
				<line num="61"  count="0"  type="cond"  truecount="0"  falsecount="2" />
				<line num="65"  count="0"  type="cond"  truecount="0"  falsecount="4" />
				<line num="69"  count="0"  type="stmt" />
				<line num="73"  count="0"  type="stmt" />
				<line num="77"  count="0"  type="stmt" />
				<line num="81"  count="0"  type="stmt" />
				<line num="86"  count="2"  type="stmt" />
				<line num="87"  count="0"  type="stmt" />
				<line num="89"  count="0"  type="cond"  truecount="0"  falsecount="8" />
				<line num="92"  count="0"  type="cond"  truecount="0"  falsecount="4" />
				<line num="93"  count="0"  type="stmt" />
				<line num="94"  count="0"  type="stmt" />
				<line num="95"  count="0"  type="stmt" />
				<line num="97"  count="0"  type="stmt" />
				<line num="100"  count="0"  type="cond"  truecount="0"  falsecount="4" />
				<line num="101"  count="0"  type="stmt" />
				<line num="102"  count="0"  type="stmt" />
				<line num="104"  count="0"  type="stmt" />
				<line num="114"  count="0"  type="cond"  truecount="0"  falsecount="2" />
				<line num="115"  count="0"  type="stmt" />
				<line num="116"  count="0"  type="stmt" />
				<line num="118"  count="0"  type="stmt" />
				<line num="121"  count="0"  type="cond"  truecount="0"  falsecount="2" />
				<line num="122"  count="0"  type="stmt" />
				<line num="123"  count="0"  type="stmt" />
				<line num="125"  count="0"  type="stmt" />
				<line num="129"  count="0"  type="cond"  truecount="0"  falsecount="4" />
				<line num="130"  count="0"  type="stmt" />
				<line num="132"  count="0"  type="stmt" />
				<line num="133"  count="0"  type="stmt" />
				<line num="136"  count="0"  type="cond"  truecount="0"  falsecount="4" />
				<line num="137"  count="0"  type="stmt" />
				<line num="139"  count="0"  type="stmt" />
				<line num="140"  count="0"  type="stmt" />
				<line num="143"  count="0"  type="cond"  truecount="0"  falsecount="2" />
				<line num="144"  count="0"  type="stmt" />
				<line num="145"  count="0"  type="stmt" />
				<line num="147"  count="0"  type="stmt" />
				<line num="151"  count="2"  type="stmt" />
			</file>
			<file name="QuestionStore.js"  path="/Users/abiodun/projects/andela_projects/Zhishi-Frontend/app/js/stores/QuestionStore.js" >
				<metrics statements="66"  coveredstatements="18"  conditionals="30"  coveredconditionals="3"  methods="21"  coveredmethods="2" />
				<line num="5"  count="5"  type="stmt" />
				<line num="6"  count="10"  type="cond"  truecount="3"  falsecount="1" />
				<line num="8"  count="5"  type="stmt" />
				<line num="10"  count="5"  type="stmt" />
				<line num="13"  count="5"  type="stmt" />
				<line num="14"  count="0"  type="cond"  truecount="0"  falsecount="4" />
				<line num="15"  count="0"  type="stmt" />
				<line num="19"  count="5"  type="stmt" />
				<line num="20"  count="0"  type="cond"  truecount="0"  falsecount="2" />
				<line num="21"  count="0"  type="stmt" />
				<line num="25"  count="5"  type="stmt" />
				<line num="26"  count="0"  type="stmt" />
				<line num="29"  count="5"  type="stmt" />
				<line num="30"  count="0"  type="stmt" />
				<line num="31"  count="0"  type="stmt" />
				<line num="34"  count="5"  type="stmt" />
				<line num="35"  count="0"  type="stmt" />
				<line num="38"  count="5"  type="stmt" />
				<line num="39"  count="0"  type="stmt" />
				<line num="40"  count="1"  type="stmt" />
				<line num="41"  count="0"  type="stmt" />
				<line num="42"  count="0"  type="stmt" />
				<line num="45"  count="5"  type="stmt" />
				<line num="46"  count="0"  type="stmt" />
				<line num="47"  count="1"  type="stmt" />
				<line num="48"  count="0"  type="stmt" />
				<line num="51"  count="5"  type="stmt" />
				<line num="52"  count="0"  type="stmt" />
				<line num="56"  count="5"  type="stmt" />
				<line num="59"  count="0"  type="stmt" />
				<line num="63"  count="0"  type="cond"  truecount="0"  falsecount="2" />
				<line num="64"  count="0"  type="stmt" />
				<line num="68"  count="0"  type="stmt" />
				<line num="72"  count="0"  type="stmt" />
				<line num="73"  count="0"  type="stmt" />
				<line num="77"  count="0"  type="stmt" />
				<line num="81"  count="0"  type="stmt" />
				<line num="85"  count="0"  type="stmt" />
				<line num="89"  count="6"  type="stmt" />
				<line num="93"  count="0"  type="stmt" />
				<line num="98"  count="5"  type="stmt" />
				<line num="99"  count="0"  type="stmt" />
				<line num="101"  count="0"  type="cond"  truecount="0"  falsecount="6" />
				<line num="104"  count="0"  type="cond"  truecount="0"  falsecount="2" />
				<line num="105"  count="0"  type="stmt" />
				<line num="106"  count="0"  type="stmt" />
				<line num="108"  count="0"  type="stmt" />
				<line num="110"  count="0"  type="stmt" />
				<line num="111"  count="0"  type="stmt" />
				<line num="114"  count="0"  type="stmt" />
				<line num="115"  count="0"  type="stmt" />
				<line num="116"  count="0"  type="stmt" />
				<line num="119"  count="0"  type="cond"  truecount="0"  falsecount="2" />
				<line num="120"  count="0"  type="stmt" />
				<line num="121"  count="0"  type="stmt" />
				<line num="123"  count="0"  type="stmt" />
				<line num="126"  count="0"  type="cond"  truecount="0"  falsecount="2" />
				<line num="127"  count="0"  type="cond"  truecount="0"  falsecount="2" />
				<line num="128"  count="0"  type="stmt" />
				<line num="129"  count="0"  type="stmt" />
				<line num="131"  count="0"  type="stmt" />
				<line num="134"  count="0"  type="cond"  truecount="0"  falsecount="4" />
				<line num="135"  count="0"  type="stmt" />
				<line num="136"  count="0"  type="stmt" />
				<line num="138"  count="0"  type="stmt" />
				<line num="145"  count="5"  type="stmt" />
			</file>
		</package>
		<package name="utils" >
			<metrics statements="76"  coveredstatements="12"  conditionals="45"  coveredconditionals="8"  methods="23"  coveredmethods="2" />
			<file name="Common.js"  path="/Users/abiodun/projects/andela_projects/Zhishi-Frontend/app/js/utils/Common.js" >
				<metrics statements="50"  coveredstatements="6"  conditionals="29"  coveredconditionals="5"  methods="17"  coveredmethods="1" />
				<line num="1"  count="16"  type="stmt" />
				<line num="2"  count="16"  type="stmt" />
				<line num="3"  count="32"  type="cond"  truecount="3"  falsecount="1" />
				<line num="5"  count="16"  type="stmt" />
				<line num="7"  count="0"  type="stmt" />
				<line num="33"  count="0"  type="stmt" />
				<line num="44"  count="0"  type="stmt" />
				<line num="48"  count="0"  type="stmt" />
				<line num="49"  count="1"  type="cond"  truecount="2"  falsecount="0" />
				<line num="50"  count="0"  type="stmt" />
				<line num="54"  count="0"  type="cond"  truecount="0"  falsecount="2" />
				<line num="55"  count="0"  type="stmt" />
				<line num="56"  count="0"  type="cond"  truecount="0"  falsecount="2" />
				<line num="57"  count="0"  type="stmt" />
				<line num="61"  count="0"  type="stmt" />
				<line num="62"  count="0"  type="stmt" />
				<line num="63"  count="0"  type="stmt" />
				<line num="64"  count="0"  type="cond"  truecount="0"  falsecount="2" />
				<line num="65"  count="0"  type="stmt" />
				<line num="67"  count="0"  type="stmt" />
				<line num="68"  count="0"  type="stmt" />
				<line num="72"  count="0"  type="stmt" />
				<line num="76"  count="0"  type="stmt" />
				<line num="77"  count="0"  type="stmt" />
				<line num="78"  count="0"  type="stmt" />
				<line num="79"  count="0"  type="stmt" />
				<line num="80"  count="0"  type="stmt" />
				<line num="84"  count="0"  type="cond"  truecount="0"  falsecount="2" />
				<line num="85"  count="0"  type="stmt" />
				<line num="86"  count="0"  type="cond"  truecount="0"  falsecount="2" />
				<line num="87"  count="0"  type="stmt" />
				<line num="88"  count="0"  type="stmt" />
				<line num="89"  count="0"  type="stmt" />
				<line num="90"  count="0"  type="stmt" />
				<line num="96"  count="0"  type="stmt" />
				<line num="97"  count="0"  type="stmt" />
				<line num="98"  count="0"  type="stmt" />
				<line num="99"  count="0"  type="stmt" />
				<line num="100"  count="0"  type="cond"  truecount="0"  falsecount="2" />
				<line num="101"  count="0"  type="stmt" />
				<line num="102"  count="0"  type="stmt" />
				<line num="107"  count="0"  type="cond"  truecount="0"  falsecount="7" />
				<line num="111"  count="0"  type="stmt" />
				<line num="116"  count="0"  type="stmt" />
				<line num="117"  count="0"  type="cond"  truecount="0"  falsecount="2" />
				<line num="118"  count="0"  type="stmt" />
				<line num="119"  count="0"  type="cond"  truecount="0"  falsecount="2" />
				<line num="120"  count="0"  type="stmt" />
				<line num="121"  count="0"  type="stmt" />
				<line num="122"  count="16"  type="stmt" />
			</file>
			<file name="webAPI.js"  path="/Users/abiodun/projects/andela_projects/Zhishi-Frontend/app/js/utils/webAPI.js" >
				<metrics statements="26"  coveredstatements="6"  conditionals="16"  coveredconditionals="3"  methods="6"  coveredmethods="1" />
				<line num="1"  count="6"  type="cond"  truecount="3"  falsecount="1" />
				<line num="3"  count="6"  type="stmt" />
				<line num="4"  count="6"  type="stmt" />
				<line num="6"  count="6"  type="stmt" />
				<line num="8"  count="6"  type="stmt" />
				<line num="11"  count="0"  type="stmt" />
				<line num="12"  count="0"  type="stmt" />
				<line num="13"  count="0"  type="stmt" />
				<line num="14"  count="0"  type="stmt" />
				<line num="15"  count="0"  type="cond"  truecount="0"  falsecount="2" />
				<line num="16"  count="0"  type="stmt" />
				<line num="17"  count="0"  type="stmt" />
				<line num="19"  count="0"  type="stmt" />
				<line num="23"  count="0"  type="stmt" />
				<line num="24"  count="0"  type="cond"  truecount="0"  falsecount="2" />
				<line num="25"  count="0"  type="cond"  truecount="0"  falsecount="2" />
				<line num="28"  count="0"  type="cond"  truecount="0"  falsecount="2" />
				<line num="30"  count="0"  type="stmt" />
				<line num="37"  count="0"  type="cond"  truecount="0"  falsecount="2" />
				<line num="38"  count="0"  type="stmt" />
				<line num="42"  count="0"  type="stmt" />
				<line num="45"  count="0"  type="stmt" />
				<line num="46"  count="0"  type="stmt" />
				<line num="49"  count="0"  type="cond"  truecount="0"  falsecount="2" />
				<line num="50"  count="0"  type="stmt" />
				<line num="56"  count="6"  type="stmt" />
			</file>
		</package>
	</project>
</coverage>
