{
"/Users/abiodun/projects/andela_projects/Zhishi-Frontend/app/js/components/answers/Show.react.js":{"path":"/Users/abiodun/projects/andela_projects/Zhishi-Frontend/app/js/components/answers/Show.react.js","s":{"1":2,"2":2,"3":2,"4":2,"5":10,"6":10,"7":10,"8":10,"9":10,"10":10,"11":2,"12":2,"13":2,"14":2,"15":0,"16":2,"17":2,"18":2,"19":2,"20":2,"21":2,"22":2,"23":2,"24":2,"25":2,"26":2,"27":2,"28":2,"29":2,"30":2,"31":2,"32":2,"33":2,"34":16,"35":2,"36":0,"37":0,"38":2,"39":0,"40":0,"41":0,"42":2,"43":2,"44":0,"45":2,"46":2,"47":2,"48":2,"49":2,"50":2,"51":0,"52":0,"53":2,"54":0,"55":0,"56":0,"57":0,"58":0,"59":0,"60":0,"61":0,"62":0,"63":0,"64":0,"65":0,"66":0,"67":0,"68":0,"69":0,"70":0,"71":0,"72":0,"73":0,"74":0,"75":0,"76":0,"77":0,"78":0,"79":0,"80":0,"81":0,"82":0,"83":0,"84":2,"85":2},"b":{"1":[10,10],"2":[10,0],"3":[2,0],"4":[0,2],"5":[8,8],"6":[16,16],"7":[0,0],"8":[0,0],"9":[0,0],"10":[0,0,0],"11":[0,2],"12":[2,0],"13":[2,2],"14":[2,0],"15":[2,0],"16":[0,0],"17":[0,0],"18":[0,0],"19":[0,0],"20":[0,0],"21":[0,0],"22":[0,0]},"f":{"1":2,"2":2,"3":2,"4":16,"5":0,"6":0,"7":2,"8":2,"9":0,"10":0,"11":0,"12":0,"13":0,"14":0,"15":0},"fnMap":{"1":{"name":"(anonymous_1)","line":1,"loc":{"start":{"line":1,"column":118},"end":{"line":1,"column":130}}},"2":{"name":"defineProperties","line":1,"loc":{"start":{"line":1,"column":131},"end":{"line":1,"column":172}}},"3":{"name":"(anonymous_3)","line":1,"loc":{"start":{"line":1,"column":446},"end":{"line":1,"column":494}}},"4":{"name":"_interopRequireDefault","line":8,"loc":{"start":{"line":8,"column":165},"end":{"line":8,"column":202}}},"5":{"name":"_classCallCheck","line":8,"loc":{"start":{"line":8,"column":258},"end":{"line":8,"column":306}}},"6":{"name":"_possibleConstructorReturn","line":8,"loc":{"start":{"line":8,"column":407},"end":{"line":8,"column":455}}},"7":{"name":"_inherits","line":8,"loc":{"start":{"line":8,"column":642},"end":{"line":8,"column":683}}},"8":{"name":"(anonymous_8)","line":11,"loc":{"start":{"line":11,"column":13},"end":{"line":11,"column":41}}},"9":{"name":"AllAnswers","line":12,"loc":{"start":{"line":12,"column":2},"end":{"line":12,"column":38}}},"10":{"name":"componentDidMount","line":13,"loc":{"start":{"line":13,"column":74},"end":{"line":16,"column":4}}},"11":{"name":"(anonymous_11)","line":19,"loc":{"start":{"line":19,"column":30},"end":{"line":19,"column":42}}},"12":{"name":"editAnswer","line":20,"loc":{"start":{"line":20,"column":84},"end":{"line":24,"column":11}}},"13":{"name":"saveAnswerEdit","line":33,"loc":{"start":{"line":33,"column":93},"end":{"line":37,"column":31}}},"14":{"name":"questionData","line":41,"loc":{"start":{"line":41,"column":107},"end":{"line":44,"column":4}}},"15":{"name":"render","line":46,"loc":{"start":{"line":46,"column":60},"end":{"line":49,"column":4}}}},"statementMap":{"1":{"start":{"line":1,"column":37},"end":{"line":1,"column":99},"skip":true},"2":{"start":{"line":1,"column":99},"end":{"line":1,"column":648}},"3":{"start":{"line":1,"column":131},"end":{"line":1,"column":439}},"4":{"start":{"line":1,"column":173},"end":{"line":1,"column":438}},"5":{"start":{"line":1,"column":213},"end":{"line":1,"column":239}},"6":{"start":{"line":1,"column":239},"end":{"line":1,"column":294}},"7":{"start":{"line":1,"column":294},"end":{"line":1,"column":325}},"8":{"start":{"line":1,"column":325},"end":{"line":1,"column":379}},"9":{"start":{"line":1,"column":352},"end":{"line":1,"column":379}},"10":{"start":{"line":1,"column":379},"end":{"line":1,"column":437}},"11":{"start":{"line":1,"column":439},"end":{"line":1,"column":644}},"12":{"start":{"line":1,"column":495},"end":{"line":1,"column":563}},"13":{"start":{"line":1,"column":511},"end":{"line":1,"column":563}},"14":{"start":{"line":1,"column":563},"end":{"line":1,"column":623}},"15":{"start":{"line":1,"column":580},"end":{"line":1,"column":623}},"16":{"start":{"line":1,"column":623},"end":{"line":1,"column":642}},"17":{"start":{"line":1,"column":648},"end":{"line":1,"column":702}},"18":{"start":{"line":1,"column":727},"end":{"line":1,"column":772}},"19":{"start":{"line":2,"column":0},"end":{"line":2,"column":87}},"20":{"start":{"line":2,"column":112},"end":{"line":2,"column":173}},"21":{"start":{"line":3,"column":0},"end":{"line":3,"column":71}},"22":{"start":{"line":3,"column":96},"end":{"line":3,"column":143}},"23":{"start":{"line":4,"column":0},"end":{"line":4,"column":78}},"24":{"start":{"line":4,"column":103},"end":{"line":4,"column":156}},"25":{"start":{"line":5,"column":0},"end":{"line":5,"column":71}},"26":{"start":{"line":5,"column":96},"end":{"line":5,"column":141}},"27":{"start":{"line":6,"column":0},"end":{"line":6,"column":80}},"28":{"start":{"line":6,"column":105},"end":{"line":6,"column":160}},"29":{"start":{"line":7,"column":0},"end":{"line":7,"column":68}},"30":{"start":{"line":7,"column":93},"end":{"line":7,"column":140}},"31":{"start":{"line":8,"column":0},"end":{"line":8,"column":83}},"32":{"start":{"line":8,"column":108},"end":{"line":8,"column":165}},"33":{"start":{"line":8,"column":165},"end":{"line":8,"column":258}},"34":{"start":{"line":8,"column":203},"end":{"line":8,"column":257}},"35":{"start":{"line":8,"column":258},"end":{"line":8,"column":407}},"36":{"start":{"line":8,"column":307},"end":{"line":8,"column":406}},"37":{"start":{"line":8,"column":348},"end":{"line":8,"column":405}},"38":{"start":{"line":8,"column":407},"end":{"line":8,"column":642}},"39":{"start":{"line":8,"column":456},"end":{"line":8,"column":555}},"40":{"start":{"line":8,"column":468},"end":{"line":8,"column":554}},"41":{"start":{"line":8,"column":555},"end":{"line":8,"column":641}},"42":{"start":{"line":8,"column":642},"end":{"line":8,"column":1130}},"43":{"start":{"line":8,"column":684},"end":{"line":8,"column":847}},"44":{"start":{"line":8,"column":746},"end":{"line":8,"column":846}},"45":{"start":{"line":8,"column":847},"end":{"line":8,"column":1011}},"46":{"start":{"line":8,"column":1011},"end":{"line":8,"column":1129}},"47":{"start":{"line":8,"column":1027},"end":{"line":8,"column":1129}},"48":{"start":{"line":8,"column":1130},"end":{"line":98,"column":266}},"49":{"start":{"line":11,"column":42},"end":{"line":11,"column":82}},"50":{"start":{"line":12,"column":2},"end":{"line":13,"column":13}},"51":{"start":{"line":12,"column":63},"end":{"line":12,"column":97}},"52":{"start":{"line":12,"column":122},"end":{"line":13,"column":12}},"53":{"start":{"line":13,"column":13},"end":{"line":98,"column":194}},"54":{"start":{"line":17,"column":6},"end":{"line":17,"column":32}},"55":{"start":{"line":18,"column":6},"end":{"line":18,"column":36}},"56":{"start":{"line":19,"column":6},"end":{"line":20,"column":51}},"57":{"start":{"line":20,"column":8},"end":{"line":20,"column":48}},"58":{"start":{"line":25,"column":6},"end":{"line":25,"column":29}},"59":{"start":{"line":26,"column":6},"end":{"line":26,"column":34}},"60":{"start":{"line":27,"column":6},"end":{"line":27,"column":56}},"61":{"start":{"line":28,"column":6},"end":{"line":28,"column":38}},"62":{"start":{"line":29,"column":6},"end":{"line":33,"column":56}},"63":{"start":{"line":30,"column":8},"end":{"line":30,"column":69}},"64":{"start":{"line":31,"column":32},"end":{"line":31,"column":105}},"65":{"start":{"line":33,"column":8},"end":{"line":33,"column":55}},"66":{"start":{"line":38,"column":6},"end":{"line":38,"column":62}},"67":{"start":{"line":39,"column":6},"end":{"line":39,"column":28}},"68":{"start":{"line":40,"column":30},"end":{"line":40,"column":238}},"69":{"start":{"line":41,"column":30},"end":{"line":41,"column":72}},"70":{"start":{"line":45,"column":6},"end":{"line":45,"column":59}},"71":{"start":{"line":46,"column":6},"end":{"line":46,"column":31}},"72":{"start":{"line":50,"column":6},"end":{"line":50,"column":43}},"73":{"start":{"line":51,"column":6},"end":{"line":51,"column":35}},"74":{"start":{"line":52,"column":6},"end":{"line":52,"column":86}},"75":{"start":{"line":53,"column":6},"end":{"line":53,"column":111}},"76":{"start":{"line":54,"column":6},"end":{"line":54,"column":52}},"77":{"start":{"line":55,"column":6},"end":{"line":55,"column":72}},"78":{"start":{"line":56,"column":6},"end":{"line":56,"column":133}},"79":{"start":{"line":57,"column":6},"end":{"line":59,"column":205}},"80":{"start":{"line":58,"column":8},"end":{"line":58,"column":347}},"81":{"start":{"line":59,"column":8},"end":{"line":59,"column":204},"skip":true},"82":{"start":{"line":61,"column":6},"end":{"line":61,"column":112},"skip":true},"83":{"start":{"line":62,"column":6},"end":{"line":98,"column":188}},"84":{"start":{"line":98,"column":194},"end":{"line":98,"column":212}},"85":{"start":{"line":98,"column":291},"end":{"line":104,"column":11}}},"branchMap":{"1":{"line":1,"type":"binary-expr","locations":[{"start":{"line":1,"column":263},"end":{"line":1,"column":284}},{"start":{"line":1,"column":288},"end":{"line":1,"column":293}}]},"2":{"line":1,"type":"if","locations":[{"start":{"line":1,"column":325},"end":{"line":1,"column":325}},{"start":{"line":1,"column":325},"end":{"line":1,"column":325}}]},"3":{"line":1,"type":"if","locations":[{"start":{"line":1,"column":495},"end":{"line":1,"column":495}},{"start":{"line":1,"column":495},"end":{"line":1,"column":495}}]},"4":{"line":1,"type":"if","locations":[{"start":{"line":1,"column":563},"end":{"line":1,"column":563}},{"start":{"line":1,"column":563},"end":{"line":1,"column":563}}]},"5":{"line":8,"type":"cond-expr","locations":[{"start":{"line":8,"column":234},"end":{"line":8,"column":237}},{"start":{"line":8,"column":240},"end":{"line":8,"column":256}}]},"6":{"line":8,"type":"binary-expr","locations":[{"start":{"line":8,"column":210},"end":{"line":8,"column":213}},{"start":{"line":8,"column":217},"end":{"line":8,"column":231}}]},"7":{"line":8,"type":"if","locations":[{"start":{"line":8,"column":307},"end":{"line":8,"column":307}},{"start":{"line":8,"column":307},"end":{"line":8,"column":307}}]},"8":{"line":8,"type":"if","locations":[{"start":{"line":8,"column":456},"end":{"line":8,"column":456}},{"start":{"line":8,"column":456},"end":{"line":8,"column":456}}]},"9":{"line":8,"type":"cond-expr","locations":[{"start":{"line":8,"column":629},"end":{"line":8,"column":633}},{"start":{"line":8,"column":636},"end":{"line":8,"column":640}}]},"10":{"line":8,"type":"binary-expr","locations":[{"start":{"line":8,"column":562},"end":{"line":8,"column":566}},{"start":{"line":8,"column":571},"end":{"line":8,"column":595}},{"start":{"line":8,"column":599},"end":{"line":8,"column":625}}]},"11":{"line":8,"type":"if","locations":[{"start":{"line":8,"column":684},"end":{"line":8,"column":684}},{"start":{"line":8,"column":684},"end":{"line":8,"column":684}}]},"12":{"line":8,"type":"binary-expr","locations":[{"start":{"line":8,"column":688},"end":{"line":8,"column":720}},{"start":{"line":8,"column":724},"end":{"line":8,"column":743}}]},"13":{"line":8,"type":"binary-expr","locations":[{"start":{"line":8,"column":882},"end":{"line":8,"column":892}},{"start":{"line":8,"column":896},"end":{"line":8,"column":916}}]},"14":{"line":8,"type":"if","locations":[{"start":{"line":8,"column":1011},"end":{"line":8,"column":1011}},{"start":{"line":8,"column":1011},"end":{"line":8,"column":1011}}]},"15":{"line":8,"type":"cond-expr","locations":[{"start":{"line":8,"column":1051},"end":{"line":8,"column":1094}},{"start":{"line":8,"column":1097},"end":{"line":8,"column":1128}}]},"16":{"line":29,"type":"if","locations":[{"start":{"line":29,"column":6},"end":{"line":29,"column":6}},{"start":{"line":29,"column":6},"end":{"line":29,"column":6}}]},"17":{"line":50,"type":"binary-expr","locations":[{"start":{"line":50,"column":19},"end":{"line":50,"column":36}},{"start":{"line":50,"column":40},"end":{"line":50,"column":42}}]},"18":{"line":51,"type":"binary-expr","locations":[{"start":{"line":51,"column":17},"end":{"line":51,"column":28}},{"start":{"line":51,"column":32},"end":{"line":51,"column":34}}]},"19":{"line":57,"type":"if","locations":[{"start":{"line":57,"column":6},"end":{"line":57,"column":6}},{"start":{"line":57,"column":6},"end":{"line":57,"column":6}}]},"20":{"line":78,"type":"binary-expr","locations":[{"start":{"line":78,"column":8},"end":{"line":78,"column":34},"skip":true},{"start":{"line":78,"column":38},"end":{"line":78,"column":50},"skip":true}]},"21":{"line":86,"type":"binary-expr","locations":[{"start":{"line":86,"column":8},"end":{"line":86,"column":19}},{"start":{"line":86,"column":23},"end":{"line":86,"column":24}}]},"22":{"line":93,"type":"binary-expr","locations":[{"start":{"line":93,"column":125},"end":{"line":93,"column":135}},{"start":{"line":93,"column":139},"end":{"line":93,"column":164}}]}},"l":{"1":10,"2":2,"3":2,"4":2,"5":2,"6":2,"7":2,"8":16,"11":2,"12":2,"13":2,"17":0,"18":0,"19":0,"20":0,"25":0,"26":0,"27":0,"28":0,"29":0,"30":0,"31":0,"33":0,"38":0,"39":0,"40":0,"41":0,"45":0,"46":0,"50":0,"51":0,"52":0,"53":0,"54":0,"55":0,"56":0,"57":0,"58":0,"59":1,"61":1,"62":0,"98":2}},
"/Users/abiodun/projects/andela_projects/Zhishi-Frontend/app/js/actions/AnswerActions.js":{"path":"/Users/abiodun/projects/andela_projects/Zhishi-Frontend/app/js/actions/AnswerActions.js","s":{"1":3,"2":3,"3":3,"4":3,"5":3,"6":2,"7":6,"8":3,"9":3,"10":3,"11":3,"12":0,"13":0,"14":0,"15":0,"16":0,"17":0,"18":0,"19":0,"20":0,"21":0,"22":0,"23":0,"24":0,"25":0,"26":3},"b":{"1":[3,3],"2":[6,6],"3":[0,0],"4":[0,0]},"f":{"1":6,"2":0,"3":0,"4":0,"5":0,"6":0,"7":0,"8":0},"fnMap":{"1":{"name":"_interopRequireDefault","line":6,"loc":{"start":{"line":6,"column":169},"end":{"line":6,"column":206}}},"2":{"name":"createAnswer","line":9,"loc":{"start":{"line":9,"column":16},"end":{"line":9,"column":70}}},"3":{"name":"receiveTopAnswers","line":14,"loc":{"start":{"line":14,"column":21},"end":{"line":14,"column":78}}},"4":{"name":"receiveAnswers","line":21,"loc":{"start":{"line":21,"column":18},"end":{"line":21,"column":72}}},"5":{"name":"receiveAnswer","line":28,"loc":{"start":{"line":28,"column":17},"end":{"line":28,"column":72}}},"6":{"name":"editAnswer","line":38,"loc":{"start":{"line":38,"column":14},"end":{"line":38,"column":64}}},"7":{"name":"updateVote","line":46,"loc":{"start":{"line":46,"column":14},"end":{"line":46,"column":64}}},"8":{"name":"sendAnswersToSlack","line":53,"loc":{"start":{"line":53,"column":22},"end":{"line":53,"column":82}}}},"statementMap":{"1":{"start":{"line":1,"column":37},"end":{"line":1,"column":99},"skip":true},"2":{"start":{"line":5,"column":0},"end":{"line":5,"column":68}},"3":{"start":{"line":5,"column":93},"end":{"line":5,"column":140}},"4":{"start":{"line":6,"column":0},"end":{"line":6,"column":83}},"5":{"start":{"line":6,"column":108},"end":{"line":6,"column":169}},"6":{"start":{"line":6,"column":169},"end":{"line":6,"column":262}},"7":{"start":{"line":6,"column":207},"end":{"line":6,"column":261}},"8":{"start":{"line":6,"column":262},"end":{"line":6,"column":280}},"9":{"start":{"line":6,"column":280},"end":{"line":6,"column":339}},"10":{"start":{"line":6,"column":339},"end":{"line":6,"column":401}},"11":{"start":{"line":8,"column":0},"end":{"line":59,"column":189}},"12":{"start":{"line":10,"column":4},"end":{"line":10,"column":45}},"13":{"start":{"line":11,"column":4},"end":{"line":11,"column":40}},"14":{"start":{"line":15,"column":4},"end":{"line":17,"column":20}},"15":{"start":{"line":22,"column":4},"end":{"line":24,"column":20}},"16":{"start":{"line":29,"column":4},"end":{"line":32,"column":25}},"17":{"start":{"line":30,"column":6},"end":{"line":32,"column":24}},"18":{"start":{"line":39,"column":4},"end":{"line":41,"column":20}},"19":{"start":{"line":47,"column":4},"end":{"line":49,"column":20}},"20":{"start":{"line":54,"column":4},"end":{"line":54,"column":67}},"21":{"start":{"line":55,"column":4},"end":{"line":55,"column":99}},"22":{"start":{"line":56,"column":4},"end":{"line":59,"column":185}},"23":{"start":{"line":57,"column":6},"end":{"line":57,"column":164}},"24":{"start":{"line":58,"column":6},"end":{"line":58,"column":186}},"25":{"start":{"line":59,"column":30},"end":{"line":59,"column":184}},"26":{"start":{"line":59,"column":214},"end":{"line":64,"column":14}}},"branchMap":{"1":{"line":6,"type":"cond-expr","locations":[{"start":{"line":6,"column":238},"end":{"line":6,"column":241}},{"start":{"line":6,"column":244},"end":{"line":6,"column":260}}]},"2":{"line":6,"type":"binary-expr","locations":[{"start":{"line":6,"column":214},"end":{"line":6,"column":217}},{"start":{"line":6,"column":221},"end":{"line":6,"column":235}}]},"3":{"line":29,"type":"if","locations":[{"start":{"line":29,"column":4},"end":{"line":29,"column":4}},{"start":{"line":29,"column":4},"end":{"line":29,"column":4}}]},"4":{"line":56,"type":"if","locations":[{"start":{"line":56,"column":4},"end":{"line":56,"column":4}},{"start":{"line":56,"column":4},"end":{"line":56,"column":4}}]}},"l":{"1":3,"5":3,"6":6,"8":3,"10":0,"11":0,"15":0,"22":0,"29":0,"30":0,"39":0,"47":0,"54":0,"55":0,"56":0,"57":0,"58":0,"59":3}},
"/Users/abiodun/projects/andela_projects/Zhishi-Frontend/app/js/utils/Common.js":{"path":"/Users/abiodun/projects/andela_projects/Zhishi-Frontend/app/js/utils/Common.js","s":{"1":16,"2":16,"3":16,"4":16,"5":16,"6":2,"7":32,"8":16,"9":16,"10":0,"11":0,"12":0,"13":0,"14":0,"15":0,"16":0,"17":0,"18":0,"19":0,"20":0,"21":0,"22":0,"23":0,"24":0,"25":0,"26":0,"27":0,"28":0,"29":0,"30":0,"31":0,"32":0,"33":0,"34":0,"35":0,"36":0,"37":0,"38":0,"39":0,"40":0,"41":0,"42":0,"43":0,"44":0,"45":0,"46":0,"47":0,"48":0,"49":0,"50":0,"51":0,"52":0,"53":0,"54":0,"55":0,"56":0,"57":0,"58":16},"b":{"1":[0,32],"2":[32,32],"3":[0,0],"4":[0,0],"5":[0,0],"6":[0,0],"7":[0,0],"8":[0,0],"9":[0,0],"10":[0,0,0],"11":[0,0],"12":[0,0],"13":[0,0],"14":[0,0]},"f":{"1":32,"2":0,"3":0,"4":0,"5":0,"6":0,"7":0,"8":0,"9":0,"10":0,"11":0,"12":0,"13":0,"14":0,"15":0,"16":0,"17":0},"fnMap":{"1":{"name":"_interopRequireDefault","line":3,"loc":{"start":{"line":3,"column":161},"end":{"line":3,"column":198}}},"2":{"name":"initTinyMceContent","line":6,"loc":{"start":{"line":6,"column":22},"end":{"line":6,"column":90}}},"3":{"name":"initTinyMceTitle","line":32,"loc":{"start":{"line":32,"column":20},"end":{"line":32,"column":72}}},"4":{"name":"removeTinyMce","line":43,"loc":{"start":{"line":43,"column":17},"end":{"line":43,"column":80}}},"5":{"name":"serializeByKey","line":47,"loc":{"start":{"line":47,"column":18},"end":{"line":47,"column":78}}},"6":{"name":"(anonymous_6)","line":49,"loc":{"start":{"line":49,"column":14},"end":{"line":49,"column":54}}},"7":{"name":"update","line":53,"loc":{"start":{"line":53,"column":10},"end":{"line":53,"column":94}}},"8":{"name":"createPermalink","line":60,"loc":{"start":{"line":60,"column":19},"end":{"line":60,"column":79}}},"9":{"name":"sanitizeString","line":71,"loc":{"start":{"line":71,"column":18},"end":{"line":71,"column":72}}},"10":{"name":"sendToSlack","line":75,"loc":{"start":{"line":75,"column":15},"end":{"line":75,"column":66}}},"11":{"name":"slackData","line":83,"loc":{"start":{"line":83,"column":13},"end":{"line":83,"column":72}}},"12":{"name":"replaceAtMentionsWithLinks","line":95,"loc":{"start":{"line":95,"column":30},"end":{"line":95,"column":96}}},"13":{"name":"(anonymous_13)","line":97,"loc":{"start":{"line":97,"column":48},"end":{"line":97,"column":90}}},"14":{"name":"should_replace_link","line":106,"loc":{"start":{"line":106,"column":23},"end":{"line":106,"column":129}}},"15":{"name":"mentionsRegex","line":110,"loc":{"start":{"line":110,"column":17},"end":{"line":110,"column":66}}},"16":{"name":"pushAtMentionsToSlack","line":114,"loc":{"start":{"line":114,"column":25},"end":{"line":114,"column":105}}},"17":{"name":"(anonymous_17)","line":118,"loc":{"start":{"line":118,"column":19},"end":{"line":118,"column":38}}}},"statementMap":{"1":{"start":{"line":1,"column":37},"end":{"line":1,"column":99},"skip":true},"2":{"start":{"line":2,"column":0},"end":{"line":2,"column":69}},"3":{"start":{"line":2,"column":94},"end":{"line":2,"column":153}},"4":{"start":{"line":3,"column":0},"end":{"line":3,"column":79}},"5":{"start":{"line":3,"column":104},"end":{"line":3,"column":161}},"6":{"start":{"line":3,"column":161},"end":{"line":3,"column":254}},"7":{"start":{"line":3,"column":199},"end":{"line":3,"column":253}},"8":{"start":{"line":3,"column":254},"end":{"line":3,"column":265}},"9":{"start":{"line":5,"column":0},"end":{"line":122,"column":129}},"10":{"start":{"line":7,"column":4},"end":{"line":28,"column":55}},"11":{"start":{"line":33,"column":4},"end":{"line":39,"column":33}},"12":{"start":{"line":44,"column":4},"end":{"line":44,"column":83}},"13":{"start":{"line":48,"column":4},"end":{"line":48,"column":24}},"14":{"start":{"line":49,"column":4},"end":{"line":49,"column":116}},"15":{"start":{"line":49,"column":55},"end":{"line":49,"column":113},"skip":true},"16":{"start":{"line":50,"column":4},"end":{"line":50,"column":22}},"17":{"start":{"line":54,"column":4},"end":{"line":54,"column":46}},"18":{"start":{"line":55,"column":4},"end":{"line":55,"column":102}},"19":{"start":{"line":56,"column":4},"end":{"line":56,"column":60}},"20":{"start":{"line":56,"column":29},"end":{"line":56,"column":59}},"21":{"start":{"line":57,"column":4},"end":{"line":57,"column":22}},"22":{"start":{"line":61,"column":4},"end":{"line":61,"column":58}},"23":{"start":{"line":62,"column":4},"end":{"line":62,"column":25}},"24":{"start":{"line":63,"column":4},"end":{"line":63,"column":67}},"25":{"start":{"line":64,"column":4},"end":{"line":65,"column":89}},"26":{"start":{"line":65,"column":6},"end":{"line":65,"column":88}},"27":{"start":{"line":67,"column":4},"end":{"line":67,"column":67}},"28":{"start":{"line":68,"column":4},"end":{"line":68,"column":65}},"29":{"start":{"line":72,"column":4},"end":{"line":72,"column":46}},"30":{"start":{"line":76,"column":4},"end":{"line":76,"column":66}},"31":{"start":{"line":77,"column":4},"end":{"line":77,"column":68}},"32":{"start":{"line":78,"column":4},"end":{"line":78,"column":68}},"33":{"start":{"line":79,"column":4},"end":{"line":79,"column":48}},"34":{"start":{"line":80,"column":4},"end":{"line":80,"column":120}},"35":{"start":{"line":84,"column":4},"end":{"line":84,"column":144}},"36":{"start":{"line":85,"column":4},"end":{"line":85,"column":51}},"37":{"start":{"line":86,"column":4},"end":{"line":86,"column":69}},"38":{"start":{"line":87,"column":4},"end":{"line":87,"column":27}},"39":{"start":{"line":88,"column":4},"end":{"line":88,"column":23}},"40":{"start":{"line":89,"column":4},"end":{"line":89,"column":134}},"41":{"start":{"line":90,"column":4},"end":{"line":91,"column":92}},"42":{"start":{"line":96,"column":4},"end":{"line":96,"column":58}},"43":{"start":{"line":97,"column":4},"end":{"line":102,"column":26}},"44":{"start":{"line":98,"column":6},"end":{"line":98,"column":45}},"45":{"start":{"line":99,"column":6},"end":{"line":99,"column":56}},"46":{"start":{"line":100,"column":6},"end":{"line":102,"column":23}},"47":{"start":{"line":101,"column":8},"end":{"line":101,"column":161}},"48":{"start":{"line":102,"column":7},"end":{"line":102,"column":22}},"49":{"start":{"line":107,"column":4},"end":{"line":107,"column":192}},"50":{"start":{"line":111,"column":4},"end":{"line":111,"column":36}},"51":{"start":{"line":116,"column":4},"end":{"line":116,"column":62}},"52":{"start":{"line":117,"column":4},"end":{"line":122,"column":125}},"53":{"start":{"line":118,"column":6},"end":{"line":122,"column":124}},"54":{"start":{"line":119,"column":8},"end":{"line":119,"column":63}},"55":{"start":{"line":120,"column":8},"end":{"line":120,"column":36}},"56":{"start":{"line":121,"column":8},"end":{"line":121,"column":46}},"57":{"start":{"line":122,"column":8},"end":{"line":122,"column":121}},"58":{"start":{"line":122,"column":154},"end":{"line":127,"column":7}}},"branchMap":{"1":{"line":3,"type":"cond-expr","locations":[{"start":{"line":3,"column":230},"end":{"line":3,"column":233}},{"start":{"line":3,"column":236},"end":{"line":3,"column":252}}]},"2":{"line":3,"type":"binary-expr","locations":[{"start":{"line":3,"column":206},"end":{"line":3,"column":209}},{"start":{"line":3,"column":213},"end":{"line":3,"column":227}}]},"3":{"line":49,"type":"binary-expr","locations":[{"start":{"line":49,"column":93},"end":{"line":49,"column":96},"skip":true},{"start":{"line":49,"column":100},"end":{"line":49,"column":104},"skip":true}]},"4":{"line":54,"type":"cond-expr","locations":[{"start":{"line":54,"column":30},"end":{"line":54,"column":40}},{"start":{"line":54,"column":43},"end":{"line":54,"column":45}}]},"5":{"line":56,"type":"if","locations":[{"start":{"line":56,"column":4},"end":{"line":56,"column":4}},{"start":{"line":56,"column":4},"end":{"line":56,"column":4}}]},"6":{"line":64,"type":"if","locations":[{"start":{"line":64,"column":4},"end":{"line":64,"column":4}},{"start":{"line":64,"column":4},"end":{"line":64,"column":4}}]},"7":{"line":84,"type":"binary-expr","locations":[{"start":{"line":84,"column":118},"end":{"line":84,"column":125}},{"start":{"line":84,"column":129},"end":{"line":84,"column":130}}]},"8":{"line":86,"type":"cond-expr","locations":[{"start":{"line":86,"column":31},"end":{"line":86,"column":61}},{"start":{"line":86,"column":64},"end":{"line":86,"column":68}}]},"9":{"line":100,"type":"if","locations":[{"start":{"line":100,"column":6},"end":{"line":100,"column":6}},{"start":{"line":100,"column":6},"end":{"line":100,"column":6}}]},"10":{"line":107,"type":"binary-expr","locations":[{"start":{"line":107,"column":11},"end":{"line":107,"column":71}},{"start":{"line":107,"column":76},"end":{"line":107,"column":106}},{"start":{"line":107,"column":110},"end":{"line":107,"column":190}}]},"11":{"line":107,"type":"binary-expr","locations":[{"start":{"line":107,"column":12},"end":{"line":107,"column":52}},{"start":{"line":107,"column":56},"end":{"line":107,"column":58}}]},"12":{"line":107,"type":"binary-expr","locations":[{"start":{"line":107,"column":13},"end":{"line":107,"column":30}},{"start":{"line":107,"column":34},"end":{"line":107,"column":36}}]},"13":{"line":117,"type":"if","locations":[{"start":{"line":117,"column":4},"end":{"line":117,"column":4}},{"start":{"line":117,"column":4},"end":{"line":117,"column":4}}]},"14":{"line":119,"type":"cond-expr","locations":[{"start":{"line":119,"column":44},"end":{"line":119,"column":52}},{"start":{"line":119,"column":55},"end":{"line":119,"column":62}}]}},"l":{"1":16,"2":16,"3":32,"5":16,"7":0,"33":0,"44":0,"48":0,"49":1,"50":0,"54":0,"55":0,"56":0,"57":0,"61":0,"62":0,"63":0,"64":0,"65":0,"67":0,"68":0,"72":0,"76":0,"77":0,"78":0,"79":0,"80":0,"84":0,"85":0,"86":0,"87":0,"88":0,"89":0,"90":0,"96":0,"97":0,"98":0,"99":0,"100":0,"101":0,"102":0,"107":0,"111":0,"116":0,"117":0,"118":0,"119":0,"120":0,"121":0,"122":16}},
"/Users/abiodun/projects/andela_projects/Zhishi-Frontend/app/js/config/environment.js":{"path":"/Users/abiodun/projects/andela_projects/Zhishi-Frontend/app/js/config/environment.js","s":{"1":2},"b":{},"f":{},"fnMap":{},"statementMap":{"1":{"start":{"line":1,"column":37},"end":{"line":5,"column":28},"skip":true}},"branchMap":{},"l":{"1":2}},
"/Users/abiodun/projects/andela_projects/Zhishi-Frontend/app/js/stores/QuestionStore.js":{"path":"/Users/abiodun/projects/andela_projects/Zhishi-Frontend/app/js/stores/QuestionStore.js","s":{"1":5,"2":5,"3":5,"4":5,"5":2,"6":10,"7":5,"8":5,"9":5,"10":5,"11":5,"12":5,"13":5,"14":0,"15":0,"16":5,"17":0,"18":0,"19":5,"20":0,"21":5,"22":0,"23":0,"24":5,"25":0,"26":5,"27":0,"28":0,"29":0,"30":0,"31":0,"32":5,"33":0,"34":0,"35":0,"36":0,"37":5,"38":0,"39":5,"40":0,"41":0,"42":0,"43":0,"44":0,"45":0,"46":0,"47":0,"48":0,"49":6,"50":0,"51":5,"52":0,"53":0,"54":0,"55":0,"56":0,"57":0,"58":0,"59":0,"60":0,"61":0,"62":0,"63":0,"64":0,"65":0,"66":0,"67":0,"68":0,"69":0,"70":0,"71":0,"72":0,"73":0,"74":0,"75":0,"76":0,"77":5},"b":{"1":[10,0],"2":[10,10],"3":[0,0],"4":[0,0],"5":[0,0],"6":[0,0],"7":[0,0,0,0,0,0],"8":[0,0],"9":[0,0],"10":[0,0],"11":[0,0],"12":[0,0],"13":[0,0]},"f":{"1":10,"2":0,"3":0,"4":0,"5":0,"6":0,"7":0,"8":0,"9":0,"10":0,"11":0,"12":0,"13":0,"14":0,"15":0,"16":0,"17":0,"18":0,"19":6,"20":0,"21":0},"fnMap":{"1":{"name":"_interopRequireDefault","line":6,"loc":{"start":{"line":6,"column":140},"end":{"line":6,"column":177}}},"2":{"name":"loadQuestions","line":13,"loc":{"start":{"line":13,"column":20},"end":{"line":13,"column":54}}},"3":{"name":"loadTopQuestions","line":19,"loc":{"start":{"line":19,"column":23},"end":{"line":19,"column":64}}},"4":{"name":"edit","line":25,"loc":{"start":{"line":25,"column":11},"end":{"line":25,"column":29}}},"5":{"name":"update","line":29,"loc":{"start":{"line":29,"column":13},"end":{"line":29,"column":39}}},"6":{"name":"updateVotesCount","line":34,"loc":{"start":{"line":34,"column":23},"end":{"line":34,"column":66}}},"7":{"name":"createPageMapping","line":38,"loc":{"start":{"line":38,"column":24},"end":{"line":38,"column":68}}},"8":{"name":"(anonymous_8)","line":40,"loc":{"start":{"line":40,"column":16},"end":{"line":40,"column":60}}},"9":{"name":"retrieveQuestions","line":45,"loc":{"start":{"line":45,"column":24},"end":{"line":45,"column":56}}},"10":{"name":"(anonymous_10)","line":47,"loc":{"start":{"line":47,"column":14},"end":{"line":47,"column":52}}},"11":{"name":"destroy","line":51,"loc":{"start":{"line":51,"column":14},"end":{"line":51,"column":35}}},"12":{"name":"getQuestion","line":58,"loc":{"start":{"line":58,"column":15},"end":{"line":58,"column":64}}},"13":{"name":"getQuestions","line":62,"loc":{"start":{"line":62,"column":16},"end":{"line":62,"column":67}}},"14":{"name":"getTopQuestions","line":67,"loc":{"start":{"line":67,"column":19},"end":{"line":67,"column":70}}},"15":{"name":"getPageMapping","line":71,"loc":{"start":{"line":71,"column":18},"end":{"line":71,"column":72}}},"16":{"name":"getCurrentPage","line":76,"loc":{"start":{"line":76,"column":18},"end":{"line":76,"column":68}}},"17":{"name":"shouldFetchQuestions","line":80,"loc":{"start":{"line":80,"column":24},"end":{"line":80,"column":80}}},"18":{"name":"emitChange","line":84,"loc":{"start":{"line":84,"column":14},"end":{"line":84,"column":60}}},"19":{"name":"addChangeListener","line":88,"loc":{"start":{"line":88,"column":21},"end":{"line":88,"column":82}}},"20":{"name":"removeChangeListener","line":92,"loc":{"start":{"line":92,"column":24},"end":{"line":92,"column":88}}},"21":{"name":"(anonymous_21)","line":98,"loc":{"start":{"line":98,"column":53},"end":{"line":98,"column":71}}}},"statementMap":{"1":{"start":{"line":5,"column":0},"end":{"line":5,"column":71},"skip":true},"2":{"start":{"line":5,"column":96},"end":{"line":5,"column":153}},"3":{"start":{"line":6,"column":0},"end":{"line":6,"column":68}},"4":{"start":{"line":6,"column":93},"end":{"line":6,"column":140}},"5":{"start":{"line":6,"column":140},"end":{"line":6,"column":233}},"6":{"start":{"line":6,"column":178},"end":{"line":6,"column":232}},"7":{"start":{"line":6,"column":233},"end":{"line":6,"column":292}},"8":{"start":{"line":6,"column":292},"end":{"line":6,"column":342}},"9":{"start":{"line":6,"column":342},"end":{"line":6,"column":404}},"10":{"start":{"line":6,"column":404},"end":{"line":6,"column":442}},"11":{"start":{"line":8,"column":0},"end":{"line":8,"column":28}},"12":{"start":{"line":10,"column":0},"end":{"line":10,"column":94}},"13":{"start":{"line":13,"column":0},"end":{"line":15,"column":94}},"14":{"start":{"line":14,"column":2},"end":{"line":15,"column":92}},"15":{"start":{"line":15,"column":4},"end":{"line":15,"column":91}},"16":{"start":{"line":19,"column":0},"end":{"line":21,"column":95}},"17":{"start":{"line":20,"column":2},"end":{"line":21,"column":93}},"18":{"start":{"line":21,"column":4},"end":{"line":21,"column":92}},"19":{"start":{"line":25,"column":0},"end":{"line":26,"column":56}},"20":{"start":{"line":26,"column":2},"end":{"line":26,"column":54}},"21":{"start":{"line":29,"column":0},"end":{"line":31,"column":87}},"22":{"start":{"line":30,"column":2},"end":{"line":30,"column":23}},"23":{"start":{"line":31,"column":26},"end":{"line":31,"column":85}},"24":{"start":{"line":34,"column":0},"end":{"line":35,"column":48}},"25":{"start":{"line":35,"column":2},"end":{"line":35,"column":46}},"26":{"start":{"line":38,"column":0},"end":{"line":42,"column":24}},"27":{"start":{"line":39,"column":2},"end":{"line":39,"column":24}},"28":{"start":{"line":40,"column":2},"end":{"line":40,"column":102}},"29":{"start":{"line":40,"column":61},"end":{"line":40,"column":99},"skip":true},"30":{"start":{"line":41,"column":2},"end":{"line":41,"column":36}},"31":{"start":{"line":42,"column":2},"end":{"line":42,"column":22}},"32":{"start":{"line":45,"column":0},"end":{"line":48,"column":21}},"33":{"start":{"line":46,"column":2},"end":{"line":46,"column":21}},"34":{"start":{"line":47,"column":2},"end":{"line":47,"column":94}},"35":{"start":{"line":47,"column":53},"end":{"line":47,"column":91},"skip":true},"36":{"start":{"line":48,"column":2},"end":{"line":48,"column":19}},"37":{"start":{"line":51,"column":0},"end":{"line":52,"column":26}},"38":{"start":{"line":52,"column":2},"end":{"line":52,"column":24}},"39":{"start":{"line":56,"column":0},"end":{"line":93,"column":53}},"40":{"start":{"line":59,"column":4},"end":{"line":59,"column":26}},"41":{"start":{"line":63,"column":4},"end":{"line":63,"column":62}},"42":{"start":{"line":64,"column":4},"end":{"line":64,"column":21}},"43":{"start":{"line":68,"column":4},"end":{"line":68,"column":26}},"44":{"start":{"line":72,"column":4},"end":{"line":72,"column":13}},"45":{"start":{"line":73,"column":4},"end":{"line":73,"column":30}},"46":{"start":{"line":77,"column":4},"end":{"line":77,"column":24}},"47":{"start":{"line":81,"column":4},"end":{"line":81,"column":23}},"48":{"start":{"line":85,"column":4},"end":{"line":85,"column":28}},"49":{"start":{"line":89,"column":4},"end":{"line":89,"column":36}},"50":{"start":{"line":93,"column":4},"end":{"line":93,"column":48}},"51":{"start":{"line":98,"column":0},"end":{"line":142,"column":6}},"52":{"start":{"line":99,"column":2},"end":{"line":99,"column":11}},"53":{"start":{"line":101,"column":2},"end":{"line":142,"column":3}},"54":{"start":{"line":104,"column":6},"end":{"line":108,"column":29}},"55":{"start":{"line":105,"column":8},"end":{"line":105,"column":45}},"56":{"start":{"line":106,"column":8},"end":{"line":106,"column":67}},"57":{"start":{"line":108,"column":8},"end":{"line":108,"column":28}},"58":{"start":{"line":110,"column":6},"end":{"line":110,"column":33}},"59":{"start":{"line":111,"column":6},"end":{"line":111,"column":12}},"60":{"start":{"line":114,"column":6},"end":{"line":114,"column":46}},"61":{"start":{"line":115,"column":6},"end":{"line":115,"column":33}},"62":{"start":{"line":116,"column":6},"end":{"line":116,"column":12}},"63":{"start":{"line":119,"column":6},"end":{"line":121,"column":36}},"64":{"start":{"line":120,"column":8},"end":{"line":120,"column":26}},"65":{"start":{"line":121,"column":8},"end":{"line":121,"column":35}},"66":{"start":{"line":123,"column":6},"end":{"line":123,"column":12}},"67":{"start":{"line":126,"column":6},"end":{"line":129,"column":36}},"68":{"start":{"line":127,"column":8},"end":{"line":127,"column":129}},"69":{"start":{"line":127,"column":43},"end":{"line":127,"column":128}},"70":{"start":{"line":128,"column":8},"end":{"line":128,"column":28}},"71":{"start":{"line":129,"column":8},"end":{"line":129,"column":35}},"72":{"start":{"line":131,"column":6},"end":{"line":131,"column":12}},"73":{"start":{"line":134,"column":6},"end":{"line":136,"column":36}},"74":{"start":{"line":135,"column":8},"end":{"line":135,"column":75}},"75":{"start":{"line":136,"column":8},"end":{"line":136,"column":35}},"76":{"start":{"line":138,"column":6},"end":{"line":138,"column":12}},"77":{"start":{"line":145,"column":0},"end":{"line":145,"column":31}}},"branchMap":{"1":{"line":6,"type":"cond-expr","locations":[{"start":{"line":6,"column":209},"end":{"line":6,"column":212}},{"start":{"line":6,"column":215},"end":{"line":6,"column":231}}]},"2":{"line":6,"type":"binary-expr","locations":[{"start":{"line":6,"column":185},"end":{"line":6,"column":188}},{"start":{"line":6,"column":192},"end":{"line":6,"column":206}}]},"3":{"line":14,"type":"if","locations":[{"start":{"line":14,"column":2},"end":{"line":14,"column":2}},{"start":{"line":14,"column":2},"end":{"line":14,"column":2}}]},"4":{"line":14,"type":"binary-expr","locations":[{"start":{"line":14,"column":6},"end":{"line":14,"column":38}},{"start":{"line":14,"column":42},"end":{"line":14,"column":51}}]},"5":{"line":20,"type":"if","locations":[{"start":{"line":20,"column":2},"end":{"line":20,"column":2}},{"start":{"line":20,"column":2},"end":{"line":20,"column":2}}]},"6":{"line":63,"type":"cond-expr","locations":[{"start":{"line":63,"column":26},"end":{"line":63,"column":48}},{"start":{"line":63,"column":51},"end":{"line":63,"column":61}}]},"7":{"line":101,"type":"switch","locations":[{"start":{"line":103,"column":4},"end":{"line":111,"column":12}},{"start":{"line":113,"column":4},"end":{"line":116,"column":12}},{"start":{"line":118,"column":4},"end":{"line":123,"column":12}},{"start":{"line":125,"column":4},"end":{"line":131,"column":12}},{"start":{"line":133,"column":4},"end":{"line":138,"column":12}},{"start":{"line":140,"column":4},"end":{"line":140,"column":12}}]},"8":{"line":104,"type":"if","locations":[{"start":{"line":104,"column":6},"end":{"line":104,"column":6}},{"start":{"line":104,"column":6},"end":{"line":104,"column":6}}]},"9":{"line":119,"type":"if","locations":[{"start":{"line":119,"column":6},"end":{"line":119,"column":6}},{"start":{"line":119,"column":6},"end":{"line":119,"column":6}}]},"10":{"line":126,"type":"if","locations":[{"start":{"line":126,"column":6},"end":{"line":126,"column":6}},{"start":{"line":126,"column":6},"end":{"line":126,"column":6}}]},"11":{"line":127,"type":"if","locations":[{"start":{"line":127,"column":8},"end":{"line":127,"column":8}},{"start":{"line":127,"column":8},"end":{"line":127,"column":8}}]},"12":{"line":134,"type":"if","locations":[{"start":{"line":134,"column":6},"end":{"line":134,"column":6}},{"start":{"line":134,"column":6},"end":{"line":134,"column":6}}]},"13":{"line":134,"type":"binary-expr","locations":[{"start":{"line":134,"column":10},"end":{"line":134,"column":21}},{"start":{"line":134,"column":25},"end":{"line":134,"column":48}}]}},"l":{"5":5,"6":10,"8":5,"10":5,"13":5,"14":0,"15":0,"19":5,"20":0,"21":0,"25":5,"26":0,"29":5,"30":0,"31":0,"34":5,"35":0,"38":5,"39":0,"40":1,"41":0,"42":0,"45":5,"46":0,"47":1,"48":0,"51":5,"52":0,"56":5,"59":0,"63":0,"64":0,"68":0,"72":0,"73":0,"77":0,"81":0,"85":0,"89":6,"93":0,"98":5,"99":0,"101":0,"104":0,"105":0,"106":0,"108":0,"110":0,"111":0,"114":0,"115":0,"116":0,"119":0,"120":0,"121":0,"123":0,"126":0,"127":0,"128":0,"129":0,"131":0,"134":0,"135":0,"136":0,"138":0,"145":5}},
"/Users/abiodun/projects/andela_projects/Zhishi-Frontend/app/js/stores/AnswerStore.js":{"path":"/Users/abiodun/projects/andela_projects/Zhishi-Frontend/app/js/stores/AnswerStore.js","s":{"1":5,"2":5,"3":5,"4":5,"5":5,"6":2,"7":10,"8":5,"9":5,"10":5,"11":5,"12":5,"13":5,"14":5,"15":0,"16":0,"17":5,"18":0,"19":5,"20":0,"21":5,"22":0,"23":5,"24":0,"25":5,"26":0,"27":1,"28":0,"29":0,"30":6,"31":0,"32":5,"33":0,"34":0,"35":0,"36":0,"37":0,"38":0,"39":0,"40":0,"41":0,"42":0,"43":0,"44":0,"45":0,"46":0,"47":0,"48":0,"49":0,"50":0,"51":0,"52":0,"53":0,"54":0,"55":5},"b":{"1":[5,5],"2":[10,10],"3":[0,0,0,0,0,0],"4":[0,0],"5":[0,0],"6":[0,0],"7":[0,0],"8":[0,0]},"f":{"1":10,"2":0,"3":0,"4":0,"5":0,"6":0,"7":0,"8":1,"9":0,"10":0,"11":6,"12":0,"13":0},"fnMap":{"1":{"name":"_interopRequireDefault","line":6,"loc":{"start":{"line":6,"column":140},"end":{"line":6,"column":177}}},"2":{"name":"loadAnswers","line":13,"loc":{"start":{"line":13,"column":18},"end":{"line":13,"column":61}}},"3":{"name":"edit","line":18,"loc":{"start":{"line":18,"column":11},"end":{"line":18,"column":49}}},"4":{"name":"update","line":22,"loc":{"start":{"line":22,"column":13},"end":{"line":22,"column":37}}},"5":{"name":"update_votes_count","line":26,"loc":{"start":{"line":26,"column":25},"end":{"line":26,"column":76}}},"6":{"name":"destroy","line":30,"loc":{"start":{"line":30,"column":14},"end":{"line":30,"column":35}}},"7":{"name":"getAnswer","line":36,"loc":{"start":{"line":36,"column":13},"end":{"line":36,"column":73}}},"8":{"name":"getAnswers","line":40,"loc":{"start":{"line":40,"column":14},"end":{"line":40,"column":71}}},"9":{"name":"getTopAnswers","line":44,"loc":{"start":{"line":44,"column":17},"end":{"line":44,"column":66}}},"10":{"name":"emitChange","line":48,"loc":{"start":{"line":48,"column":14},"end":{"line":48,"column":60}}},"11":{"name":"addChangeListener","line":52,"loc":{"start":{"line":52,"column":21},"end":{"line":52,"column":82}}},"12":{"name":"removeChangeListener","line":56,"loc":{"start":{"line":56,"column":24},"end":{"line":56,"column":88}}},"13":{"name":"(anonymous_13)","line":62,"loc":{"start":{"line":62,"column":51},"end":{"line":62,"column":69}}}},"statementMap":{"1":{"start":{"line":1,"column":37},"end":{"line":1,"column":99},"skip":true},"2":{"start":{"line":5,"column":0},"end":{"line":5,"column":75}},"3":{"start":{"line":5,"column":100},"end":{"line":5,"column":161}},"4":{"start":{"line":6,"column":0},"end":{"line":6,"column":68}},"5":{"start":{"line":6,"column":93},"end":{"line":6,"column":140}},"6":{"start":{"line":6,"column":140},"end":{"line":6,"column":233}},"7":{"start":{"line":6,"column":178},"end":{"line":6,"column":232}},"8":{"start":{"line":6,"column":233},"end":{"line":6,"column":292}},"9":{"start":{"line":6,"column":292},"end":{"line":6,"column":342}},"10":{"start":{"line":6,"column":342},"end":{"line":6,"column":404}},"11":{"start":{"line":6,"column":404},"end":{"line":6,"column":442}},"12":{"start":{"line":9,"column":0},"end":{"line":9,"column":28}},"13":{"start":{"line":11,"column":0},"end":{"line":11,"column":37}},"14":{"start":{"line":13,"column":0},"end":{"line":15,"column":90}},"15":{"start":{"line":14,"column":2},"end":{"line":14,"column":77}},"16":{"start":{"line":15,"column":26},"end":{"line":15,"column":88}},"17":{"start":{"line":18,"column":0},"end":{"line":19,"column":74}},"18":{"start":{"line":19,"column":2},"end":{"line":19,"column":72}},"19":{"start":{"line":22,"column":0},"end":{"line":23,"column":101}},"20":{"start":{"line":23,"column":26},"end":{"line":23,"column":99}},"21":{"start":{"line":26,"column":0},"end":{"line":27,"column":64}},"22":{"start":{"line":27,"column":2},"end":{"line":27,"column":62}},"23":{"start":{"line":30,"column":0},"end":{"line":31,"column":21}},"24":{"start":{"line":31,"column":2},"end":{"line":31,"column":19}},"25":{"start":{"line":34,"column":0},"end":{"line":57,"column":53}},"26":{"start":{"line":37,"column":4},"end":{"line":37,"column":37}},"27":{"start":{"line":41,"column":4},"end":{"line":41,"column":33}},"28":{"start":{"line":45,"column":4},"end":{"line":45,"column":24}},"29":{"start":{"line":49,"column":4},"end":{"line":49,"column":28}},"30":{"start":{"line":53,"column":4},"end":{"line":53,"column":36}},"31":{"start":{"line":57,"column":4},"end":{"line":57,"column":48}},"32":{"start":{"line":62,"column":0},"end":{"line":110,"column":6}},"33":{"start":{"line":63,"column":2},"end":{"line":63,"column":11}},"34":{"start":{"line":65,"column":2},"end":{"line":110,"column":3}},"35":{"start":{"line":68,"column":6},"end":{"line":70,"column":34}},"36":{"start":{"line":69,"column":8},"end":{"line":69,"column":57}},"37":{"start":{"line":70,"column":8},"end":{"line":70,"column":33}},"38":{"start":{"line":72,"column":6},"end":{"line":72,"column":12}},"39":{"start":{"line":75,"column":6},"end":{"line":77,"column":34}},"40":{"start":{"line":76,"column":8},"end":{"line":76,"column":66}},"41":{"start":{"line":77,"column":8},"end":{"line":77,"column":33}},"42":{"start":{"line":79,"column":6},"end":{"line":79,"column":12}},"43":{"start":{"line":88,"column":6},"end":{"line":90,"column":34}},"44":{"start":{"line":89,"column":8},"end":{"line":89,"column":54}},"45":{"start":{"line":90,"column":8},"end":{"line":90,"column":33}},"46":{"start":{"line":92,"column":6},"end":{"line":92,"column":12}},"47":{"start":{"line":95,"column":6},"end":{"line":97,"column":34}},"48":{"start":{"line":96,"column":8},"end":{"line":96,"column":28}},"49":{"start":{"line":97,"column":8},"end":{"line":97,"column":33}},"50":{"start":{"line":99,"column":6},"end":{"line":99,"column":12}},"51":{"start":{"line":102,"column":6},"end":{"line":104,"column":34}},"52":{"start":{"line":103,"column":8},"end":{"line":103,"column":95}},"53":{"start":{"line":104,"column":8},"end":{"line":104,"column":33}},"54":{"start":{"line":106,"column":6},"end":{"line":106,"column":12}},"55":{"start":{"line":110,"column":31},"end":{"line":113,"column":12}}},"branchMap":{"1":{"line":6,"type":"cond-expr","locations":[{"start":{"line":6,"column":209},"end":{"line":6,"column":212}},{"start":{"line":6,"column":215},"end":{"line":6,"column":231}}]},"2":{"line":6,"type":"binary-expr","locations":[{"start":{"line":6,"column":185},"end":{"line":6,"column":188}},{"start":{"line":6,"column":192},"end":{"line":6,"column":206}}]},"3":{"line":65,"type":"switch","locations":[{"start":{"line":67,"column":4},"end":{"line":72,"column":12}},{"start":{"line":74,"column":4},"end":{"line":79,"column":12}},{"start":{"line":87,"column":4},"end":{"line":92,"column":12}},{"start":{"line":94,"column":4},"end":{"line":99,"column":12}},{"start":{"line":101,"column":4},"end":{"line":106,"column":12}},{"start":{"line":108,"column":4},"end":{"line":108,"column":12}}]},"4":{"line":68,"type":"if","locations":[{"start":{"line":68,"column":6},"end":{"line":68,"column":6}},{"start":{"line":68,"column":6},"end":{"line":68,"column":6}}]},"5":{"line":75,"type":"if","locations":[{"start":{"line":75,"column":6},"end":{"line":75,"column":6}},{"start":{"line":75,"column":6},"end":{"line":75,"column":6}}]},"6":{"line":88,"type":"if","locations":[{"start":{"line":88,"column":6},"end":{"line":88,"column":6}},{"start":{"line":88,"column":6},"end":{"line":88,"column":6}}]},"7":{"line":95,"type":"if","locations":[{"start":{"line":95,"column":6},"end":{"line":95,"column":6}},{"start":{"line":95,"column":6},"end":{"line":95,"column":6}}]},"8":{"line":102,"type":"if","locations":[{"start":{"line":102,"column":6},"end":{"line":102,"column":6}},{"start":{"line":102,"column":6},"end":{"line":102,"column":6}}]}},"l":{"1":5,"5":5,"6":10,"9":5,"11":5,"13":5,"14":0,"15":0,"18":5,"19":0,"22":5,"23":0,"26":5,"27":0,"30":5,"31":0,"34":5,"37":0,"41":1,"45":0,"49":0,"53":6,"57":0,"62":5,"63":0,"65":0,"68":0,"69":0,"70":0,"72":0,"75":0,"76":0,"77":0,"79":0,"88":0,"89":0,"90":0,"92":0,"95":0,"96":0,"97":0,"99":0,"102":0,"103":0,"104":0,"106":0,"110":5}},
"/Users/abiodun/projects/andela_projects/Zhishi-Frontend/app/js/dispatcher/AppDispatcher.js":{"path":"/Users/abiodun/projects/andela_projects/Zhishi-Frontend/app/js/dispatcher/AppDispatcher.js","s":{"1":2,"2":2},"b":{},"f":{},"fnMap":{},"statementMap":{"1":{"start":{"line":14,"column":0},"end":{"line":14,"column":44},"skip":true},"2":{"start":{"line":16,"column":0},"end":{"line":16,"column":34}}},"branchMap":{},"l":{"14":2,"16":2}},
"/Users/abiodun/projects/andela_projects/Zhishi-Frontend/app/js/constants/ZhishiConstants.js":{"path":"/Users/abiodun/projects/andela_projects/Zhishi-Frontend/app/js/constants/ZhishiConstants.js","s":{"1":2,"2":2},"b":{},"f":{},"fnMap":{},"statementMap":{"1":{"start":{"line":1,"column":37},"end":{"line":1,"column":74},"skip":true},"2":{"start":{"line":3,"column":0},"end":{"line":25,"column":24}}},"branchMap":{},"l":{"1":2,"3":2}},
"/Users/abiodun/projects/andela_projects/Zhishi-Frontend/app/js/utils/webAPI.js":{"path":"/Users/abiodun/projects/andela_projects/Zhishi-Frontend/app/js/utils/webAPI.js","s":{"1":6,"2":6,"3":2,"4":6,"5":6,"6":6,"7":6,"8":6,"9":0,"10":0,"11":0,"12":0,"13":0,"14":0,"15":0,"16":0,"17":0,"18":0,"19":0,"20":0,"21":0,"22":0,"23":0,"24":0,"25":0,"26":0,"27":0,"28":0,"29":0,"30":0,"31":6},"b":{"1":[0,6],"2":[6,6],"3":[0,0],"4":[0,0],"5":[0,0],"6":[0,0],"7":[0,0],"8":[0,0]},"f":{"1":6,"2":0,"3":0,"4":0,"5":0,"6":0},"fnMap":{"1":{"name":"_interopRequireDefault","line":1,"loc":{"start":{"line":1,"column":198},"end":{"line":1,"column":235}}},"2":{"name":"processRequest","line":9,"loc":{"start":{"line":9,"column":18},"end":{"line":9,"column":111}}},"3":{"name":"(anonymous_3)","line":36,"loc":{"start":{"line":36,"column":18},"end":{"line":36,"column":30}}},"4":{"name":"(anonymous_4)","line":41,"loc":{"start":{"line":41,"column":15},"end":{"line":41,"column":31}}},"5":{"name":"(anonymous_5)","line":44,"loc":{"start":{"line":44,"column":13},"end":{"line":44,"column":41}}},"6":{"name":"(anonymous_6)","line":48,"loc":{"start":{"line":48,"column":16},"end":{"line":48,"column":28}}}},"statementMap":{"1":{"start":{"line":1,"column":37},"end":{"line":1,"column":116},"skip":true},"2":{"start":{"line":1,"column":141},"end":{"line":1,"column":198}},"3":{"start":{"line":1,"column":198},"end":{"line":1,"column":291}},"4":{"start":{"line":1,"column":236},"end":{"line":1,"column":290}},"5":{"start":{"line":3,"column":0},"end":{"line":3,"column":28}},"6":{"start":{"line":4,"column":0},"end":{"line":4,"column":41}},"7":{"start":{"line":6,"column":0},"end":{"line":6,"column":50}},"8":{"start":{"line":8,"column":0},"end":{"line":52,"column":24}},"9":{"start":{"line":11,"column":4},"end":{"line":11,"column":22}},"10":{"start":{"line":12,"column":4},"end":{"line":12,"column":26}},"11":{"start":{"line":13,"column":4},"end":{"line":13,"column":55}},"12":{"start":{"line":14,"column":4},"end":{"line":14,"column":44}},"13":{"start":{"line":15,"column":4},"end":{"line":17,"column":51}},"14":{"start":{"line":16,"column":6},"end":{"line":16,"column":41}},"15":{"start":{"line":17,"column":6},"end":{"line":17,"column":50}},"16":{"start":{"line":19,"column":4},"end":{"line":21,"column":75}},"17":{"start":{"line":23,"column":4},"end":{"line":23,"column":23}},"18":{"start":{"line":24,"column":4},"end":{"line":25,"column":99}},"19":{"start":{"line":25,"column":6},"end":{"line":25,"column":98}},"20":{"start":{"line":25,"column":40},"end":{"line":25,"column":97}},"21":{"start":{"line":28,"column":4},"end":{"line":28,"column":95}},"22":{"start":{"line":28,"column":27},"end":{"line":28,"column":94}},"23":{"start":{"line":30,"column":4},"end":{"line":52,"column":20}},"24":{"start":{"line":37,"column":8},"end":{"line":38,"column":99}},"25":{"start":{"line":38,"column":10},"end":{"line":38,"column":98}},"26":{"start":{"line":42,"column":8},"end":{"line":42,"column":23}},"27":{"start":{"line":45,"column":8},"end":{"line":45,"column":34}},"28":{"start":{"line":46,"column":8},"end":{"line":46,"column":56}},"29":{"start":{"line":49,"column":8},"end":{"line":50,"column":55}},"30":{"start":{"line":50,"column":10},"end":{"line":50,"column":54}},"31":{"start":{"line":56,"column":0},"end":{"line":56,"column":24}}},"branchMap":{"1":{"line":1,"type":"cond-expr","locations":[{"start":{"line":1,"column":267},"end":{"line":1,"column":270}},{"start":{"line":1,"column":273},"end":{"line":1,"column":289}}]},"2":{"line":1,"type":"binary-expr","locations":[{"start":{"line":1,"column":243},"end":{"line":1,"column":246}},{"start":{"line":1,"column":250},"end":{"line":1,"column":264}}]},"3":{"line":15,"type":"if","locations":[{"start":{"line":15,"column":4},"end":{"line":15,"column":4}},{"start":{"line":15,"column":4},"end":{"line":15,"column":4}}]},"4":{"line":24,"type":"if","locations":[{"start":{"line":24,"column":4},"end":{"line":24,"column":4}},{"start":{"line":24,"column":4},"end":{"line":24,"column":4}}]},"5":{"line":25,"type":"if","locations":[{"start":{"line":25,"column":6},"end":{"line":25,"column":6}},{"start":{"line":25,"column":6},"end":{"line":25,"column":6}}]},"6":{"line":28,"type":"if","locations":[{"start":{"line":28,"column":4},"end":{"line":28,"column":4}},{"start":{"line":28,"column":4},"end":{"line":28,"column":4}}]},"7":{"line":37,"type":"if","locations":[{"start":{"line":37,"column":8},"end":{"line":37,"column":8}},{"start":{"line":37,"column":8},"end":{"line":37,"column":8}}]},"8":{"line":49,"type":"if","locations":[{"start":{"line":49,"column":8},"end":{"line":49,"column":8}},{"start":{"line":49,"column":8},"end":{"line":49,"column":8}}]}},"l":{"1":6,"3":6,"4":6,"6":6,"8":6,"11":0,"12":0,"13":0,"14":0,"15":0,"16":0,"17":0,"19":0,"23":0,"24":0,"25":0,"28":0,"30":0,"37":0,"38":0,"42":0,"45":0,"46":0,"49":0,"50":0,"56":6}},
"/Users/abiodun/projects/andela_projects/Zhishi-Frontend/app/js/stores/AuthStore.js":{"path":"/Users/abiodun/projects/andela_projects/Zhishi-Frontend/app/js/stores/AuthStore.js","s":{"1":6,"2":6,"3":2,"4":6,"5":6,"6":6,"7":6,"8":6,"9":6,"10":6,"11":2,"12":0,"13":2,"14":0,"15":0,"16":0,"17":2,"18":0,"19":2,"20":0,"21":2,"22":0,"23":2,"24":0,"25":2,"26":0,"27":0,"28":2,"29":0,"30":0,"31":2,"32":0,"33":0,"34":0,"35":6,"36":0,"37":0,"38":0,"39":0,"40":0,"41":0,"42":0,"43":0,"44":0,"45":0,"46":6,"47":0,"48":0,"49":0,"50":0,"51":0,"52":0,"53":0,"54":0,"55":0,"56":0,"57":0,"58":0,"59":6},"b":{"1":[0,6],"2":[6,6],"3":[0,0],"4":[0,0],"5":[0,0],"6":[0,0],"7":[0,0,0,0,0],"8":[0,0],"9":[0,0]},"f":{"1":6,"2":0,"3":0,"4":0,"5":0,"6":0,"7":0,"8":0,"9":0,"10":0,"11":0,"12":0,"13":0,"14":0,"15":0,"16":0,"17":0,"18":0,"19":0},"fnMap":{"1":{"name":"_interopRequireDefault","line":1,"loc":{"start":{"line":1,"column":214},"end":{"line":1,"column":251}}},"2":{"name":"setShownForm","line":12,"loc":{"start":{"line":12,"column":0},"end":{"line":12,"column":28}}},"3":{"name":"setCurrentUser","line":16,"loc":{"start":{"line":16,"column":0},"end":{"line":16,"column":30}}},"4":{"name":"userToken","line":23,"loc":{"start":{"line":23,"column":0},"end":{"line":23,"column":21}}},"5":{"name":"setErrorMessage","line":27,"loc":{"start":{"line":27,"column":0},"end":{"line":27,"column":33}}},"6":{"name":"setUserLoginStatus","line":31,"loc":{"start":{"line":31,"column":0},"end":{"line":31,"column":36}}},"7":{"name":"update","line":35,"loc":{"start":{"line":35,"column":0},"end":{"line":35,"column":29}}},"8":{"name":"updateAll","line":39,"loc":{"start":{"line":39,"column":0},"end":{"line":39,"column":28}}},"9":{"name":"logoutUser","line":45,"loc":{"start":{"line":45,"column":0},"end":{"line":45,"column":22}}},"10":{"name":"get_cookie_meta","line":51,"loc":{"start":{"line":51,"column":0},"end":{"line":51,"column":27}}},"11":{"name":"getShownForm","line":59,"loc":{"start":{"line":59,"column":16},"end":{"line":59,"column":64}}},"12":{"name":"getCurrentUser","line":62,"loc":{"start":{"line":62,"column":18},"end":{"line":62,"column":68}}},"13":{"name":"getCurrentUserToken","line":65,"loc":{"start":{"line":65,"column":23},"end":{"line":65,"column":78}}},"14":{"name":"getErrorMessage","line":68,"loc":{"start":{"line":68,"column":19},"end":{"line":68,"column":70}}},"15":{"name":"userLoggedIn","line":74,"loc":{"start":{"line":74,"column":16},"end":{"line":74,"column":64}}},"16":{"name":"emitChange","line":78,"loc":{"start":{"line":78,"column":14},"end":{"line":78,"column":60}}},"17":{"name":"addChangeListener","line":82,"loc":{"start":{"line":82,"column":21},"end":{"line":82,"column":82}}},"18":{"name":"removeChangeListener","line":86,"loc":{"start":{"line":86,"column":24},"end":{"line":86,"column":88}}},"19":{"name":"(anonymous_19)","line":91,"loc":{"start":{"line":91,"column":49},"end":{"line":91,"column":67}}}},"statementMap":{"1":{"start":{"line":1,"column":37},"end":{"line":1,"column":124},"skip":true},"2":{"start":{"line":1,"column":149},"end":{"line":1,"column":214}},"3":{"start":{"line":1,"column":214},"end":{"line":1,"column":307}},"4":{"start":{"line":1,"column":252},"end":{"line":1,"column":306}},"5":{"start":{"line":2,"column":0},"end":{"line":2,"column":59}},"6":{"start":{"line":3,"column":0},"end":{"line":3,"column":50}},"7":{"start":{"line":4,"column":0},"end":{"line":4,"column":62}},"8":{"start":{"line":5,"column":0},"end":{"line":5,"column":38}},"9":{"start":{"line":7,"column":0},"end":{"line":7,"column":28}},"10":{"start":{"line":9,"column":0},"end":{"line":9,"column":43}},"11":{"start":{"line":12,"column":0},"end":{"line":13,"column":22}},"12":{"start":{"line":13,"column":2},"end":{"line":13,"column":21}},"13":{"start":{"line":16,"column":0},"end":{"line":19,"column":120}},"14":{"start":{"line":17,"column":2},"end":{"line":17,"column":38}},"15":{"start":{"line":18,"column":2},"end":{"line":18,"column":117}},"16":{"start":{"line":19,"column":2},"end":{"line":19,"column":119}},"17":{"start":{"line":23,"column":0},"end":{"line":24,"column":112}},"18":{"start":{"line":24,"column":2},"end":{"line":24,"column":111}},"19":{"start":{"line":27,"column":0},"end":{"line":28,"column":54}},"20":{"start":{"line":28,"column":2},"end":{"line":28,"column":53}},"21":{"start":{"line":31,"column":0},"end":{"line":32,"column":87}},"22":{"start":{"line":32,"column":2},"end":{"line":32,"column":86}},"23":{"start":{"line":35,"column":0},"end":{"line":36,"column":48}},"24":{"start":{"line":36,"column":2},"end":{"line":36,"column":47}},"25":{"start":{"line":39,"column":0},"end":{"line":41,"column":26}},"26":{"start":{"line":40,"column":2},"end":{"line":41,"column":25}},"27":{"start":{"line":41,"column":4},"end":{"line":41,"column":24}},"28":{"start":{"line":45,"column":0},"end":{"line":47,"column":85}},"29":{"start":{"line":46,"column":2},"end":{"line":46,"column":82}},"30":{"start":{"line":47,"column":2},"end":{"line":47,"column":84}},"31":{"start":{"line":51,"column":0},"end":{"line":54,"column":49}},"32":{"start":{"line":52,"column":2},"end":{"line":52,"column":31}},"33":{"start":{"line":53,"column":2},"end":{"line":53,"column":119}},"34":{"start":{"line":54,"column":2},"end":{"line":54,"column":48}},"35":{"start":{"line":57,"column":0},"end":{"line":87,"column":53}},"36":{"start":{"line":60,"column":4},"end":{"line":60,"column":23}},"37":{"start":{"line":63,"column":4},"end":{"line":63,"column":105}},"38":{"start":{"line":66,"column":4},"end":{"line":66,"column":23}},"39":{"start":{"line":69,"column":4},"end":{"line":69,"column":26}},"40":{"start":{"line":70,"column":4},"end":{"line":70,"column":20}},"41":{"start":{"line":71,"column":4},"end":{"line":71,"column":16}},"42":{"start":{"line":75,"column":4},"end":{"line":75,"column":87}},"43":{"start":{"line":79,"column":4},"end":{"line":79,"column":28}},"44":{"start":{"line":83,"column":4},"end":{"line":83,"column":36}},"45":{"start":{"line":87,"column":4},"end":{"line":87,"column":48}},"46":{"start":{"line":91,"column":0},"end":{"line":116,"column":6}},"47":{"start":{"line":92,"column":2},"end":{"line":116,"column":3}},"48":{"start":{"line":95,"column":6},"end":{"line":95,"column":32}},"49":{"start":{"line":96,"column":6},"end":{"line":96,"column":29}},"50":{"start":{"line":97,"column":6},"end":{"line":97,"column":12}},"51":{"start":{"line":100,"column":6},"end":{"line":101,"column":37}},"52":{"start":{"line":101,"column":8},"end":{"line":101,"column":36}},"53":{"start":{"line":103,"column":6},"end":{"line":103,"column":12}},"54":{"start":{"line":106,"column":6},"end":{"line":106,"column":37}},"55":{"start":{"line":107,"column":6},"end":{"line":107,"column":29}},"56":{"start":{"line":108,"column":6},"end":{"line":108,"column":12}},"57":{"start":{"line":111,"column":6},"end":{"line":111,"column":19}},"58":{"start":{"line":112,"column":6},"end":{"line":112,"column":12}},"59":{"start":{"line":119,"column":0},"end":{"line":119,"column":27}}},"branchMap":{"1":{"line":1,"type":"cond-expr","locations":[{"start":{"line":1,"column":283},"end":{"line":1,"column":286}},{"start":{"line":1,"column":289},"end":{"line":1,"column":305}}]},"2":{"line":1,"type":"binary-expr","locations":[{"start":{"line":1,"column":259},"end":{"line":1,"column":262}},{"start":{"line":1,"column":266},"end":{"line":1,"column":280}}]},"3":{"line":18,"type":"binary-expr","locations":[{"start":{"line":18,"column":76},"end":{"line":18,"column":96}},{"start":{"line":18,"column":100},"end":{"line":18,"column":102}}]},"4":{"line":19,"type":"cond-expr","locations":[{"start":{"line":19,"column":92},"end":{"line":19,"column":96}},{"start":{"line":19,"column":99},"end":{"line":19,"column":104}}]},"5":{"line":24,"type":"binary-expr","locations":[{"start":{"line":24,"column":20},"end":{"line":24,"column":93}},{"start":{"line":24,"column":97},"end":{"line":24,"column":101}}]},"6":{"line":63,"type":"binary-expr","locations":[{"start":{"line":63,"column":22},"end":{"line":63,"column":95}},{"start":{"line":63,"column":99},"end":{"line":63,"column":103}}]},"7":{"line":92,"type":"switch","locations":[{"start":{"line":94,"column":4},"end":{"line":97,"column":12}},{"start":{"line":99,"column":4},"end":{"line":103,"column":12}},{"start":{"line":105,"column":4},"end":{"line":108,"column":12}},{"start":{"line":110,"column":4},"end":{"line":112,"column":12}},{"start":{"line":114,"column":4},"end":{"line":114,"column":12}}]},"8":{"line":100,"type":"if","locations":[{"start":{"line":100,"column":6},"end":{"line":100,"column":6}},{"start":{"line":100,"column":6},"end":{"line":100,"column":6}}]},"9":{"line":100,"type":"binary-expr","locations":[{"start":{"line":100,"column":10},"end":{"line":100,"column":35}},{"start":{"line":100,"column":39},"end":{"line":100,"column":50}}]}},"l":{"1":6,"2":6,"3":6,"4":6,"5":6,"7":6,"9":6,"12":2,"13":0,"16":2,"17":0,"18":0,"19":0,"23":2,"24":0,"27":2,"28":0,"31":2,"32":0,"35":2,"36":0,"39":2,"40":0,"41":0,"45":2,"46":0,"47":0,"51":2,"52":0,"53":0,"54":0,"57":6,"60":0,"63":0,"66":0,"69":0,"70":0,"71":0,"75":0,"79":0,"83":0,"87":0,"91":6,"92":0,"95":0,"96":0,"97":0,"100":0,"101":0,"103":0,"106":0,"107":0,"108":0,"111":0,"112":0,"119":6}},
"/Users/abiodun/projects/andela_projects/Zhishi-Frontend/app/js/config/CookieVariables.js":{"path":"/Users/abiodun/projects/andela_projects/Zhishi-Frontend/app/js/config/CookieVariables.js","s":{"1":2},"b":{},"f":{},"fnMap":{},"statementMap":{"1":{"start":{"line":3,"column":0},"end":{"line":7,"column":26},"skip":true}},"branchMap":{},"l":{"3":2}},
"/Users/abiodun/projects/andela_projects/Zhishi-Frontend/app/js/components/layouts/Votes.react.js":{"path":"/Users/abiodun/projects/andela_projects/Zhishi-Frontend/app/js/components/layouts/Votes.react.js","s":{"1":3,"2":3,"3":2,"4":3,"5":6,"6":6,"7":6,"8":6,"9":6,"10":6,"11":3,"12":3,"13":3,"14":3,"15":0,"16":3,"17":3,"18":3,"19":3,"20":3,"21":3,"22":3,"23":2,"24":9,"25":2,"26":0,"27":0,"28":2,"29":0,"30":0,"31":0,"32":2,"33":3,"34":0,"35":3,"36":3,"37":3,"38":3,"39":3,"40":2,"41":0,"42":0,"43":3,"44":0,"45":0,"46":0,"47":0,"48":0,"49":0,"50":3,"51":3},"b":{"1":[6,6],"2":[6,0],"3":[3,0],"4":[0,3],"5":[3,6],"6":[9,9],"7":[0,0],"8":[0,0],"9":[0,0],"10":[0,0,0],"11":[0,3],"12":[3,0],"13":[3,3],"14":[3,0],"15":[3,0],"16":[0,0]},"f":{"1":3,"2":3,"3":3,"4":9,"5":0,"6":0,"7":3,"8":3,"9":0,"10":0,"11":0,"12":0},"fnMap":{"1":{"name":"(anonymous_1)","line":1,"loc":{"start":{"line":1,"column":118},"end":{"line":1,"column":130}}},"2":{"name":"defineProperties","line":1,"loc":{"start":{"line":1,"column":131},"end":{"line":1,"column":172}}},"3":{"name":"(anonymous_3)","line":1,"loc":{"start":{"line":1,"column":446},"end":{"line":1,"column":494}}},"4":{"name":"_interopRequireDefault","line":3,"loc":{"start":{"line":3,"column":143},"end":{"line":3,"column":180}}},"5":{"name":"_classCallCheck","line":3,"loc":{"start":{"line":3,"column":236},"end":{"line":3,"column":284}}},"6":{"name":"_possibleConstructorReturn","line":3,"loc":{"start":{"line":3,"column":385},"end":{"line":3,"column":433}}},"7":{"name":"_inherits","line":3,"loc":{"start":{"line":3,"column":620},"end":{"line":3,"column":661}}},"8":{"name":"(anonymous_8)","line":6,"loc":{"start":{"line":6,"column":8},"end":{"line":6,"column":36}}},"9":{"name":"Votes","line":7,"loc":{"start":{"line":7,"column":2},"end":{"line":7,"column":33}}},"10":{"name":"vote","line":8,"loc":{"start":{"line":8,"column":56},"end":{"line":11,"column":11}}},"11":{"name":"(anonymous_11)","line":14,"loc":{"start":{"line":14,"column":187},"end":{"line":14,"column":203}}},"12":{"name":"render","line":16,"loc":{"start":{"line":16,"column":67},"end":{"line":20,"column":4}}}},"statementMap":{"1":{"start":{"line":1,"column":37},"end":{"line":1,"column":99},"skip":true},"2":{"start":{"line":1,"column":99},"end":{"line":1,"column":648}},"3":{"start":{"line":1,"column":131},"end":{"line":1,"column":439}},"4":{"start":{"line":1,"column":173},"end":{"line":1,"column":438}},"5":{"start":{"line":1,"column":213},"end":{"line":1,"column":239}},"6":{"start":{"line":1,"column":239},"end":{"line":1,"column":294}},"7":{"start":{"line":1,"column":294},"end":{"line":1,"column":325}},"8":{"start":{"line":1,"column":325},"end":{"line":1,"column":379}},"9":{"start":{"line":1,"column":352},"end":{"line":1,"column":379}},"10":{"start":{"line":1,"column":379},"end":{"line":1,"column":437}},"11":{"start":{"line":1,"column":439},"end":{"line":1,"column":644}},"12":{"start":{"line":1,"column":495},"end":{"line":1,"column":563}},"13":{"start":{"line":1,"column":511},"end":{"line":1,"column":563}},"14":{"start":{"line":1,"column":563},"end":{"line":1,"column":623}},"15":{"start":{"line":1,"column":580},"end":{"line":1,"column":623}},"16":{"start":{"line":1,"column":623},"end":{"line":1,"column":642}},"17":{"start":{"line":1,"column":648},"end":{"line":1,"column":702}},"18":{"start":{"line":1,"column":727},"end":{"line":1,"column":772}},"19":{"start":{"line":2,"column":0},"end":{"line":2,"column":83}},"20":{"start":{"line":2,"column":108},"end":{"line":2,"column":165}},"21":{"start":{"line":3,"column":0},"end":{"line":3,"column":71}},"22":{"start":{"line":3,"column":96},"end":{"line":3,"column":143}},"23":{"start":{"line":3,"column":143},"end":{"line":3,"column":236}},"24":{"start":{"line":3,"column":181},"end":{"line":3,"column":235}},"25":{"start":{"line":3,"column":236},"end":{"line":3,"column":385}},"26":{"start":{"line":3,"column":285},"end":{"line":3,"column":384}},"27":{"start":{"line":3,"column":326},"end":{"line":3,"column":383}},"28":{"start":{"line":3,"column":385},"end":{"line":3,"column":620}},"29":{"start":{"line":3,"column":434},"end":{"line":3,"column":533}},"30":{"start":{"line":3,"column":446},"end":{"line":3,"column":532}},"31":{"start":{"line":3,"column":533},"end":{"line":3,"column":619}},"32":{"start":{"line":3,"column":620},"end":{"line":3,"column":1108}},"33":{"start":{"line":3,"column":662},"end":{"line":3,"column":825}},"34":{"start":{"line":3,"column":724},"end":{"line":3,"column":824}},"35":{"start":{"line":3,"column":825},"end":{"line":3,"column":989}},"36":{"start":{"line":3,"column":989},"end":{"line":3,"column":1107}},"37":{"start":{"line":3,"column":1005},"end":{"line":3,"column":1107}},"38":{"start":{"line":3,"column":1108},"end":{"line":25,"column":299}},"39":{"start":{"line":6,"column":37},"end":{"line":6,"column":72}},"40":{"start":{"line":7,"column":2},"end":{"line":8,"column":13}},"41":{"start":{"line":7,"column":58},"end":{"line":7,"column":87}},"42":{"start":{"line":7,"column":112},"end":{"line":8,"column":12}},"43":{"start":{"line":8,"column":13},"end":{"line":25,"column":232}},"44":{"start":{"line":12,"column":6},"end":{"line":12,"column":50}},"45":{"start":{"line":13,"column":6},"end":{"line":13,"column":29}},"46":{"start":{"line":14,"column":30},"end":{"line":16,"column":38}},"47":{"start":{"line":15,"column":8},"end":{"line":15,"column":88}},"48":{"start":{"line":16,"column":8},"end":{"line":16,"column":35}},"49":{"start":{"line":21,"column":6},"end":{"line":25,"column":226}},"50":{"start":{"line":25,"column":232},"end":{"line":25,"column":245}},"51":{"start":{"line":25,"column":324},"end":{"line":31,"column":6}}},"branchMap":{"1":{"line":1,"type":"binary-expr","locations":[{"start":{"line":1,"column":263},"end":{"line":1,"column":284}},{"start":{"line":1,"column":288},"end":{"line":1,"column":293}}]},"2":{"line":1,"type":"if","locations":[{"start":{"line":1,"column":325},"end":{"line":1,"column":325}},{"start":{"line":1,"column":325},"end":{"line":1,"column":325}}]},"3":{"line":1,"type":"if","locations":[{"start":{"line":1,"column":495},"end":{"line":1,"column":495}},{"start":{"line":1,"column":495},"end":{"line":1,"column":495}}]},"4":{"line":1,"type":"if","locations":[{"start":{"line":1,"column":563},"end":{"line":1,"column":563}},{"start":{"line":1,"column":563},"end":{"line":1,"column":563}}]},"5":{"line":3,"type":"cond-expr","locations":[{"start":{"line":3,"column":212},"end":{"line":3,"column":215}},{"start":{"line":3,"column":218},"end":{"line":3,"column":234}}]},"6":{"line":3,"type":"binary-expr","locations":[{"start":{"line":3,"column":188},"end":{"line":3,"column":191}},{"start":{"line":3,"column":195},"end":{"line":3,"column":209}}]},"7":{"line":3,"type":"if","locations":[{"start":{"line":3,"column":285},"end":{"line":3,"column":285}},{"start":{"line":3,"column":285},"end":{"line":3,"column":285}}]},"8":{"line":3,"type":"if","locations":[{"start":{"line":3,"column":434},"end":{"line":3,"column":434}},{"start":{"line":3,"column":434},"end":{"line":3,"column":434}}]},"9":{"line":3,"type":"cond-expr","locations":[{"start":{"line":3,"column":607},"end":{"line":3,"column":611}},{"start":{"line":3,"column":614},"end":{"line":3,"column":618}}]},"10":{"line":3,"type":"binary-expr","locations":[{"start":{"line":3,"column":540},"end":{"line":3,"column":544}},{"start":{"line":3,"column":549},"end":{"line":3,"column":573}},{"start":{"line":3,"column":577},"end":{"line":3,"column":603}}]},"11":{"line":3,"type":"if","locations":[{"start":{"line":3,"column":662},"end":{"line":3,"column":662}},{"start":{"line":3,"column":662},"end":{"line":3,"column":662}}]},"12":{"line":3,"type":"binary-expr","locations":[{"start":{"line":3,"column":666},"end":{"line":3,"column":698}},{"start":{"line":3,"column":702},"end":{"line":3,"column":721}}]},"13":{"line":3,"type":"binary-expr","locations":[{"start":{"line":3,"column":860},"end":{"line":3,"column":870}},{"start":{"line":3,"column":874},"end":{"line":3,"column":894}}]},"14":{"line":3,"type":"if","locations":[{"start":{"line":3,"column":989},"end":{"line":3,"column":989}},{"start":{"line":3,"column":989},"end":{"line":3,"column":989}}]},"15":{"line":3,"type":"cond-expr","locations":[{"start":{"line":3,"column":1029},"end":{"line":3,"column":1072}},{"start":{"line":3,"column":1075},"end":{"line":3,"column":1106}}]},"16":{"line":24,"type":"binary-expr","locations":[{"start":{"line":24,"column":147},"end":{"line":24,"column":178}},{"start":{"line":24,"column":182},"end":{"line":24,"column":183}}]}},"l":{"1":6,"2":3,"3":9,"6":3,"7":2,"8":3,"12":0,"13":0,"14":0,"15":0,"16":0,"21":0,"25":3}},
"/Users/abiodun/projects/andela_projects/Zhishi-Frontend/app/js/actions/VoteActions.js":{"path":"/Users/abiodun/projects/andela_projects/Zhishi-Frontend/app/js/actions/VoteActions.js","s":{"1":2,"2":2,"3":2,"4":2,"5":2,"6":0,"7":2},"b":{},"f":{"1":0},"fnMap":{"1":{"name":"updateVotes","line":9,"loc":{"start":{"line":9,"column":15},"end":{"line":9,"column":66}}}},"statementMap":{"1":{"start":{"line":1,"column":37},"end":{"line":1,"column":99},"skip":true},"2":{"start":{"line":1,"column":99},"end":{"line":1,"column":115}},"3":{"start":{"line":3,"column":0},"end":{"line":3,"column":59}},"4":{"start":{"line":4,"column":0},"end":{"line":4,"column":62}},"5":{"start":{"line":6,"column":0},"end":{"line":12,"column":24}},"6":{"start":{"line":10,"column":4},"end":{"line":12,"column":20}},"7":{"start":{"line":12,"column":49},"end":{"line":20,"column":12}}},"branchMap":{},"l":{"1":2,"3":2,"4":2,"6":2,"10":0,"12":2}},
"/Users/abiodun/projects/andela_projects/Zhishi-Frontend/app/js/components/comments/Index.react.js":{"path":"/Users/abiodun/projects/andela_projects/Zhishi-Frontend/app/js/components/comments/Index.react.js","s":{"1":3,"2":2,"3":3,"4":12,"5":12,"6":12,"7":12,"8":12,"9":12,"10":3,"11":3,"12":3,"13":3,"14":0,"15":3,"16":3,"17":3,"18":3,"19":3,"20":3,"21":3,"22":3,"23":3,"24":3,"25":3,"26":3,"27":3,"28":3,"29":3,"30":2,"31":21,"32":2,"33":0,"34":0,"35":2,"36":0,"37":0,"38":0,"39":2,"40":3,"41":0,"42":3,"43":3,"44":3,"45":2,"46":0,"47":0,"48":0,"49":0,"50":0,"51":3,"52":3,"53":2,"54":0,"55":0,"56":0,"57":0,"58":3,"59":0,"60":0,"61":0,"62":0,"63":0,"64":0,"65":0,"66":0,"67":0,"68":0,"69":3,"70":3},"b":{"1":[12,12],"2":[12,0],"3":[3,0],"4":[0,3],"5":[15,6],"6":[21,21],"7":[0,0],"8":[0,0],"9":[0,0],"10":[0,0,0],"11":[0,3],"12":[3,0],"13":[3,3],"14":[3,0],"15":[3,0],"16":[0,0],"17":[0,0],"18":[0,0]},"f":{"1":3,"2":3,"3":3,"4":21,"5":0,"6":0,"7":3,"8":0,"9":3,"10":0,"11":0,"12":0,"13":0,"14":0},"fnMap":{"1":{"name":"(anonymous_1)","line":1,"loc":{"start":{"line":1,"column":56},"end":{"line":1,"column":68}},"skip":true},"2":{"name":"defineProperties","line":1,"loc":{"start":{"line":1,"column":69},"end":{"line":1,"column":110}},"skip":true},"3":{"name":"(anonymous_3)","line":1,"loc":{"start":{"line":1,"column":384},"end":{"line":1,"column":432}},"skip":true},"4":{"name":"_interopRequireDefault","line":7,"loc":{"start":{"line":7,"column":140},"end":{"line":7,"column":177}}},"5":{"name":"_classCallCheck","line":7,"loc":{"start":{"line":7,"column":233},"end":{"line":7,"column":281}}},"6":{"name":"_possibleConstructorReturn","line":7,"loc":{"start":{"line":7,"column":382},"end":{"line":7,"column":430}}},"7":{"name":"_inherits","line":7,"loc":{"start":{"line":7,"column":617},"end":{"line":7,"column":658}}},"8":{"name":"getCommentsState","line":10,"loc":{"start":{"line":10,"column":0},"end":{"line":10,"column":32}}},"9":{"name":"(anonymous_9)","line":24,"loc":{"start":{"line":24,"column":14},"end":{"line":24,"column":42}}},"10":{"name":"AllComments","line":25,"loc":{"start":{"line":25,"column":2},"end":{"line":25,"column":39}}},"11":{"name":"componentDidMount","line":27,"loc":{"start":{"line":27,"column":172},"end":{"line":30,"column":4}}},"12":{"name":"componentWillUnmount","line":31,"loc":{"start":{"line":31,"column":141},"end":{"line":33,"column":4}}},"13":{"name":"_onChange","line":34,"loc":{"start":{"line":34,"column":133},"end":{"line":36,"column":4}}},"14":{"name":"render","line":37,"loc":{"start":{"line":37,"column":84},"end":{"line":40,"column":4}}}},"statementMap":{"1":{"start":{"line":1,"column":37},"end":{"line":1,"column":586},"skip":true},"2":{"start":{"line":1,"column":69},"end":{"line":1,"column":377},"skip":true},"3":{"start":{"line":1,"column":111},"end":{"line":1,"column":376},"skip":true},"4":{"start":{"line":1,"column":151},"end":{"line":1,"column":177},"skip":true},"5":{"start":{"line":1,"column":177},"end":{"line":1,"column":232},"skip":true},"6":{"start":{"line":1,"column":232},"end":{"line":1,"column":263},"skip":true},"7":{"start":{"line":1,"column":263},"end":{"line":1,"column":317},"skip":true},"8":{"start":{"line":1,"column":290},"end":{"line":1,"column":317},"skip":true},"9":{"start":{"line":1,"column":317},"end":{"line":1,"column":375},"skip":true},"10":{"start":{"line":1,"column":377},"end":{"line":1,"column":582},"skip":true},"11":{"start":{"line":1,"column":433},"end":{"line":1,"column":501},"skip":true},"12":{"start":{"line":1,"column":449},"end":{"line":1,"column":501},"skip":true},"13":{"start":{"line":1,"column":501},"end":{"line":1,"column":561},"skip":true},"14":{"start":{"line":1,"column":518},"end":{"line":1,"column":561},"skip":true},"15":{"start":{"line":1,"column":561},"end":{"line":1,"column":580},"skip":true},"16":{"start":{"line":1,"column":586},"end":{"line":1,"column":640}},"17":{"start":{"line":1,"column":665},"end":{"line":1,"column":710}},"18":{"start":{"line":2,"column":0},"end":{"line":2,"column":60}},"19":{"start":{"line":2,"column":85},"end":{"line":2,"column":128}},"20":{"start":{"line":3,"column":0},"end":{"line":3,"column":58}},"21":{"start":{"line":3,"column":83},"end":{"line":3,"column":124}},"22":{"start":{"line":4,"column":0},"end":{"line":4,"column":84}},"23":{"start":{"line":4,"column":109},"end":{"line":4,"column":168}},"24":{"start":{"line":5,"column":0},"end":{"line":5,"column":89}},"25":{"start":{"line":5,"column":114},"end":{"line":5,"column":177}},"26":{"start":{"line":6,"column":0},"end":{"line":6,"column":71}},"27":{"start":{"line":6,"column":96},"end":{"line":6,"column":143}},"28":{"start":{"line":7,"column":0},"end":{"line":7,"column":68}},"29":{"start":{"line":7,"column":93},"end":{"line":7,"column":140}},"30":{"start":{"line":7,"column":140},"end":{"line":7,"column":233}},"31":{"start":{"line":7,"column":178},"end":{"line":7,"column":232}},"32":{"start":{"line":7,"column":233},"end":{"line":7,"column":382}},"33":{"start":{"line":7,"column":282},"end":{"line":7,"column":381}},"34":{"start":{"line":7,"column":323},"end":{"line":7,"column":380}},"35":{"start":{"line":7,"column":382},"end":{"line":7,"column":617}},"36":{"start":{"line":7,"column":431},"end":{"line":7,"column":530}},"37":{"start":{"line":7,"column":443},"end":{"line":7,"column":529}},"38":{"start":{"line":7,"column":530},"end":{"line":7,"column":616}},"39":{"start":{"line":7,"column":617},"end":{"line":7,"column":1105}},"40":{"start":{"line":7,"column":659},"end":{"line":7,"column":822}},"41":{"start":{"line":7,"column":721},"end":{"line":7,"column":821}},"42":{"start":{"line":7,"column":822},"end":{"line":7,"column":986}},"43":{"start":{"line":7,"column":986},"end":{"line":7,"column":1104}},"44":{"start":{"line":7,"column":1002},"end":{"line":7,"column":1104}},"45":{"start":{"line":10,"column":0},"end":{"line":20,"column":16}},"46":{"start":{"line":11,"column":2},"end":{"line":11,"column":114}},"47":{"start":{"line":12,"column":2},"end":{"line":20,"column":15}},"48":{"start":{"line":13,"column":4},"end":{"line":13,"column":34}},"49":{"start":{"line":15,"column":4},"end":{"line":19,"column":5}},"50":{"start":{"line":20,"column":4},"end":{"line":20,"column":14}},"51":{"start":{"line":20,"column":41},"end":{"line":57,"column":223}},"52":{"start":{"line":24,"column":43},"end":{"line":24,"column":84}},"53":{"start":{"line":25,"column":2},"end":{"line":27,"column":110}},"54":{"start":{"line":25,"column":64},"end":{"line":25,"column":99}},"55":{"start":{"line":25,"column":124},"end":{"line":26,"column":12}},"56":{"start":{"line":27,"column":28},"end":{"line":27,"column":71}},"57":{"start":{"line":27,"column":96},"end":{"line":27,"column":109}},"58":{"start":{"line":27,"column":110},"end":{"line":57,"column":150}},"59":{"start":{"line":31,"column":30},"end":{"line":31,"column":98}},"60":{"start":{"line":34,"column":30},"end":{"line":34,"column":101}},"61":{"start":{"line":37,"column":6},"end":{"line":37,"column":55}},"62":{"start":{"line":41,"column":6},"end":{"line":41,"column":35}},"63":{"start":{"line":42,"column":6},"end":{"line":42,"column":33}},"64":{"start":{"line":43,"column":6},"end":{"line":46,"column":210}},"65":{"start":{"line":44,"column":8},"end":{"line":44,"column":48}},"66":{"start":{"line":45,"column":8},"end":{"line":46,"column":209}},"67":{"start":{"line":46,"column":10},"end":{"line":46,"column":208}},"68":{"start":{"line":52,"column":6},"end":{"line":57,"column":144}},"69":{"start":{"line":57,"column":150},"end":{"line":57,"column":169}},"70":{"start":{"line":62,"column":0},"end":{"line":62,"column":29}}},"branchMap":{"1":{"line":1,"type":"binary-expr","locations":[{"start":{"line":1,"column":201},"end":{"line":1,"column":222},"skip":true},{"start":{"line":1,"column":226},"end":{"line":1,"column":231},"skip":true}]},"2":{"line":1,"type":"if","locations":[{"start":{"line":1,"column":263},"end":{"line":1,"column":263},"skip":true},{"start":{"line":1,"column":263},"end":{"line":1,"column":263},"skip":true}]},"3":{"line":1,"type":"if","locations":[{"start":{"line":1,"column":433},"end":{"line":1,"column":433},"skip":true},{"start":{"line":1,"column":433},"end":{"line":1,"column":433},"skip":true}]},"4":{"line":1,"type":"if","locations":[{"start":{"line":1,"column":501},"end":{"line":1,"column":501},"skip":true},{"start":{"line":1,"column":501},"end":{"line":1,"column":501},"skip":true}]},"5":{"line":7,"type":"cond-expr","locations":[{"start":{"line":7,"column":209},"end":{"line":7,"column":212}},{"start":{"line":7,"column":215},"end":{"line":7,"column":231}}]},"6":{"line":7,"
[...]
33}},"7":{"start":{"line":6,"column":178},"end":{"line":6,"column":232}},"8":{"start":{"line":6,"column":233},"end":{"line":6,"column":292}},"9":{"start":{"line":6,"column":292},"end":{"line":6,"column":342}},"10":{"start":{"line":6,"column":342},"end":{"line":6,"column":404}},"11":{"start":{"line":6,"column":404},"end":{"line":6,"column":442}},"12":{"start":{"line":9,"column":0},"end":{"line":9,"column":28}},"13":{"start":{"line":11,"column":0},"end":{"line":11,"column":95}},"14":{"start":{"line":13,"column":0},"end":{"line":15,"column":117}},"15":{"start":{"line":14,"column":2},"end":{"line":14,"column":79}},"16":{"start":{"line":15,"column":26},"end":{"line":15,"column":115}},"17":{"start":{"line":18,"column":0},"end":{"line":19,"column":135}},"18":{"start":{"line":19,"column":2},"end":{"line":19,"column":133}},"19":{"start":{"line":19,"column":61},"end":{"line":19,"column":130},"skip":true},"20":{"start":{"line":22,"column":0},"end":{"line":24,"column":70}},"21":{"start":{"line":23,"column":2},"end":{"line":23,"column":49}},"22":{"start":{"line":24,"column":2},"end":{"line":24,"column":68}},"23":{"start":{"line":27,"column":0},"end":{"line":28,"column":47}},"24":{"start":{"line":28,"column":2},"end":{"line":28,"column":45}},"25":{"start":{"line":31,"column":0},"end":{"line":32,"column":78}},"26":{"start":{"line":32,"column":2},"end":{"line":32,"column":76}},"27":{"start":{"line":35,"column":0},"end":{"line":38,"column":61}},"28":{"start":{"line":36,"column":2},"end":{"line":36,"column":73}},"29":{"start":{"line":37,"column":2},"end":{"line":37,"column":130}},"30":{"start":{"line":38,"column":2},"end":{"line":38,"column":59}},"31":{"start":{"line":41,"column":0},"end":{"line":42,"column":85}},"32":{"start":{"line":42,"column":2},"end":{"line":42,"column":83}},"33":{"start":{"line":45,"column":0},"end":{"line":46,"column":21}},"34":{"start":{"line":46,"column":2},"end":{"line":46,"column":19}},"35":{"start":{"line":49,"column":0},"end":{"line":50,"column":70}},"36":{"start":{"line":50,"column":2},"end":{"line":50,"column":68}},"37":{"start":{"line":54,"column":0},"end":{"line":81,"column":53}},"38":{"start":{"line":57,"column":4},"end":{"line":57,"column":68}},"39":{"start":{"line":61,"column":4},"end":{"line":61,"column":84}},"40":{"start":{"line":65,"column":4},"end":{"line":65,"column":154}},"41":{"start":{"line":69,"column":4},"end":{"line":69,"column":25}},"42":{"start":{"line":73,"column":4},"end":{"line":73,"column":28}},"43":{"start":{"line":77,"column":4},"end":{"line":77,"column":36}},"44":{"start":{"line":81,"column":4},"end":{"line":81,"column":48}},"45":{"start":{"line":86,"column":0},"end":{"line":151,"column":6}},"46":{"start":{"line":87,"column":2},"end":{"line":87,"column":11}},"47":{"start":{"line":89,"column":2},"end":{"line":151,"column":3}},"48":{"start":{"line":92,"column":6},"end":{"line":95,"column":35}},"49":{"start":{"line":93,"column":8},"end":{"line":93,"column":82}},"50":{"start":{"line":94,"column":8},"end":{"line":94,"column":49}},"51":{"start":{"line":95,"column":8},"end":{"line":95,"column":34}},"52":{"start":{"line":97,"column":6},"end":{"line":97,"column":12}},"53":{"start":{"line":100,"column":6},"end":{"line":102,"column":35}},"54":{"start":{"line":101,"column":8},"end":{"line":101,"column":61}},"55":{"start":{"line":102,"column":8},"end":{"line":102,"column":34}},"56":{"start":{"line":104,"column":6},"end":{"line":104,"column":12}},"57":{"start":{"line":114,"column":6},"end":{"line":116,"column":35}},"58":{"start":{"line":115,"column":8},"end":{"line":115,"column":65}},"59":{"start":{"line":116,"column":8},"end":{"line":116,"column":34}},"60":{"start":{"line":118,"column":6},"end":{"line":118,"column":12}},"61":{"start":{"line":121,"column":6},"end":{"line":123,"column":35}},"62":{"start":{"line":122,"column":8},"end":{"line":122,"column":47}},"63":{"start":{"line":123,"column":8},"end":{"line":123,"column":34}},"64":{"start":{"line":125,"column":6},"end":{"line":125,"column":12}},"65":{"start":{"line":129,"column":6},"end":{"line":130,"column":55}},"66":{"start":{"line":130,"column":8},"end":{"line":130,"column":54}},"67":{"start":{"line":132,"column":6},"end":{"line":132,"column":32}},"68":{"start":{"line":133,"column":6},"end":{"line":133,"column":12}},"69":{"start":{"line":136,"column":6},"end":{"line":137,"column":55}},"70":{"start":{"line":137,"column":8},"end":{"line":137,"column":54}},"71":{"start":{"line":139,"column":6},"end":{"line":139,"column":32}},"72":{"start":{"line":140,"column":6},"end":{"line":140,"column":12}},"73":{"start":{"line":143,"column":6},"end":{"line":145,"column":35}},"74":{"start":{"line":144,"column":8},"end":{"line":144,"column":95}},"75":{"start":{"line":145,"column":8},"end":{"line":145,"column":34}},"76":{"start":{"line":147,"column":6},"end":{"line":147,"column":12}},"77":{"start":{"line":151,"column":31},"end":{"line":154,"column":13}}},"branchMap":{"1":{"line":6,"type":"cond-expr","locations":[{"start":{"line":6,"column":209},"end":{"line":6,"column":212}},{"start":{"line":6,"column":215},"end":{"line":6,"column":231}}]},"2":{"line":6,"type":"binary-expr","locations":[{"start":{"line":6,"column":185},"end":{"line":6,"column":188}},{"start":{"line":6,"column":192},"end":{"line":6,"column":206}}]},"3":{"line":57,"type":"cond-expr","locations":[{"start":{"line":57,"column":36},"end":{"line":57,"column":62}},{"start":{"line":57,"column":65},"end":{"line":57,"column":67}}]},"4":{"line":61,"type":"cond-expr","locations":[{"start":{"line":61,"column":38},"end":{"line":61,"column":75}},{"start":{"line":61,"column":78},"end":{"line":61,"column":83}}]},"5":{"line":65,"type":"cond-expr","locations":[{"start":{"line":65,"column":87},"end":{"line":65,"column":145}},{"start":{"line":65,"column":148},"end":{"line":65,"column":153}}]},"6":{"line":65,"type":"binary-expr","locations":[{"start":{"line":65,"column":11},"end":{"line":65,"column":39}},{"start":{"line":65,"column":43},"end":{"line":65,"column":84}}]},"7":{"line":89,"type":"switch","locations":[{"start":{"line":91,"column":4},"end":{"line":97,"column":12}},{"start":{"line":99,"column":4},"end":{"line":104,"column":12}},{"start":{"line":113,"column":4},"end":{"line":118,"column":12}},{"start":{"line":120,"column":4},"end":{"line":125,"column":12}},{"start":{"line":128,"column":4},"end":{"line":133,"column":12}},{"start":{"line":135,"column":4},"end":{"line":140,"column":12}},{"start":{"line":142,"column":4},"end":{"line":147,"column":12}},{"start":{"line":149,"column":4},"end":{"line":149,"column":12}}]},"8":{"line":92,"type":"if","locations":[{"start":{"line":92,"column":6},"end":{"line":92,"column":6}},{"start":{"line":92,"column":6},"end":{"line":92,"column":6}}]},"9":{"line":92,"type":"binary-expr","locations":[{"start":{"line":92,"column":10},"end":{"line":92,"column":21}},{"start":{"line":92,"column":25},"end":{"line":92,"column":45}}]},"10":{"line":100,"type":"if","locations":[{"start":{"line":100,"column":6},"end":{"line":100,"column":6}},{"start":{"line":100,"column":6},"end":{"line":100,"column":6}}]},"11":{"line":100,"type":"binary-expr","locations":[{"start":{"line":100,"column":10},"end":{"line":100,"column":21}},{"start":{"line":100,"column":25},"end":{"line":100,"column":45}}]},"12":{"line":114,"type":"if","locations":[{"start":{"line":114,"column":6},"end":{"line":114,"column":6}},{"start":{"line":114,"column":6},"end":{"line":114,"column":6}}]},"13":{"line":121,"type":"if","locations":[{"start":{"line":121,"column":6},"end":{"line":121,"column":6}},{"start":{"line":121,"column":6},"end":{"line":121,"column":6}}]},"14":{"line":129,"type":"if","locations":[{"start":{"line":129,"column":6},"end":{"line":129,"column":6}},{"start":{"line":129,"column":6},"end":{"line":129,"column":6}}]},"15":{"line":129,"type":"binary-expr","locations":[{"start":{"line":129,"column":10},"end":{"line":129,"column":21}},{"start":{"line":129,"column":25},"end":{"line":129,"column":44}}]},"16":{"line":136,"type":"if","locations":[{"start":{"line":136,"column":6},"end":{"line":136,"column":6}},{"start":{"line":136,"column":6},"end":{"line":136,"column":6}}]},"17":{"line":136,"type":"binary-expr","locations":[{"start":{"line":136,"column":10},"end":{"line":136,"column":21}},{"start":{"line":136,"column":25},"end":{"line":136,"column":44}}]},"18":{"line":143,"type":"if","locations":[{"start":{"line":143,"column":6},"end":{"line":143,"column":6}},{"start":{"line":143,"column":6},"end":{"line":143,"column":6}}]}},"l":{"1":2,"5":2,"6":4,"9":2,"11":2,"13":2,"14":0,"15":0,"18":2,"19":1,"22":2,"23":0,"24":0,"27":2,"28":0,"31":2,"32":0,"35":2,"36":0,"37":0,"38":0,"41":2,"42":0,"45":2,"46":0,"49":2,"50":0,"54":2,"57":0,"61":0,"65":0,"69":0,"73":0,"77":0,"81":0,"86":2,"87":0,"89":0,"92":0,"93":0,"94":0,"95":0,"97":0,"100":0,"101":0,"102":0,"104":0,"114":0,"115":0,"116":0,"118":0,"121":0,"122":0,"123":0,"125":0,"129":0,"130":0,"132":0,"133":0,"136":0,"137":0,"139":0,"140":0,"143":0,"144":0,"145":0,"147":0,"151":2}},
"/Users/abiodun/projects/andela_projects/Zhishi-Frontend/app/js/components/answers/Index.react.js":{"path":"/Users/abiodun/projects/andela_projects/Zhishi-Frontend/app/js/components/answers/Index.react.js","s":{"1":1,"2":1,"3":1,"4":1,"5":5,"6":5,"7":5,"8":5,"9":5,"10":5,"11":1,"12":1,"13":1,"14":1,"15":0,"16":1,"17":1,"18":1,"19":1,"20":1,"21":1,"22":1,"23":1,"24":1,"25":1,"26":1,"27":1,"28":5,"29":1,"30":6,"31":0,"32":1,"33":6,"34":0,"35":6,"36":1,"37":1,"38":0,"39":1,"40":1,"41":1,"42":1,"43":7,"44":5,"45":2,"46":1,"47":1,"48":1,"49":6,"50":6,"51":6,"52":6,"53":1,"54":6,"55":6,"56":1,"57":1,"58":1,"59":1,"60":1,"61":6,"62":6,"63":6,"64":6,"65":5,"66":6,"67":6,"68":1,"69":1},"b":{"1":[5,5],"2":[5,0],"3":[1,0],"4":[0,1],"5":[3,2],"6":[5,5],"7":[0,6],"8":[0,6],"9":[0,6],"10":[6,0,0],"11":[0,1],"12":[1,0],"13":[1,1],"14":[1,0],"15":[1,0],"16":[5,2],"17":[6,0],"18":[1,5],"19":[6,3]},"f":{"1":1,"2":1,"3":1,"4":5,"5":6,"6":6,"7":1,"8":7,"9":1,"10":6,"11":6,"12":1,"13":1,"14":1,"15":6},"fnMap":{"1":{"name":"(anonymous_1)","line":1,"loc":{"start":{"line":1,"column":118},"end":{"line":1,"column":130}}},"2":{"name":"defineProperties","line":1,"loc":{"start":{"line":1,"column":131},"end":{"line":1,"column":172}}},"3":{"name":"(anonymous_3)","line":1,"loc":{"start":{"line":1,"column":446},"end":{"line":1,"column":494}}},"4":{"name":"_interopRequireDefault","line":7,"loc":{"start":{"line":7,"column":140},"end":{"line":7,"column":177}}},"5":{"name":"_classCallCheck","line":7,"loc":{"start":{"line":7,"column":233},"end":{"line":7,"column":281}}},"6":{"name":"_possibleConstructorReturn","line":7,"loc":{"start":{"line":7,"column":382},"end":{"line":7,"column":430}}},"7":{"name":"_inherits","line":7,"loc":{"start":{"line":7,"column":617},"end":{"line":7,"column":658}}},"8":{"name":"getAnswersState","line":9,"loc":{"start":{"line":9,"column":0},"end":{"line":9,"column":38}}},"9":{"name":"(anonymous_9)","line":22,"loc":{"start":{"line":22,"column":13},"end":{"line":22,"column":41}}},"10":{"name":"AllAnswers","line":23,"loc":{"start":{"line":23,"column":2},"end":{"line":23,"column":29}}},"11":{"name":"componentDidMount","line":25,"loc":{"start":{"line":25,"column":177},"end":{"line":28,"column":4}}},"12":{"name":"componentWillUnmount","line":30,"loc":{"start":{"line":30,"column":142},"end":{"line":32,"column":4}}},"13":{"name":"_onChange","line":34,"loc":{"start":{"line":34,"column":134},"end":{"line":36,"column":4}}},"14":{"name":"initAnswersComponent","line":38,"loc":{"start":{"line":38,"column":131},"end":{"line":42,"column":4}}},"15":{"name":"render","line":45,"loc":{"start":{"line":45,"column":106},"end":{"line":48,"column":4}}}},"statementMap":{"1":{"start":{"line":1,"column":37},"end":{"line":1,"column":99},"skip":true},"2":{"start":{"line":1,"column":99},"end":{"line":1,"column":648}},"3":{"start":{"line":1,"column":131},"end":{"line":1,"column":439}},"4":{"start":{"line":1,"column":173},"end":{"line":1,"column":438}},"5":{"start":{"line":1,"column":213},"end":{"line":1,"column":239}},"6":{"start":{"line":1,"column":239},"end":{"line":1,"column":294}},"7":{"start":{"line":1,"column":294},"end":{"line":1,"column":325}},"8":{"start":{"line":1,"column":325},"end":{"line":1,"column":379}},"9":{"start":{"line":1,"column":352},"end":{"line":1,"column":379}},"10":{"start":{"line":1,"column":379},"end":{"line":1,"column":437}},"11":{"start":{"line":1,"column":439},"end":{"line":1,"column":644}},"12":{"start":{"line":1,"column":495},"end":{"line":1,"column":563}},"13":{"start":{"line":1,"column":511},"end":{"line":1,"column":563}},"14":{"start":{"line":1,"column":563},"end":{"line":1,"column":623}},"15":{"start":{"line":1,"column":580},"end":{"line":1,"column":623}},"16":{"start":{"line":1,"column":623},"end":{"line":1,"column":642}},"17":{"start":{"line":1,"column":648},"end":{"line":1,"column":702}},"18":{"start":{"line":1,"column":727},"end":{"line":1,"column":772}},"19":{"start":{"line":2,"column":0},"end":{"line":2,"column":60}},"20":{"start":{"line":2,"column":85},"end":{"line":2,"column":128}},"21":{"start":{"line":3,"column":0},"end":{"line":3,"column":86}},"22":{"start":{"line":3,"column":111},"end":{"line":3,"column":172}},"23":{"start":{"line":4,"column":0},"end":{"line":4,"column":82}},"24":{"start":{"line":4,"column":107},"end":{"line":4,"column":164}},"25":{"start":{"line":7,"column":0},"end":{"line":7,"column":68}},"26":{"start":{"line":7,"column":93},"end":{"line":7,"column":140}},"27":{"start":{"line":7,"column":140},"end":{"line":7,"column":233}},"28":{"start":{"line":7,"column":178},"end":{"line":7,"column":232}},"29":{"start":{"line":7,"column":233},"end":{"line":7,"column":382}},"30":{"start":{"line":7,"column":282},"end":{"line":7,"column":381}},"31":{"start":{"line":7,"column":323},"end":{"line":7,"column":380}},"32":{"start":{"line":7,"column":382},"end":{"line":7,"column":617}},"33":{"start":{"line":7,"column":431},"end":{"line":7,"column":530}},"34":{"start":{"line":7,"column":443},"end":{"line":7,"column":529}},"35":{"start":{"line":7,"column":530},"end":{"line":7,"column":616}},"36":{"start":{"line":7,"column":617},"end":{"line":7,"column":1105}},"37":{"start":{"line":7,"column":659},"end":{"line":7,"column":822}},"38":{"start":{"line":7,"column":721},"end":{"line":7,"column":821}},"39":{"start":{"line":7,"column":822},"end":{"line":7,"column":986}},"40":{"start":{"line":7,"column":986},"end":{"line":7,"column":1104}},"41":{"start":{"line":7,"column":1002},"end":{"line":7,"column":1104}},"42":{"start":{"line":9,"column":0},"end":{"line":17,"column":19}},"43":{"start":{"line":10,"column":2},"end":{"line":13,"column":88}},"44":{"start":{"line":12,"column":4},"end":{"line":13,"column":87}},"45":{"start":{"line":16,"column":2},"end":{"line":17,"column":18}},"46":{"start":{"line":17,"column":44},"end":{"line":69,"column":97}},"47":{"start":{"line":22,"column":42},"end":{"line":22,"column":82}},"48":{"start":{"line":23,"column":2},"end":{"line":25,"column":116}},"49":{"start":{"line":23,"column":54},"end":{"line":23,"column":88}},"50":{"start":{"line":23,"column":113},"end":{"line":24,"column":12}},"51":{"start":{"line":25,"column":28},"end":{"line":25,"column":77}},"52":{"start":{"line":25,"column":102},"end":{"line":25,"column":115}},"53":{"start":{"line":25,"column":116},"end":{"line":69,"column":25}},"54":{"start":{"line":29,"column":30},"end":{"line":29,"column":97}},"55":{"start":{"line":30,"column":30},"end":{"line":30,"column":99}},"56":{"start":{"line":33,"column":30},"end":{"line":33,"column":100}},"57":{"start":{"line":34,"column":30},"end":{"line":34,"column":102}},"58":{"start":{"line":38,"column":6},"end":{"line":38,"column":88}},"59":{"start":{"line":43,"column":6},"end":{"line":43,"column":27}},"60":{"start":{"line":45,"column":30},"end":{"line":45,"column":77}},"61":{"start":{"line":49,"column":6},"end":{"line":49,"column":34}},"62":{"start":{"line":50,"column":6},"end":{"line":53,"column":195}},"63":{"start":{"line":51,"column":8},"end":{"line":51,"column":47}},"64":{"start":{"line":52,"column":8},"end":{"line":53,"column":194}},"65":{"start":{"line":53,"column":10},"end":{"line":53,"column":193}},"66":{"start":{"line":59,"column":6},"end":{"line":59,"column":67}},"67":{"start":{"line":60,"column":6},"end":{"line":69,"column":19}},"68":{"start":{"line":69,"column":25},"end":{"line":69,"column":43}},"69":{"start":{"line":76,"column":24},"end":{"line":76,"column":53}}},"branchMap":{"1":{"line":1,"type":"binary-expr","locations":[{"start":{"line":1,"column":263},"end":{"line":1,"column":284}},{"start":{"line":1,"column":288},"end":{"line":1,"column":293}}]},"2":{"line":1,"type":"if","locations":[{"start":{"line":1,"column":325},"end":{"line":1,"column":325}},{"start":{"line":1,"column":325},"end":{"line":1,"column":325}}]},"3":{"line":1,"type":"if","locations":[{"start":{"line":1,"column":495},"end":{"line":1,"column":495}},{"start":{"line":1,"column":495},"end":{"line":1,"column":495}}]},"4":{"line":1,"type":"if","locations":[{"start":{"line":1,"column":563},"end":{"line":1,"column":563}},{"start":{"line":1,"column":563},"end":{"line":1,"column":563}}]},"5":{"line":7,"type":"cond-expr","locations":[{"start":{"line":7,"column":209},"end":{"line":7,"column":212}},{"start":{"line":7,"column":215},"end":{"line":7,"column":231}}]},"6":{"line":7,"type":"binary-expr","locations":[{"start":{"line":7,"column":185},"end":{"line":7,"column":188}},{"start":{"line":7,"column":192},"end":{"line":7,"column":206}}]},"7":{"line":7,"type":"if","locations":[{"start":{"line":7,"column":282},"end":{"line":7,"column":282}},{"start":{"line":7,"column":282},"end":{"line":7,"column":282}}]},"8":{"line":7,"type":"if","locations":[{"start":{"line":7,"column":431},"end":{"line":7,"column":431}},{"start":{"line":7,"column":431},"end":{"line":7,"column":431}}]},"9":{"line":7,"type":"cond-expr","locations":[{"start":{"line":7,"column":604},"end":{"line":7,"column":608}},{"start":{"line":7,"column":611},"end":{"line":7,"column":615}}]},"10":{"line":7,"type":"binary-expr","locations":[{"start":{"line":7,"column":537},"end":{"line":7,"column":541}},{"start":{"line":7,"column":546},"end":{"line":7,"column":570}},{"start":{"line":7,"column":574},"end":{"line":7,"column":600}}]},"11":{"line":7,"type":"if","locations":[{"start":{"line":7,"column":659},"end":{"line":7,"column":659}},{"start":{"line":7,"column":659},"end":{"line":7,"column":659}}]},"12":{"line":7,"type":"binary-expr","locations":[{"start":{"line":7,"column":663},"end":{"line":7,"column":695}},{"start":{"line":7,"column":699},"end":{"line":7,"column":718}}]},"13":{"line":7,"type":"binary-expr","locations":[{"start":{"line":7,"column":857},"end":{"line":7,"column":867}},{"start":{"line":7,"column":871},"end":{"line":7,"column":891}}]},"14":{"line":7,"type":"if","locations":[{"start":{"line":7,"column":986},"end":{"line":7,"column":986}},{"start":{"line":7,"column":986},"end":{"line":7,"column":986}}]},"15":{"line":7,"type":"cond-expr","locations":[{"start":{"line":7,"column":1026},"end":{"line":7,"column":1069}},{"start":{"line":7,"column":1072},"end":{"line":7,"column":1103}}]},"16":{"line":10,"type":"if","locations":[{"start":{"line":10,"column":2},"end":{"line":10,"column":2}},{"start":{"line":10,"column":2},"end":{"line":10,"column":2}}]},"17":{"line":50,"type":"if","locations":[{"start":{"line":50,"column":6},"end":{"line":50,"column":6}},{"start":{"line":50,"column":6},"end":{"line":50,"column":6}}]},"18":{"line":59,"type":"cond-expr","locations":[{"start":{"line":59,"column":46},"end":{"line":59,"column":54}},{"start":{"line":59,"column":57},"end":{"line":59,"column":66}}]},"19":{"line":66,"type":"binary-expr","locations":[{"start":{"line":66,"column":8},"end":{"line":66,"column":19}},{"start":{"line":66,"column":23},"end":{"line":66,"column":27}}]}},"l":{"1":5,"2":1,"3":1,"4":1,"7":6,"9":1,"10":7,"12":5,"16":2,"17":1,"22":1,"23":6,"25":6,"29":6,"30":6,"33":1,"34":1,"38":1,"43":1,"45":1,"49":6,"50":6,"51":6,"52":6,"53":5,"59":6,"60":6,"69":1,"76":1}}}
