TN:
SF:/Users/abiodun/projects/andela_projects/Zhishi-Frontend/app/js/components/answers/Show.react.js
FN:1,(anonymous_1)
FN:1,defineProperties
FN:1,(anonymous_3)
FN:8,_interopRequireDefault
FN:8,_classCallCheck
FN:8,_possibleConstructorReturn
FN:8,_inherits
FN:11,(anonymous_8)
FN:12,AllAnswers
FN:13,componentDidMount
FN:19,(anonymous_11)
FN:20,editAnswer
FN:33,saveAnswerEdit
FN:41,questionData
FN:46,render
FNF:15
FNH:6
FNDA:2,(anonymous_1)
FNDA:2,defineProperties
FNDA:2,(anonymous_3)
FNDA:16,_interopRequireDefault
FNDA:0,_classCallCheck
FNDA:0,_possibleConstructorReturn
FNDA:2,_inherits
FNDA:2,(anonymous_8)
FNDA:0,AllAnswers
FNDA:0,componentDidMount
FNDA:0,(anonymous_11)
FNDA:0,editAnswer
FNDA:0,saveAnswerEdit
FNDA:0,questionData
FNDA:0,render
DA:1,10
DA:2,2
DA:3,2
DA:4,2
DA:5,2
DA:6,2
DA:7,2
DA:8,16
DA:11,2
DA:12,2
DA:13,2
DA:17,0
DA:18,0
DA:19,0
DA:20,0
DA:25,0
DA:26,0
DA:27,0
DA:28,0
DA:29,0
DA:30,0
DA:31,0
DA:33,0
DA:38,0
DA:39,0
DA:40,0
DA:41,0
DA:45,0
DA:46,0
DA:50,0
DA:51,0
DA:52,0
DA:53,0
DA:54,0
DA:55,0
DA:56,0
DA:57,0
DA:58,0
DA:59,1
DA:61,1
DA:62,0
DA:98,2
LF:42
LH:14
BRDA:1,1,0,10
BRDA:1,1,1,10
BRDA:1,2,0,10
BRDA:1,2,1,0
BRDA:1,3,0,2
BRDA:1,3,1,0
BRDA:1,4,0,0
BRDA:1,4,1,2
BRDA:8,5,0,8
BRDA:8,5,1,8
BRDA:8,6,0,16
BRDA:8,6,1,16
BRDA:8,7,0,0
BRDA:8,7,1,0
BRDA:8,8,0,0
BRDA:8,8,1,0
BRDA:8,9,0,0
BRDA:8,9,1,0
BRDA:8,10,0,0
BRDA:8,10,1,0
BRDA:8,10,2,0
BRDA:8,11,0,0
BRDA:8,11,1,2
BRDA:8,12,0,2
BRDA:8,12,1,0
BRDA:8,13,0,2
BRDA:8,13,1,2
BRDA:8,14,0,2
BRDA:8,14,1,0
BRDA:8,15,0,2
BRDA:8,15,1,0
BRDA:29,16,0,0
BRDA:29,16,1,0
BRDA:50,17,0,0
BRDA:50,17,1,0
BRDA:51,18,0,0
BRDA:51,18,1,0
BRDA:57,19,0,0
BRDA:57,19,1,0
BRDA:78,20,0,0
BRDA:78,20,1,0
BRDA:86,21,0,0
BRDA:86,21,1,0
BRDA:93,22,0,0
BRDA:93,22,1,0
BRF:45
BRH:17
end_of_record
TN:
SF:/Users/abiodun/projects/andela_projects/Zhishi-Frontend/app/js/actions/AnswerActions.js
FN:6,_interopRequireDefault
FN:9,createAnswer
FN:14,receiveTopAnswers
FN:21,receiveAnswers
FN:28,receiveAnswer
FN:38,editAnswer
FN:46,updateVote
FN:53,sendAnswersToSlack
FNF:8
FNH:1
FNDA:6,_interopRequireDefault
FNDA:0,createAnswer
FNDA:0,receiveTopAnswers
FNDA:0,receiveAnswers
FNDA:0,receiveAnswer
FNDA:0,editAnswer
FNDA:0,updateVote
FNDA:0,sendAnswersToSlack
DA:1,3
DA:5,3
DA:6,6
DA:8,3
DA:10,0
DA:11,0
DA:15,0
DA:22,0
DA:29,0
DA:30,0
DA:39,0
DA:47,0
DA:54,0
DA:55,0
DA:56,0
DA:57,0
DA:58,0
DA:59,3
LF:18
LH:5
BRDA:6,1,0,3
BRDA:6,1,1,3
BRDA:6,2,0,6
BRDA:6,2,1,6
BRDA:29,3,0,0
BRDA:29,3,1,0
BRDA:56,4,0,0
BRDA:56,4,1,0
BRF:8
BRH:4
end_of_record
TN:
SF:/Users/abiodun/projects/andela_projects/Zhishi-Frontend/app/js/utils/Common.js
FN:3,_interopRequireDefault
FN:6,initTinyMceContent
FN:32,initTinyMceTitle
FN:43,removeTinyMce
FN:47,serializeByKey
FN:49,(anonymous_6)
FN:53,update
FN:60,createPermalink
FN:71,sanitizeString
FN:75,sendToSlack
FN:83,slackData
FN:95,replaceAtMentionsWithLinks
FN:97,(anonymous_13)
FN:106,should_replace_link
FN:110,mentionsRegex
FN:114,pushAtMentionsToSlack
FN:118,(anonymous_17)
FNF:17
FNH:1
FNDA:32,_interopRequireDefault
FNDA:0,initTinyMceContent
FNDA:0,initTinyMceTitle
FNDA:0,removeTinyMce
FNDA:0,serializeByKey
FNDA:0,(anonymous_6)
FNDA:0,update
FNDA:0,createPermalink
FNDA:0,sanitizeString
FNDA:0,sendToSlack
FNDA:0,slackData
FNDA:0,replaceAtMentionsWithLinks
FNDA:0,(anonymous_13)
FNDA:0,should_replace_link
FNDA:0,mentionsRegex
FNDA:0,pushAtMentionsToSlack
FNDA:0,(anonymous_17)
DA:1,16
DA:2,16
DA:3,32
DA:5,16
DA:7,0
DA:33,0
DA:44,0
DA:48,0
DA:49,1
DA:50,0
DA:54,0
DA:55,0
DA:56,0
DA:57,0
DA:61,0
DA:62,0
DA:63,0
DA:64,0
DA:65,0
DA:67,0
DA:68,0
DA:72,0
DA:76,0
DA:77,0
DA:78,0
DA:79,0
DA:80,0
DA:84,0
DA:85,0
DA:86,0
DA:87,0
DA:88,0
DA:89,0
DA:90,0
DA:96,0
DA:97,0
DA:98,0
DA:99,0
DA:100,0
DA:101,0
DA:102,0
DA:107,0
DA:111,0
DA:116,0
DA:117,0
DA:118,0
DA:119,0
DA:120,0
DA:121,0
DA:122,16
LF:50
LH:6
BRDA:3,1,0,0
BRDA:3,1,1,32
BRDA:3,2,0,32
BRDA:3,2,1,32
BRDA:49,3,0,0
BRDA:49,3,1,0
BRDA:54,4,0,0
BRDA:54,4,1,0
BRDA:56,5,0,0
BRDA:56,5,1,0
BRDA:64,6,0,0
BRDA:64,6,1,0
BRDA:84,7,0,0
BRDA:84,7,1,0
BRDA:86,8,0,0
BRDA:86,8,1,0
BRDA:100,9,0,0
BRDA:100,9,1,0
BRDA:107,10,0,0
BRDA:107,10,1,0
BRDA:107,10,2,0
BRDA:107,11,0,0
BRDA:107,11,1,0
BRDA:107,12,0,0
BRDA:107,12,1,0
BRDA:117,13,0,0
BRDA:117,13,1,0
BRDA:119,14,0,0
BRDA:119,14,1,0
BRF:29
BRH:5
end_of_record
TN:
SF:/Users/abiodun/projects/andela_projects/Zhishi-Frontend/app/js/config/environment.js
FNF:0
FNH:0
DA:1,2
LF:1
LH:1
BRF:0
BRH:0
end_of_record
TN:
SF:/Users/abiodun/projects/andela_projects/Zhishi-Frontend/app/js/stores/QuestionStore.js
FN:6,_interopRequireDefault
FN:13,loadQuestions
FN:19,loadTopQuestions
FN:25,edit
FN:29,update
FN:34,updateVotesCount
FN:38,createPageMapping
FN:40,(anonymous_8)
FN:45,retrieveQuestions
FN:47,(anonymous_10)
FN:51,destroy
FN:58,getQuestion
FN:62,getQuestions
FN:67,getTopQuestions
FN:71,getPageMapping
FN:76,getCurrentPage
FN:80,shouldFetchQuestions
FN:84,emitChange
FN:88,addChangeListener
FN:92,removeChangeListener
FN:98,(anonymous_21)
FNF:21
FNH:2
FNDA:10,_interopRequireDefault
FNDA:0,loadQuestions
FNDA:0,loadTopQuestions
FNDA:0,edit
FNDA:0,update
FNDA:0,updateVotesCount
FNDA:0,createPageMapping
FNDA:0,(anonymous_8)
FNDA:0,retrieveQuestions
FNDA:0,(anonymous_10)
FNDA:0,destroy
FNDA:0,getQuestion
FNDA:0,getQuestions
FNDA:0,getTopQuestions
FNDA:0,getPageMapping
FNDA:0,getCurrentPage
FNDA:0,shouldFetchQuestions
FNDA:0,emitChange
FNDA:6,addChangeListener
FNDA:0,removeChangeListener
FNDA:0,(anonymous_21)
DA:5,5
DA:6,10
DA:8,5
DA:10,5
DA:13,5
DA:14,0
DA:15,0
DA:19,5
DA:20,0
DA:21,0
DA:25,5
DA:26,0
DA:29,5
DA:30,0
DA:31,0
DA:34,5
DA:35,0
DA:38,5
DA:39,0
DA:40,1
DA:41,0
DA:42,0
DA:45,5
DA:46,0
DA:47,1
DA:48,0
DA:51,5
DA:52,0
DA:56,5
DA:59,0
DA:63,0
DA:64,0
DA:68,0
DA:72,0
DA:73,0
DA:77,0
DA:81,0
DA:85,0
DA:89,6
DA:93,0
DA:98,5
DA:99,0
DA:101,0
DA:104,0
DA:105,0
DA:106,0
DA:108,0
DA:110,0
DA:111,0
DA:114,0
DA:115,0
DA:116,0
DA:119,0
DA:120,0
DA:121,0
DA:123,0
DA:126,0
DA:127,0
DA:128,0
DA:129,0
DA:131,0
DA:134,0
DA:135,0
DA:136,0
DA:138,0
DA:145,5
LF:66
LH:18
BRDA:6,1,0,10
BRDA:6,1,1,0
BRDA:6,2,0,10
BRDA:6,2,1,10
BRDA:14,3,0,0
BRDA:14,3,1,0
BRDA:14,4,0,0
BRDA:14,4,1,0
BRDA:20,5,0,0
BRDA:20,5,1,0
BRDA:63,6,0,0
BRDA:63,6,1,0
BRDA:101,7,0,0
BRDA:101,7,1,0
BRDA:101,7,2,0
BRDA:101,7,3,0
BRDA:101,7,4,0
BRDA:101,7,5,0
BRDA:104,8,0,0
BRDA:104,8,1,0
BRDA:119,9,0,0
BRDA:119,9,1,0
BRDA:126,10,0,0
BRDA:126,10,1,0
BRDA:127,11,0,0
BRDA:127,11,1,0
BRDA:134,12,0,0
BRDA:134,12,1,0
BRDA:134,13,0,0
BRDA:134,13,1,0
BRF:30
BRH:3
end_of_record
TN:
SF:/Users/abiodun/projects/andela_projects/Zhishi-Frontend/app/js/stores/AnswerStore.js
FN:6,_interopRequireDefault
FN:13,loadAnswers
FN:18,edit
FN:22,update
FN:26,update_votes_count
FN:30,destroy
FN:36,getAnswer
FN:40,getAnswers
FN:44,getTopAnswers
FN:48,emitChange
FN:52,addChangeListener
FN:56,removeChangeListener
FN:62,(anonymous_13)
FNF:13
FNH:3
FNDA:10,_interopRequireDefault
FNDA:0,loadAnswers
FNDA:0,edit
FNDA:0,update
FNDA:0,update_votes_count
FNDA:0,destroy
FNDA:0,getAnswer
FNDA:1,getAnswers
FNDA:0,getTopAnswers
FNDA:0,emitChange
FNDA:6,addChangeListener
FNDA:0,removeChangeListener
FNDA:0,(anonymous_13)
DA:1,5
DA:5,5
DA:6,10
DA:9,5
DA:11,5
DA:13,5
DA:14,0
DA:15,0
DA:18,5
DA:19,0
DA:22,5
DA:23,0
DA:26,5
DA:27,0
DA:30,5
DA:31,0
DA:34,5
DA:37,0
DA:41,1
DA:45,0
DA:49,0
DA:53,6
DA:57,0
DA:62,5
DA:63,0
DA:65,0
DA:68,0
DA:69,0
DA:70,0
DA:72,0
DA:75,0
DA:76,0
DA:77,0
DA:79,0
DA:88,0
DA:89,0
DA:90,0
DA:92,0
DA:95,0
DA:96,0
DA:97,0
DA:99,0
DA:102,0
DA:103,0
DA:104,0
DA:106,0
DA:110,5
LF:47
LH:15
BRDA:6,1,0,5
BRDA:6,1,1,5
BRDA:6,2,0,10
BRDA:6,2,1,10
BRDA:65,3,0,0
BRDA:65,3,1,0
BRDA:65,3,2,0
BRDA:65,3,3,0
BRDA:65,3,4,0
BRDA:65,3,5,0
BRDA:68,4,0,0
BRDA:68,4,1,0
BRDA:75,5,0,0
BRDA:75,5,1,0
BRDA:88,6,0,0
BRDA:88,6,1,0
BRDA:95,7,0,0
BRDA:95,7,1,0
BRDA:102,8,0,0
BRDA:102,8,1,0
BRF:20
BRH:4
end_of_record
TN:
SF:/Users/abiodun/projects/andela_projects/Zhishi-Frontend/app/js/dispatcher/AppDispatcher.js
FNF:0
FNH:0
DA:14,2
DA:16,2
LF:2
LH:2
BRF:0
BRH:0
end_of_record
TN:
SF:/Users/abiodun/projects/andela_projects/Zhishi-Frontend/app/js/constants/ZhishiConstants.js
FNF:0
FNH:0
DA:1,2
DA:3,2
LF:2
LH:2
BRF:0
BRH:0
end_of_record
TN:
SF:/Users/abiodun/projects/andela_projects/Zhishi-Frontend/app/js/utils/webAPI.js
FN:1,_interopRequireDefault
FN:9,processRequest
FN:36,(anonymous_3)
FN:41,(anonymous_4)
FN:44,(anonymous_5)
FN:48,(anonymous_6)
FNF:6
FNH:1
FNDA:6,_interopRequireDefault
FNDA:0,processRequest
FNDA:0,(anonymous_3)
FNDA:0,(anonymous_4)
FNDA:0,(anonymous_5)
FNDA:0,(anonymous_6)
DA:1,6
DA:3,6
DA:4,6
DA:6,6
DA:8,6
DA:11,0
DA:12,0
DA:13,0
DA:14,0
DA:15,0
DA:16,0
DA:17,0
DA:19,0
DA:23,0
DA:24,0
DA:25,0
DA:28,0
DA:30,0
DA:37,0
DA:38,0
DA:42,0
DA:45,0
DA:46,0
DA:49,0
DA:50,0
DA:56,6
LF:26
LH:6
BRDA:1,1,0,0
BRDA:1,1,1,6
BRDA:1,2,0,6
BRDA:1,2,1,6
BRDA:15,3,0,0
BRDA:15,3,1,0
BRDA:24,4,0,0
BRDA:24,4,1,0
BRDA:25,5,0,0
BRDA:25,5,1,0
BRDA:28,6,0,0
BRDA:28,6,1,0
BRDA:37,7,0,0
BRDA:37,7,1,0
BRDA:49,8,0,0
BRDA:49,8,1,0
BRF:16
BRH:3
end_of_record
TN:
SF:/Users/abiodun/projects/andela_projects/Zhishi-Frontend/app/js/stores/AuthStore.js
FN:1,_interopRequireDefault
FN:12,setShownForm
FN:16,setCurrentUser
FN:23,userToken
FN:27,setErrorMessage
FN:31,setUserLoginStatus
FN:35,update
FN:39,updateAll
FN:45,logoutUser
FN:51,get_cookie_meta
FN:59,getShownForm
FN:62,getCurrentUser
FN:65,getCurrentUserToken
FN:68,getErrorMessage
FN:74,userLoggedIn
FN:78,emitChange
FN:82,addChangeListener
FN:86,removeChangeListener
FN:91,(anonymous_19)
FNF:19
FNH:1
FNDA:6,_interopRequireDefault
FNDA:0,setShownForm
FNDA:0,setCurrentUser
FNDA:0,userToken
FNDA:0,setErrorMessage
FNDA:0,setUserLoginStatus
FNDA:0,update
FNDA:0,updateAll
FNDA:0,logoutUser
FNDA:0,get_cookie_meta
FNDA:0,getShownForm
FNDA:0,getCurrentUser
FNDA:0,getCurrentUserToken
FNDA:0,getErrorMessage
FNDA:0,userLoggedIn
FNDA:0,emitChange
FNDA:0,addChangeListener
FNDA:0,removeChangeListener
FNDA:0,(anonymous_19)
DA:1,6
DA:2,6
DA:3,6
DA:4,6
DA:5,6
DA:7,6
DA:9,6
DA:12,2
DA:13,0
DA:16,2
DA:17,0
DA:18,0
DA:19,0
DA:23,2
DA:24,0
DA:27,2
DA:28,0
DA:31,2
DA:32,0
DA:35,2
DA:36,0
DA:39,2
DA:40,0
DA:41,0
DA:45,2
DA:46,0
DA:47,0
DA:51,2
DA:52,0
DA:53,0
DA:54,0
DA:57,6
DA:60,0
DA:63,0
DA:66,0
DA:69,0
DA:70,0
DA:71,0
DA:75,0
DA:79,0
DA:83,0
DA:87,0
DA:91,6
DA:92,0
DA:95,0
DA:96,0
DA:97,0
DA:100,0
DA:101,0
DA:103,0
DA:106,0
DA:107,0
DA:108,0
DA:111,0
DA:112,0
DA:119,6
LF:56
LH:19
BRDA:1,1,0,0
BRDA:1,1,1,6
BRDA:1,2,0,6
BRDA:1,2,1,6
BRDA:18,3,0,0
BRDA:18,3,1,0
BRDA:19,4,0,0
BRDA:19,4,1,0
BRDA:24,5,0,0
BRDA:24,5,1,0
BRDA:63,6,0,0
BRDA:63,6,1,0
BRDA:92,7,0,0
BRDA:92,7,1,0
BRDA:92,7,2,0
BRDA:92,7,3,0
BRDA:92,7,4,0
BRDA:100,8,0,0
BRDA:100,8,1,0
BRDA:100,9,0,0
BRDA:100,9,1,0
BRF:21
BRH:3
end_of_record
TN:
SF:/Users/abiodun/projects/andela_projects/Zhishi-Frontend/app/js/config/CookieVariables.js
FNF:0
FNH:0
DA:3,2
LF:1
LH:1
BRF:0
BRH:0
end_of_record
TN:
SF:/Users/abiodun/projects/andela_projects/Zhishi-Frontend/app/js/components/layouts/Votes.react.js
FN:1,(anonymous_1)
FN:1,defineProperties
FN:1,(anonymous_3)
FN:3,_interopRequireDefault
FN:3,_classCallCheck
FN:3,_possibleConstructorReturn
FN:3,_inherits
FN:6,(anonymous_8)
FN:7,Votes
FN:8,vote
FN:14,(anonymous_11)
FN:16,render
FNF:12
FNH:6
FNDA:3,(anonymous_1)
FNDA:3,defineProperties
FNDA:3,(anonymous_3)
FNDA:9,_interopRequireDefault
FNDA:0,_classCallCheck
FNDA:0,_possibleConstructorReturn
FNDA:3,_inherits
FNDA:3,(anonymous_8)
FNDA:0,Votes
FNDA:0,vote
FNDA:0,(anonymous_11)
FNDA:0,render
DA:1,6
DA:2,3
DA:3,9
DA:6,3
DA:7,2
DA:8,3
DA:12,0
DA:13,0
DA:14,0
DA:15,0
DA:16,0
DA:21,0
DA:25,3
LF:13
LH:7
BRDA:1,1,0,6
BRDA:1,1,1,6
BRDA:1,2,0,6
BRDA:1,2,1,0
BRDA:1,3,0,3
BRDA:1,3,1,0
BRDA:1,4,0,0
BRDA:1,4,1,3
BRDA:3,5,0,3
BRDA:3,5,1,6
BRDA:3,6,0,9
BRDA:3,6,1,9
BRDA:3,7,0,0
BRDA:3,7,1,0
BRDA:3,8,0,0
BRDA:3,8,1,0
BRDA:3,9,0,0
BRDA:3,9,1,0
BRDA:3,10,0,0
BRDA:3,10,1,0
BRDA:3,10,2,0
BRDA:3,11,0,0
BRDA:3,11,1,3
BRDA:3,12,0,3
BRDA:3,12,1,0
BRDA:3,13,0,3
BRDA:3,13,1,3
BRDA:3,14,0,3
BRDA:3,14,1,0
BRDA:3,15,0,3
BRDA:3,15,1,0
BRDA:24,16,0,0
BRDA:24,16,1,0
BRF:33
BRH:15
end_of_record
TN:
SF:/Users/abiodun/projects/andela_projects/Zhishi-Frontend/app/js/actions/VoteActions.js
FN:9,updateVotes
FNF:1
FNH:0
FNDA:0,updateVotes
DA:1,2
DA:3,2
DA:4,2
DA:6,2
DA:10,0
DA:12,2
LF:6
LH:5
BRF:0
BRH:0
end_of_record
TN:
SF:/Users/abiodun/projects/andela_projects/Zhishi-Frontend/app/js/components/comments/Index.react.js
FN:1,(anonymous_1)
FN:1,defineProperties
FN:1,(anonymous_3)
FN:7,_interopRequireDefault
FN:7,_classCallCheck
FN:7,_possibleConstructorReturn
FN:7,_inherits
FN:10,getCommentsState
FN:24,(anonymous_9)
FN:25,AllComments
FN:27,componentDidMount
FN:31,componentWillUnmount
FN:34,_onChange
FN:37,render
FNF:14
FNH:6
FNDA:3,(anonymous_1)
FNDA:3,defineProperties
FNDA:3,(anonymous_3)
FNDA:21,_interopRequireDefault
FNDA:0,_classCallCheck
FNDA:0,_possibleConstructorReturn
FNDA:3,_inherits
FNDA:0,getCommentsState
FNDA:3,(anonymous_9)
FNDA:0,AllComments
FNDA:0,componentDidMount
FNDA:0,componentWillUnmount
FNDA:0,_onChange
FNDA:0,render
DA:1,12
DA:2,3
DA:3,3
DA:4,3
DA:5,3
DA:6,3
DA:7,21
DA:10,2
DA:11,0
DA:12,0
DA:13,0
DA:15,0
DA:20,3
DA:24,3
DA:25,2
DA:27,3
DA:31,0
DA:34,0
DA:37,0
DA:41,0
DA:42,0
DA:43,0
DA:44,0
DA:45,0
DA:46,0
DA:52,0
DA:57,3
DA:62,3
LF:28
LH:14
BRDA:1,1,0,12
BRDA:1,1,1,12
BRDA:1,2,0,12
BRDA:1,2,1,0
BRDA:1,3,0,3
BRDA:1,3,1,0
BRDA:1,4,0,0
BRDA:1,4,1,3
BRDA:7,5,0,15
BRDA:7,5,1,6
BRDA:7,6,0,21
BRDA:7,6,1,21
BRDA:7,7,0,0
BRDA:7,7,1,0
BRDA:7,8,0,0
BRDA:7,8,1,0
BRDA:7,9,0,0
BRDA:7,9,1,0
BRDA:7,10,0,0
BRDA:7,10,1,0
BRDA:7,10,2,0
BRDA:7,11,0,0
BRDA:7,11,1,3
BRDA:7,12,0,3
BRDA:7,12,1,0
BRDA:7,13,0,3
BRDA:7,13,1,3
BRDA:7,14,0,3
BRDA:7,14,1,0
BRDA:7,15,0,3
BRDA:7,15,1,0
BRDA:12,16,0,0
BRDA:12,16,1,0
BRDA:15,17,0,0
BRDA:15,17,1,0
BRDA:43,18,0,0
BRDA:43,18,1,0
BRF:37
BRH:18
end_of_record
TN:
SF:/Users/abiodun/projects/andela_projects/Zhishi-Frontend/app/js/components/comments/Show.react.js
FN:1,(anonymous_1)
FN:1,defineProperties
FN:1,(anonymous_3)
FN:8,_interopRequireDefault
FN:8,_classCallCheck
FN:8,_possibleConstructorReturn
FN:8,_inherits
FN:10,(anonymous_8)
FN:11,AllComments
FN:12,componentDidMount
FN:16,editComment
FN:24,saveCommentEdit
FN:30,resourceData
FN:35,render
FNF:14
FNH:6
FNDA:2,(anonymous_1)
FNDA:2,defineProperties
FNDA:2,(anonymous_3)
FNDA:16,_interopRequireDefault
FNDA:0,_classCallCheck
FNDA:0,_possibleConstructorReturn
FNDA:2,_inherits
FNDA:2,(anonymous_8)
FNDA:0,AllComments
FNDA:0,componentDidMount
FNDA:0,editComment
FNDA:0,saveCommentEdit
FNDA:0,resourceData
FNDA:0,render
DA:1,10
DA:2,2
DA:3,2
DA:4,2
DA:5,2
DA:6,2
DA:7,2
DA:8,16
DA:10,2
DA:11,2
DA:12,2
DA:16,0
DA:20,0
DA:21,0
DA:22,0
DA:23,0
DA:24,0
DA:28,0
DA:29,0
DA:30,0
DA:34,0
DA:35,0
DA:39,0
DA:40,0
DA:41,0
DA:42,0
DA:43,0
DA:44,0
DA:45,0
DA:46,0
DA:47,0
DA:48,0
DA:49,1
DA:51,1
DA:53,0
DA:70,2
LF:36
LH:14
BRDA:1,1,0,10
BRDA:1,1,1,10
BRDA:1,2,0,10
BRDA:1,2,1,0
BRDA:1,3,0,2
BRDA:1,3,1,0
BRDA:1,4,0,0
BRDA:1,4,1,2
BRDA:8,5,0,10
BRDA:8,5,1,6
BRDA:8,6,0,16
BRDA:8,6,1,16
BRDA:8,7,0,0
BRDA:8,7,1,0
BRDA:8,8,0,0
BRDA:8,8,1,0
BRDA:8,9,0,0
BRDA:8,9,1,0
BRDA:8,10,0,0
BRDA:8,10,1,0
BRDA:8,10,2,0
BRDA:8,11,0,0
BRDA:8,11,1,2
BRDA:8,12,0,2
BRDA:8,12,1,0
BRDA:8,13,0,2
BRDA:8,13,1,2
BRDA:8,14,0,2
BRDA:8,14,1,0
BRDA:8,15,0,2
BRDA:8,15,1,0
BRDA:22,16,0,0
BRDA:22,16,1,0
BRDA:39,17,0,0
BRDA:39,17,1,0
BRDA:40,18,0,0
BRDA:40,18,1,0
BRDA:41,19,0,0
BRDA:41,19,1,0
BRDA:47,20,0,0
BRDA:47,20,1,0
BRDA:51,21,0,0
BRDA:51,21,1,0
BRDA:59,22,0,0
BRDA:59,22,1,0
BRF:45
BRH:19
end_of_record
TN:
SF:/Users/abiodun/projects/andela_projects/Zhishi-Frontend/app/js/actions/CommentActions.js
FN:7,_interopRequireDefault
FN:11,newComment
FN:18,createComment
FN:23,receiveTopComments
FN:30,receiveComments
FN:37,receiveComment
FN:44,editComment
FN:51,updateVote
FN:59,sendCommentsToSlack
FNF:9
FNH:1
FNDA:6,_interopRequireDefault
FNDA:0,newComment
FNDA:0,createComment
FNDA:0,receiveTopComments
FNDA:0,receiveComments
FNDA:0,receiveComment
FNDA:0,editComment
FNDA:0,updateVote
FNDA:0,sendCommentsToSlack
DA:1,2
DA:5,2
DA:6,2
DA:7,6
DA:9,2
DA:12,0
DA:19,0
DA:20,0
DA:24,0
DA:31,0
DA:38,0
DA:45,0
DA:52,0
DA:60,0
DA:61,0
DA:62,0
DA:63,0
DA:64,0
DA:65,0
DA:66,0
DA:67,2
LF:21
LH:6
BRDA:7,1,0,4
BRDA:7,1,1,2
BRDA:7,2,0,6
BRDA:7,2,1,6
BRDA:61,3,0,0
BRDA:61,3,1,0
BRDA:61,4,0,0
BRDA:61,4,1,0
BRDA:64,5,0,0
BRDA:64,5,1,0
BRF:10
BRH:4
end_of_record
TN:
SF:/Users/abiodun/projects/andela_projects/Zhishi-Frontend/app/js/components/layouts/CommentVotes.react.js
FN:1,(anonymous_1)
FN:1,defineProperties
FN:1,(anonymous_3)
FN:3,_interopRequireDefault
FN:3,_classCallCheck
FN:3,_possibleConstructorReturn
FN:3,_inherits
FN:6,(anonymous_8)
FN:7,CommentVotes
FN:8,vote
FN:14,(anonymous_11)
FN:16,render
FNF:12
FNH:6
FNDA:2,(anonymous_1)
FNDA:2,defineProperties
FNDA:2,(anonymous_3)
FNDA:6,_interopRequireDefault
FNDA:0,_classCallCheck
FNDA:0,_possibleConstructorReturn
FNDA:2,_inherits
FNDA:2,(anonymous_8)
FNDA:0,CommentVotes
FNDA:0,vote
FNDA:0,(anonymous_11)
FNDA:0,render
DA:1,4
DA:2,2
DA:3,6
DA:6,2
DA:7,2
DA:8,2
DA:12,0
DA:13,0
DA:14,0
DA:15,0
DA:16,0
DA:21,0
DA:22,0
DA:26,2
LF:14
LH:7
BRDA:1,1,0,4
BRDA:1,1,1,4
BRDA:1,2,0,4
BRDA:1,2,1,0
BRDA:1,3,0,2
BRDA:1,3,1,0
BRDA:1,4,0,0
BRDA:1,4,1,2
BRDA:3,5,0,2
BRDA:3,5,1,4
BRDA:3,6,0,6
BRDA:3,6,1,6
BRDA:3,7,0,0
BRDA:3,7,1,0
BRDA:3,8,0,0
BRDA:3,8,1,0
BRDA:3,9,0,0
BRDA:3,9,1,0
BRDA:3,10,0,0
BRDA:3,10,1,0
BRDA:3,10,2,0
BRDA:3,11,0,0
BRDA:3,11,1,2
BRDA:3,12,0,2
BRDA:3,12,1,0
BRDA:3,13,0,2
BRDA:3,13,1,2
BRDA:3,14,0,2
BRDA:3,14,1,0
BRDA:3,15,0,2
BRDA:3,15,1,0
BRDA:21,16,0,0
BRDA:21,16,1,0
BRF:33
BRH:15
end_of_record
TN:
SF:/Users/abiodun/projects/andela_projects/Zhishi-Frontend/app/js/components/comments/Form.react.js
FN:1,(anonymous_1)
FN:1,defineProperties
FN:1,(anonymous_3)
FN:3,_interopRequireDefault
FN:3,_classCallCheck
FN:3,_possibleConstructorReturn
FN:3,_inherits
FN:5,(anonymous_8)
FN:6,NewCommentForm
FN:7,submitComment
FN:25,(anonymous_11)
FN:29,render
FNF:12
FNH:6
FNDA:2,(anonymous_1)
FNDA:2,defineProperties
FNDA:2,(anonymous_3)
FNDA:6,_interopRequireDefault
FNDA:0,_classCallCheck
FNDA:0,_possibleConstructorReturn
FNDA:2,_inherits
FNDA:2,(anonymous_8)
FNDA:0,NewCommentForm
FNDA:0,submitComment
FNDA:0,(anonymous_11)
FNDA:0,render
DA:1,4
DA:2,2
DA:3,6
DA:5,2
DA:6,2
DA:7,2
DA:11,0
DA:12,0
DA:13,0
DA:14,0
DA:15,0
DA:16,0
DA:17,0
DA:18,0
DA:19,0
DA:21,0
DA:22,0
DA:23,0
DA:25,0
DA:26,0
DA:33,0
DA:34,0
DA:39,2
LF:23
LH:7
BRDA:1,1,0,4
BRDA:1,1,1,4
BRDA:1,2,0,4
BRDA:1,2,1,0
BRDA:1,3,0,2
BRDA:1,3,1,0
BRDA:1,4,0,0
BRDA:1,4,1,2
BRDA:3,5,0,2
BRDA:3,5,1,4
BRDA:3,6,0,6
BRDA:3,6,1,6
BRDA:3,7,0,0
BRDA:3,7,1,0
BRDA:3,8,0,0
BRDA:3,8,1,0
BRDA:3,9,0,0
BRDA:3,9,1,0
BRDA:3,10,0,0
BRDA:3,10,1,0
BRDA:3,10,2,0
BRDA:3,11,0,0
BRDA:3,11,1,2
BRDA:3,12,0,2
BRDA:3,12,1,0
BRDA:3,13,0,2
BRDA:3,13,1,2
BRDA:3,14,0,2
BRDA:3,14,1,0
BRDA:3,15,0,2
BRDA:3,15,1,0
BRDA:16,16,0,0
BRDA:16,16,1,0
BRDA:33,17,0,0
BRDA:33,17,1,0
BRF:35
BRH:15
end_of_record
TN:
SF:/Users/abiodun/projects/andela_projects/Zhishi-Frontend/app/js/components/layouts/ShareButton.react.js
FN:1,(anonymous_1)
FN:1,defineProperties
FN:1,(anonymous_3)
FN:1,_interopRequireDefault
FN:1,_classCallCheck
FN:1,_possibleConstructorReturn
FN:1,_inherits
FN:3,(anonymous_8)
FN:4,SharePopup
FN:5,componentDidMount
FN:12,(anonymous_11)
FN:13,render
FNF:12
FNH:6
FNDA:4,(anonymous_1)
FNDA:4,defineProperties
FNDA:4,(anonymous_3)
FNDA:4,_interopRequireDefault
FNDA:0,_classCallCheck
FNDA:0,_possibleConstructorReturn
FNDA:4,_inherits
FNDA:4,(anonymous_8)
FNDA:0,SharePopup
FNDA:0,componentDidMount
FNDA:0,(anonymous_11)
FNDA:0,render
DA:1,8
DA:3,4
DA:4,2
DA:5,4
DA:10,0
DA:11,0
DA:12,0
DA:13,0
DA:18,0
DA:19,0
DA:20,0
DA:21,0
DA:22,0
DA:23,0
DA:24,4
LF:15
LH:5
BRDA:1,1,0,8
BRDA:1,1,1,8
BRDA:1,2,0,8
BRDA:1,2,1,0
BRDA:1,3,0,4
BRDA:1,3,1,0
BRDA:1,4,0,0
BRDA:1,4,1,4
BRDA:1,5,0,0
BRDA:1,5,1,4
BRDA:1,6,0,4
BRDA:1,6,1,4
BRDA:1,7,0,0
BRDA:1,7,1,0
BRDA:1,8,0,0
BRDA:1,8,1,0
BRDA:1,9,0,0
BRDA:1,9,1,0
BRDA:1,10,0,0
BRDA:1,10,1,0
BRDA:1,10,2,0
BRDA:1,11,0,0
BRDA:1,11,1,4
BRDA:1,12,0,4
BRDA:1,12,1,0
BRDA:1,13,0,4
BRDA:1,13,1,4
BRDA:1,14,0,4
BRDA:1,14,1,0
BRDA:1,15,0,4
BRDA:1,15,1,0
BRF:31
BRH:14
end_of_record
TN:
SF:/Users/abiodun/projects/andela_projects/Zhishi-Frontend/app/js/components/comments/New.react.js
FN:1,(anonymous_1)
FN:1,defineProperties
FN:1,(anonymous_3)
FN:5,_interopRequireDefault
FN:5,_classCallCheck
FN:5,_possibleConstructorReturn
FN:5,_inherits
FN:7,getFormState
FN:14,(anonymous_9)
FN:15,NewQuestionForm
FN:17,componentDidMount
FN:21,componentWillUnmount
FN:25,_onChange
FN:29,showNewForm
FN:36,render
FNF:15
FNH:6
FNDA:2,(anonymous_1)
FNDA:2,defineProperties
FNDA:2,(anonymous_3)
FNDA:10,_interopRequireDefault
FNDA:0,_classCallCheck
FNDA:0,_possibleConstructorReturn
FNDA:2,_inherits
FNDA:0,getFormState
FNDA:2,(anonymous_9)
FNDA:0,NewQuestionForm
FNDA:0,componentDidMount
FNDA:0,componentWillUnmount
FNDA:0,_onChange
FNDA:0,showNewForm
FNDA:0,render
DA:1,10
DA:2,2
DA:3,2
DA:4,2
DA:5,10
DA:7,2
DA:8,0
DA:9,2
DA:14,2
DA:15,2
DA:17,2
DA:21,0
DA:25,0
DA:29,0
DA:33,0
DA:34,0
DA:41,0
DA:42,1
DA:44,2
LF:19
LH:12
BRDA:1,1,0,10
BRDA:1,1,1,10
BRDA:1,2,0,10
BRDA:1,2,1,0
BRDA:1,3,0,2
BRDA:1,3,1,0
BRDA:1,4,0,0
BRDA:1,4,1,2
BRDA:5,5,0,8
BRDA:5,5,1,2
BRDA:5,6,0,10
BRDA:5,6,1,10
BRDA:5,7,0,0
BRDA:5,7,1,0
BRDA:5,8,0,0
BRDA:5,8,1,0
BRDA:5,9,0,0
BRDA:5,9,1,0
BRDA:5,10,0,0
BRDA:5,10,1,0
BRDA:5,10,2,0
BRDA:5,11,0,0
BRDA:5,11,1,2
BRDA:5,12,0,2
BRDA:5,12,1,0
BRDA:5,13,0,2
BRDA:5,13,1,2
BRDA:5,14,0,2
BRDA:5,14,1,0
BRDA:5,15,0,2
BRDA:5,15,1,0
BRDA:41,16,0,0
BRDA:41,16,1,0
BRF:33
BRH:15
end_of_record
TN:
SF:/Users/abiodun/projects/andela_projects/Zhishi-Frontend/app/js/stores/CommentStore.js
FN:6,_interopRequireDefault
FN:13,loadComments
FN:18,loadAnswersComments
FN:19,(anonymous_4)
FN:22,_new
FN:27,create
FN:31,edit
FN:35,update
FN:41,update_votes_count
FN:45,destroy
FN:49,get_meta
FN:56,getComment
FN:60,getComments
FN:64,getNewCommentFormStatus
FN:68,getTopComments
FN:72,emitChange
FN:76,addChangeListener
FN:80,removeChangeListener
FN:86,(anonymous_19)
FNF:19
FNH:1
FNDA:4,_interopRequireDefault
FNDA:0,loadComments
FNDA:0,loadAnswersComments
FNDA:0,(anonymous_4)
FNDA:0,_new
FNDA:0,create
FNDA:0,edit
FNDA:0,update
FNDA:0,update_votes_count
FNDA:0,destroy
FNDA:0,get_meta
FNDA:0,getComment
FNDA:0,getComments
FNDA:0,getNewCommentFormStatus
FNDA:0,getTopComments
FNDA:0,emitChange
FNDA:0,addChangeListener
FNDA:0,removeChangeListener
FNDA:0,(anonymous_19)
DA:1,2
DA:5,2
DA:6,4
DA:9,2
DA:11,2
DA:13,2
DA:14,0
DA:15,0
DA:18,2
DA:19,1
DA:22,2
DA:23,0
DA:24,0
DA:27,2
DA:28,0
DA:31,2
DA:32,0
DA:35,2
DA:36,0
DA:37,0
DA:38,0
DA:41,2
DA:42,0
DA:45,2
DA:46,0
DA:49,2
DA:50,0
DA:54,2
DA:57,0
DA:61,0
DA:65,0
DA:69,0
DA:73,0
DA:77,0
DA:81,0
DA:86,2
DA:87,0
DA:89,0
DA:92,0
DA:93,0
DA:94,0
DA:95,0
DA:97,0
DA:100,0
DA:101,0
DA:102,0
DA:104,0
DA:114,0
DA:115,0
DA:116,0
DA:118,0
DA:121,0
DA:122,0
DA:123,0
DA:125,0
DA:129,0
DA:130,0
DA:132,0
DA:133,0
DA:136,0
DA:137,0
DA:139,0
DA:140,0
DA:143,0
DA:144,0
DA:145,0
DA:147,0
DA:151,2
LF:68
LH:18
BRDA:6,1,0,2
BRDA:6,1,1,2
BRDA:6,2,0,4
BRDA:6,2,1,4
BRDA:57,3,0,0
BRDA:57,3,1,0
BRDA:61,4,0,0
BRDA:61,4,1,0
BRDA:65,5,0,0
BRDA:65,5,1,0
BRDA:65,6,0,0
BRDA:65,6,1,0
BRDA:89,7,0,0
BRDA:89,7,1,0
BRDA:89,7,2,0
BRDA:89,7,3,0
BRDA:89,7,4,0
BRDA:89,7,5,0
BRDA:89,7,6,0
BRDA:89,7,7,0
BRDA:92,8,0,0
BRDA:92,8,1,0
BRDA:92,9,0,0
BRDA:92,9,1,0
BRDA:100,10,0,0
BRDA:100,10,1,0
BRDA:100,11,0,0
BRDA:100,11,1,0
BRDA:114,12,0,0
BRDA:114,12,1,0
BRDA:121,13,0,0
BRDA:121,13,1,0
BRDA:129,14,0,0
BRDA:129,14,1,0
BRDA:129,15,0,0
BRDA:129,15,1,0
BRDA:136,16,0,0
BRDA:136,16,1,0
BRDA:136,17,0,0
BRDA:136,17,1,0
BRDA:143,18,0,0
BRDA:143,18,1,0
BRF:42
BRH:4
end_of_record
TN:
SF:/Users/abiodun/projects/andela_projects/Zhishi-Frontend/app/js/components/answers/Index.react.js
FN:1,(anonymous_1)
FN:1,defineProperties
FN:1,(anonymous_3)
FN:7,_interopRequireDefault
FN:7,_classCallCheck
FN:7,_possibleConstructorReturn
FN:7,_inherits
FN:9,getAnswersState
FN:22,(anonymous_9)
FN:23,AllAnswers
FN:25,componentDidMount
FN:30,componentWillUnmount
FN:34,_onChange
FN:38,initAnswersComponent
FN:45,render
FNF:15
FNH:15
FNDA:1,(anonymous_1)
FNDA:1,defineProperties
FNDA:1,(anonymous_3)
FNDA:5,_interopRequireDefault
FNDA:6,_classCallCheck
FNDA:6,_possibleConstructorReturn
FNDA:1,_inherits
FNDA:7,getAnswersState
FNDA:1,(anonymous_9)
FNDA:6,AllAnswers
FNDA:6,componentDidMount
FNDA:1,componentWillUnmount
FNDA:1,_onChange
FNDA:1,initAnswersComponent
FNDA:6,render
DA:1,5
DA:2,1
DA:3,1
DA:4,1
DA:7,6
DA:9,1
DA:10,7
DA:12,5
DA:16,2
DA:17,1
DA:22,1
DA:23,6
DA:25,6
DA:29,6
DA:30,6
DA:33,1
DA:34,1
DA:38,1
DA:43,1
DA:45,1
DA:49,6
DA:50,6
DA:51,6
DA:52,6
DA:53,5
DA:59,6
DA:60,6
DA:69,1
DA:76,1
LF:29
LH:29
BRDA:1,1,0,5
BRDA:1,1,1,5
BRDA:1,2,0,5
BRDA:1,2,1,0
BRDA:1,3,0,1
BRDA:1,3,1,0
BRDA:1,4,0,0
BRDA:1,4,1,1
BRDA:7,5,0,3
BRDA:7,5,1,2
BRDA:7,6,0,5
BRDA:7,6,1,5
BRDA:7,7,0,0
BRDA:7,7,1,6
BRDA:7,8,0,0
BRDA:7,8,1,6
BRDA:7,9,0,0
BRDA:7,9,1,6
BRDA:7,10,0,6
BRDA:7,10,1,0
BRDA:7,10,2,0
BRDA:7,11,0,0
BRDA:7,11,1,1
BRDA:7,12,0,1
BRDA:7,12,1,0
BRDA:7,13,0,1
BRDA:7,13,1,1
BRDA:7,14,0,1
BRDA:7,14,1,0
BRDA:7,15,0,1
BRDA:7,15,1,0
BRDA:10,16,0,5
BRDA:10,16,1,2
BRDA:50,17,0,6
BRDA:50,17,1,0
BRDA:59,18,0,1
BRDA:59,18,1,5
BRDA:66,19,0,6
BRDA:66,19,1,3
BRF:39
BRH:26
end_of_record
